#
# There is insufficient memory for the Java Runtime Environment to continue.
# Native memory allocation (mmap) failed to map 65536 bytes for Failed to commit metaspace.
# Possible reasons:
#   The system is out of physical RAM or swap space
#   The process is running with CompressedOops enabled, and the Java Heap may be blocking the growth of the native heap
# Possible solutions:
#   Reduce memory load on the system
#   Increase physical memory or swap space
#   Check if swap backing store is full
#   Decrease Java heap size (-Xmx/-Xms)
#   Decrease number of Java threads
#   Decrease Java thread stack sizes (-Xss)
#   Set larger code cache with -XX:ReservedCodeCacheSize=
#   JVM is running with Zero Based Compressed Oops mode in which the Java heap is
#     placed in the first 32GB address space. The Java Heap base address is the
#     maximum limit for the native heap growth. Please use -XX:HeapBaseMinAddress
#     to set the Java Heap base and to place the Java Heap above 32GB virtual address.
# This output file may be truncated or incomplete.
#
#  Out of Memory Error (virtualSpaceNode.cpp:112), pid=4488, tid=15212
#
# JRE version: Java(TM) SE Runtime Environment (21.0.2+13) (build 21.0.2+13-LTS-58)
# Java VM: Java HotSpot(TM) 64-Bit Server VM (21.0.2+13-LTS-58, mixed mode, emulated-client, sharing, tiered, compressed oops, compressed class ptrs, g1 gc, windows-amd64)
# No core dump will be written. Minidumps are not enabled by default on client versions of Windows
#

---------------  S U M M A R Y ------------

Command Line: -XX:TieredStopAtLevel=1 -Dspring.output.ansi.enabled=always -Dcom.sun.management.jmxremote -Dspring.jmx.enabled=true -Dspring.liveBeansView.mbeanDomain -Dspring.application.admin.enabled=true -Dmanagement.endpoints.jmx.exposure.include=* -javaagent:D:\JetBrains\IntelliJ IDEA 2023.2\lib\idea_rt.jar=53496:D:\JetBrains\IntelliJ IDEA 2023.2\bin -Dfile.encoding=UTF-8 -Dsun.stdout.encoding=UTF-8 -Dsun.stderr.encoding=UTF-8 vn.job.JobBackendApplication

Host: Intel(R) Core(TM) i5-10300H CPU @ 2.50GHz, 8 cores, 15G,  Windows 10 , 64 bit Build 19041 (10.0.19041.3031)
Time: Thu Oct 17 22:17:47 2024 SE Asia Standard Time elapsed time: 0.840567 seconds (0d 0h 0m 0s)

---------------  T H R E A D  ---------------

Current thread (0x000001f0c7f61be0):  JavaThread "restartedMain"        [_thread_in_vm, id=15212, stack(0x0000002f89100000,0x0000002f89200000) (1024K)]

Stack: [0x0000002f89100000,0x0000002f89200000]
Native frames: (J=compiled Java code, j=interpreted, Vv=VM code, C=native code)
V  [jvm.dll+0x6cade9]
V  [jvm.dll+0x8569c1]
V  [jvm.dll+0x858d2e]
V  [jvm.dll+0x859413]
V  [jvm.dll+0x280e56]
V  [jvm.dll+0x8526ee]
V  [jvm.dll+0x66e705]
V  [jvm.dll+0x66e76a]
V  [jvm.dll+0x670f96]
V  [jvm.dll+0x670e62]
V  [jvm.dll+0x66f0de]
V  [jvm.dll+0x3be1bf]
V  [jvm.dll+0x20fbdb]
V  [jvm.dll+0x5ad406]
V  [jvm.dll+0x21f76a]
V  [jvm.dll+0x7cec21]
V  [jvm.dll+0x7cfc85]
V  [jvm.dll+0x7d022f]
V  [jvm.dll+0x7cfed8]
V  [jvm.dll+0x26ed7b]
V  [jvm.dll+0x3d3c0e]
C  0x000001f0f69b8cdf

The last pc belongs to new (printed below).
Java frames: (J=compiled Java code, j=interpreted, Vv=VM code)
j  com.sun.naming.internal.VersionHelper.getResources(Ljava/lang/ClassLoader;Ljava/lang/String;)Ljavax/naming/NamingEnumeration;+32 java.naming@21.0.2
j  com.sun.naming.internal.ResourceManager.getApplicationResources()Ljava/util/Hashtable;+38 java.naming@21.0.2
j  com.sun.naming.internal.ResourceManager.getInitialEnvironment(Ljava/util/Hashtable;)Ljava/util/Hashtable;+113 java.naming@21.0.2
j  javax.naming.InitialContext.init(Ljava/util/Hashtable;)V+2 java.naming@21.0.2
j  javax.naming.InitialContext.<init>()V+21 java.naming@21.0.2
j  org.springframework.jndi.JndiLocatorDelegate.isDefaultJndiEnvironmentAvailable()Z+12
j  org.springframework.web.context.support.StandardServletEnvironment.customizePropertySources(Lorg/springframework/core/env/MutablePropertySources;)V+32
j  org.springframework.core.env.AbstractEnvironment.<init>(Lorg/springframework/core/env/MutablePropertySources;)V+57
j  org.springframework.core.env.AbstractEnvironment.<init>()V+8
j  org.springframework.core.env.StandardEnvironment.<init>()V+1
j  org.springframework.web.context.support.StandardServletEnvironment.<init>()V+1
j  org.springframework.boot.web.servlet.context.ApplicationServletEnvironment.<init>()V+1
j  org.springframework.boot.web.servlet.context.ServletWebServerApplicationContextFactory.createEnvironment(Lorg/springframework/boot/WebApplicationType;)Lorg/springframework/core/env/ConfigurableEnvironment;+15
j  org.springframework.boot.DefaultApplicationContextFactory$$Lambda+0x000001f083119b28.apply(Ljava/lang/Object;Ljava/lang/Object;)Ljava/lang/Object;+8
j  org.springframework.boot.DefaultApplicationContextFactory.getFromSpringFactories(Lorg/springframework/boot/WebApplicationType;Ljava/util/function/BiFunction;Ljava/util/function/Supplier;)Ljava/lang/Object;+45
j  org.springframework.boot.DefaultApplicationContextFactory.createEnvironment(Lorg/springframework/boot/WebApplicationType;)Lorg/springframework/core/env/ConfigurableEnvironment;+8
j  org.springframework.boot.SpringApplication.getOrCreateEnvironment()Lorg/springframework/core/env/ConfigurableEnvironment;+20
j  org.springframework.boot.SpringApplication.prepareEnvironment(Lorg/springframework/boot/SpringApplicationRunListeners;Lorg/springframework/boot/DefaultBootstrapContext;Lorg/springframework/boot/ApplicationArguments;)Lorg/springframework/core/env/ConfigurableEnvironment;+1
j  org.springframework.boot.SpringApplication.run([Ljava/lang/String;)Lorg/springframework/context/ConfigurableApplicationContext;+62
j  org.springframework.boot.SpringApplication.run([Ljava/lang/Class;[Ljava/lang/String;)Lorg/springframework/context/ConfigurableApplicationContext;+9
j  org.springframework.boot.SpringApplication.run(Ljava/lang/Class;[Ljava/lang/String;)Lorg/springframework/context/ConfigurableApplicationContext;+9
j  vn.job.JobBackendApplication.main([Ljava/lang/String;)V+3
j  java.lang.invoke.LambdaForm$DMH+0x000001f083003400.invokeStatic(Ljava/lang/Object;Ljava/lang/Object;)V+10 java.base@21.0.2
j  java.lang.invoke.LambdaForm$MH+0x000001f083111000.invoke(Ljava/lang/Object;Ljava/lang/Object;Ljava/lang/Object;)Ljava/lang/Object;+33 java.base@21.0.2
j  java.lang.invoke.Invokers$Holder.invokeExact_MT(Ljava/lang/Object;Ljava/lang/Object;Ljava/lang/Object;Ljava/lang/Object;)Ljava/lang/Object;+20 java.base@21.0.2
j  jdk.internal.reflect.DirectMethodHandleAccessor.invokeImpl(Ljava/lang/Object;[Ljava/lang/Object;)Ljava/lang/Object;+55 java.base@21.0.2
j  jdk.internal.reflect.DirectMethodHandleAccessor.invoke(Ljava/lang/Object;[Ljava/lang/Object;)Ljava/lang/Object;+23 java.base@21.0.2
j  java.lang.reflect.Method.invoke(Ljava/lang/Object;[Ljava/lang/Object;)Ljava/lang/Object;+102 java.base@21.0.2
j  org.springframework.boot.devtools.restart.RestartLauncher.run()V+47
v  ~StubRoutines::call_stub 0x000001f0f69a100d
new  187 new  [0x000001f0f69b8b60, 0x000001f0f69b8d68]  520 bytes
[MachCode]
  0x000001f0f69b8b60: 4883 ec08 | c5fa 1104 | 24eb 1f48 | 83ec 10c5 | fb11 0424 | eb14 4883 | ec10 4889 | 0424 48c7 
  0x000001f0f69b8b80: 4424 0800 | 0000 00eb | 0150 410f | b755 010f | cac1 ea10 | 488b 4de8 | 488b 4908 | 488b 4908 
  0x000001f0f69b8ba0: 488b 4108 | 807c 1004 | 070f 85d3 | 0000 0066 | 8b54 d148 | 488b 4928 | 488b 4cd1 | 0851 80b9 
  0x000001f0f69b8bc0: 2001 0000 | 050f 85b6 | 0000 008b | 5108 f6c2 | 010f 85aa | 0000 0049 | 8b87 b801 | 0000 488d 
  0x000001f0f69b8be0: 1c10 493b | 9fc8 0100 | 000f 8792 | 0000 0049 | 899f b801 | 0000 4883 | ea10 0f84 | 0f00 0000 
  0x000001f0f69b8c00: 33c9 c1ea | 0348 894c | d008 48ff | ca75 f648 | c700 0100 | 0000 5933 | f689 700c | 49ba 0000 
  0x000001f0f69b8c20: 0082 f001 | 0000 492b | ca89 4808 | 49ba fa45 | 2aca fb7f | 0000 4180 | 3a00 0f84 | 3c00 0000 
  0x000001f0f69b8c40: 5048 8bc8 | 4883 ec20 | 40f6 c40f | 0f84 1900 | 0000 4883 | ec08 48b8 | 8009 dbc9 | fb7f 0000 
  0x000001f0f69b8c60: ffd0 4883 | c408 e90c | 0000 0048 | b880 09db | c9fb 7f00 | 00ff d048 | 83c4 2058 | e9cb 0000 
  0x000001f0f69b8c80: 0059 488b | 55e8 488b | 5208 488b | 5208 450f | b745 0141 | 0fc8 41c1 | e810 e805 | 0000 00e9 
  0x000001f0f69b8ca0: a800 0000 | 488d 4424 | 084c 896d | c049 8bcf | c5f8 7749 | 89af a803 | 0000 4989 | 8798 0300 
  0x000001f0f69b8cc0: 0048 83ec | 2040 f6c4 | 0f0f 8419 | 0000 0048 | 83ec 0848 | b8c0 3ba5 | c9fb 7f00 | 00ff d048 
  0x000001f0f69b8ce0: 83c4 08e9 | 0c00 0000 | 48b8 c03b | a5c9 fb7f | 0000 ffd0 | 4883 c420 | 49c7 8798 | 0300 0000 
  0x000001f0f69b8d00: 0000 0049 | c787 a803 | 0000 0000 | 0000 49c7 | 87a0 0300 | 0000 0000 | 00c5 f877 | 4983 7f08 
  0x000001f0f69b8d20: 000f 8405 | 0000 00e9 | d481 feff | 498b 87f0 | 0300 0049 | c787 f003 | 0000 0000 | 0000 4c8b 
  0x000001f0f69b8d40: 6dc0 4c8b | 75c8 4e8d | 74f5 00c3 | 410f b65d | 0349 83c5 | 0349 ba00 | 072d cafb | 7f00 0041 
  0x000001f0f69b8d60: ff24 da0f | 1f44 0000 
[/MachCode]

---------------  P R O C E S S  ---------------

Threads class SMR info:
_java_thread_list=0x000001f0c7938cc0, length=17, elements={
0x000001f0ecacff80, 0x000001f0ffc5de90, 0x000001f0ffc5edb0, 0x000001f0ffc5fcd0,
0x000001f0ffc638b0, 0x000001f0ffc64590, 0x000001f0ffc64ff0, 0x000001f0ffc74fc0,
0x000001f0ffc27c50, 0x000001f0c704e7f0, 0x000001f0c73fe1a0, 0x000001f0c73fe810,
0x000001f0c7713f90, 0x000001f0c7716650, 0x000001f0c7764810, 0x000001f0c7f434b0,
0x000001f0c7f61be0
}

Java Threads: ( => current thread )
  0x000001f0ecacff80 JavaThread "main"                              [_thread_blocked, id=12628, stack(0x0000002f87500000,0x0000002f87600000) (1024K)]
  0x000001f0ffc5de90 JavaThread "Reference Handler"          daemon [_thread_blocked, id=9116, stack(0x0000002f87d00000,0x0000002f87e00000) (1024K)]
  0x000001f0ffc5edb0 JavaThread "Finalizer"                  daemon [_thread_blocked, id=5236, stack(0x0000002f87e00000,0x0000002f87f00000) (1024K)]
  0x000001f0ffc5fcd0 JavaThread "Signal Dispatcher"          daemon [_thread_blocked, id=10160, stack(0x0000002f87f00000,0x0000002f88000000) (1024K)]
  0x000001f0ffc638b0 JavaThread "Attach Listener"            daemon [_thread_blocked, id=2792, stack(0x0000002f88000000,0x0000002f88100000) (1024K)]
  0x000001f0ffc64590 JavaThread "Service Thread"             daemon [_thread_blocked, id=20388, stack(0x0000002f88100000,0x0000002f88200000) (1024K)]
  0x000001f0ffc64ff0 JavaThread "Monitor Deflation Thread"   daemon [_thread_blocked, id=11888, stack(0x0000002f88200000,0x0000002f88300000) (1024K)]
  0x000001f0ffc74fc0 JavaThread "C1 CompilerThread0"         daemon [_thread_blocked, id=16672, stack(0x0000002f88300000,0x0000002f88400000) (1024K)]
  0x000001f0ffc27c50 JavaThread "Common-Cleaner"             daemon [_thread_blocked, id=7468, stack(0x0000002f88400000,0x0000002f88500000) (1024K)]
  0x000001f0c704e7f0 JavaThread "C1 CompilerThread1"         daemon [_thread_blocked, id=15376, stack(0x0000002f88500000,0x0000002f88600000) (1024K)]
  0x000001f0c73fe1a0 JavaThread "Monitor Ctrl-Break"         daemon [_thread_in_native, id=10328, stack(0x0000002f88600000,0x0000002f88700000) (1024K)]
  0x000001f0c73fe810 JavaThread "Notification Thread"        daemon [_thread_blocked, id=15092, stack(0x0000002f88700000,0x0000002f88800000) (1024K)]
  0x000001f0c7713f90 JavaThread "C1 CompilerThread2"         daemon [_thread_blocked, id=4004, stack(0x0000002f88800000,0x0000002f88900000) (1024K)]
  0x000001f0c7716650 JavaThread "C1 CompilerThread3"         daemon [_thread_blocked, id=12964, stack(0x0000002f88900000,0x0000002f88a00000) (1024K)]
  0x000001f0c7764810 JavaThread "RMI TCP Accept-0"           daemon [_thread_in_native, id=4244, stack(0x0000002f88a00000,0x0000002f88b00000) (1024K)]
  0x000001f0c7f434b0 JavaThread "Thread-0"                          [_thread_blocked, id=4720, stack(0x0000002f89000000,0x0000002f89100000) (1024K)]
=>0x000001f0c7f61be0 JavaThread "restartedMain"                     [_thread_in_vm, id=15212, stack(0x0000002f89100000,0x0000002f89200000) (1024K)]
Total: 17

Other Threads:
  0x000001f0ffc3f550 VMThread "VM Thread"                           [id=18700, stack(0x0000002f87c00000,0x0000002f87d00000) (1024K)]
  0x000001f0ffc24cb0 WatcherThread "VM Periodic Task Thread"        [id=17048, stack(0x0000002f87b00000,0x0000002f87c00000) (1024K)]
  0x000001f0ecd8d9a0 WorkerThread "GC Thread#0"                     [id=19948, stack(0x0000002f87600000,0x0000002f87700000) (1024K)]
  0x000001f0c7829a60 WorkerThread "GC Thread#1"                     [id=13144, stack(0x0000002f88b00000,0x0000002f88c00000) (1024K)]
  0x000001f0c7829e00 WorkerThread "GC Thread#2"                     [id=1072, stack(0x0000002f88c00000,0x0000002f88d00000) (1024K)]
  0x000001f0c782a1a0 WorkerThread "GC Thread#3"                     [id=18108, stack(0x0000002f88d00000,0x0000002f88e00000) (1024K)]
  0x000001f0c782a540 WorkerThread "GC Thread#4"                     [id=19704, stack(0x0000002f88e00000,0x0000002f88f00000) (1024K)]
  0x000001f0c77ba8f0 WorkerThread "GC Thread#5"                     [id=12540, stack(0x0000002f88f00000,0x0000002f89000000) (1024K)]
  0x000001f0ecd9e700 ConcurrentGCThread "G1 Main Marker"            [id=18284, stack(0x0000002f87700000,0x0000002f87800000) (1024K)]
  0x000001f0ecd9f8b0 WorkerThread "G1 Conc#0"                       [id=12184, stack(0x0000002f87800000,0x0000002f87900000) (1024K)]
  0x000001f0ffaf6110 ConcurrentGCThread "G1 Refine#0"               [id=16700, stack(0x0000002f87900000,0x0000002f87a00000) (1024K)]
  0x000001f0ffaf6930 ConcurrentGCThread "G1 Service"                [id=8284, stack(0x0000002f87a00000,0x0000002f87b00000) (1024K)]
Total: 12

Threads with active compile tasks:
Total: 0

VM state: not at safepoint (normal execution)

VM Mutex/Monitor currently owned by a thread:  ([mutex/lock_event])
[0x00007ffbca2bace8] Metaspace_lock - owner thread: 0x000001f0c7f61be0

Heap address: 0x0000000703400000, size: 4044 MB, Compressed Oops mode: Zero based, Oop shift amount: 3

CDS archive(s) mapped at: [0x000001f082000000-0x000001f082c90000-0x000001f082c90000), size 13172736, SharedBaseAddress: 0x000001f082000000, ArchiveRelocationMode: 1.
Compressed class space mapped at: 0x000001f083000000-0x000001f0c3000000, reserved size: 1073741824
Narrow klass base: 0x000001f082000000, Narrow klass shift: 0, Narrow klass range: 0x100000000

GC Precious Log:
 CardTable entry size: 512
 Card Set container configuration: InlinePtr #cards 4 size 8 Array Of Cards #cards 16 size 48 Howl #buckets 8 coarsen threshold 3686 Howl Bitmap #cards 512 size 80 coarsen threshold 460 Card regions per heap region 1 cards per card region 4096
 CPUs: 8 total, 8 available
 Memory: 16171M
 Large Page Support: Disabled
 NUMA Support: Disabled
 Compressed Oops: Enabled (Zero based)
 Heap Region Size: 2M
 Heap Min Capacity: 8M
 Heap Initial Capacity: 254M
 Heap Max Capacity: 4044M
 Pre-touch: Disabled
 Parallel Workers: 8
 Concurrent Workers: 2
 Concurrent Refinement Workers: 8
 Periodic GC: Disabled

Heap:
 garbage-first heap   total 260096K, used 24703K [0x0000000703400000, 0x0000000800000000)
  region size 2048K, 12 young (24576K), 2 survivors (4096K)
 Metaspace       used 8271K, committed 8448K, reserved 1114112K
  class space    used 1028K, committed 1088K, reserved 1048576K

Heap Regions: E=young(eden), S=young(survivor), O=old, HS=humongous(starts), HC=humongous(continues), CS=collection set, F=free, TAMS=top-at-mark-start, PB=parsable bottom
|   0|0x0000000703400000, 0x0000000703600000, 0x0000000703600000|100%| O|  |TAMS 0x0000000703400000| PB 0x0000000703400000| Untracked 
|   1|0x0000000703600000, 0x0000000703800000, 0x0000000703800000|100%| O|  |TAMS 0x0000000703600000| PB 0x0000000703600000| Untracked 
|   2|0x0000000703800000, 0x000000070381ffe0, 0x0000000703a00000|  6%| O|  |TAMS 0x0000000703800000| PB 0x0000000703800000| Untracked 
|   3|0x0000000703a00000, 0x0000000703a00000, 0x0000000703c00000|  0%| F|  |TAMS 0x0000000703a00000| PB 0x0000000703a00000| Untracked 
|   4|0x0000000703c00000, 0x0000000703c00000, 0x0000000703e00000|  0%| F|  |TAMS 0x0000000703c00000| PB 0x0000000703c00000| Untracked 
|   5|0x0000000703e00000, 0x0000000703e00000, 0x0000000704000000|  0%| F|  |TAMS 0x0000000703e00000| PB 0x0000000703e00000| Untracked 
|   6|0x0000000704000000, 0x0000000704000000, 0x0000000704200000|  0%| F|  |TAMS 0x0000000704000000| PB 0x0000000704000000| Untracked 
|   7|0x0000000704200000, 0x0000000704200000, 0x0000000704400000|  0%| F|  |TAMS 0x0000000704200000| PB 0x0000000704200000| Untracked 
|   8|0x0000000704400000, 0x0000000704400000, 0x0000000704600000|  0%| F|  |TAMS 0x0000000704400000| PB 0x0000000704400000| Untracked 
|   9|0x0000000704600000, 0x0000000704600000, 0x0000000704800000|  0%| F|  |TAMS 0x0000000704600000| PB 0x0000000704600000| Untracked 
|  10|0x0000000704800000, 0x0000000704800000, 0x0000000704a00000|  0%| F|  |TAMS 0x0000000704800000| PB 0x0000000704800000| Untracked 
|  11|0x0000000704a00000, 0x0000000704a00000, 0x0000000704c00000|  0%| F|  |TAMS 0x0000000704a00000| PB 0x0000000704a00000| Untracked 
|  12|0x0000000704c00000, 0x0000000704c00000, 0x0000000704e00000|  0%| F|  |TAMS 0x0000000704c00000| PB 0x0000000704c00000| Untracked 
|  13|0x0000000704e00000, 0x0000000704e00000, 0x0000000705000000|  0%| F|  |TAMS 0x0000000704e00000| PB 0x0000000704e00000| Untracked 
|  14|0x0000000705000000, 0x0000000705000000, 0x0000000705200000|  0%| F|  |TAMS 0x0000000705000000| PB 0x0000000705000000| Untracked 
|  15|0x0000000705200000, 0x0000000705200000, 0x0000000705400000|  0%| F|  |TAMS 0x0000000705200000| PB 0x0000000705200000| Untracked 
|  16|0x0000000705400000, 0x0000000705400000, 0x0000000705600000|  0%| F|  |TAMS 0x0000000705400000| PB 0x0000000705400000| Untracked 
|  17|0x0000000705600000, 0x0000000705600000, 0x0000000705800000|  0%| F|  |TAMS 0x0000000705600000| PB 0x0000000705600000| Untracked 
|  18|0x0000000705800000, 0x0000000705800000, 0x0000000705a00000|  0%| F|  |TAMS 0x0000000705800000| PB 0x0000000705800000| Untracked 
|  19|0x0000000705a00000, 0x0000000705a00000, 0x0000000705c00000|  0%| F|  |TAMS 0x0000000705a00000| PB 0x0000000705a00000| Untracked 
|  20|0x0000000705c00000, 0x0000000705c00000, 0x0000000705e00000|  0%| F|  |TAMS 0x0000000705c00000| PB 0x0000000705c00000| Untracked 
|  21|0x0000000705e00000, 0x0000000705e00000, 0x0000000706000000|  0%| F|  |TAMS 0x0000000705e00000| PB 0x0000000705e00000| Untracked 
|  22|0x0000000706000000, 0x0000000706000000, 0x0000000706200000|  0%| F|  |TAMS 0x0000000706000000| PB 0x0000000706000000| Untracked 
|  23|0x0000000706200000, 0x0000000706200000, 0x0000000706400000|  0%| F|  |TAMS 0x0000000706200000| PB 0x0000000706200000| Untracked 
|  24|0x0000000706400000, 0x0000000706400000, 0x0000000706600000|  0%| F|  |TAMS 0x0000000706400000| PB 0x0000000706400000| Untracked 
|  25|0x0000000706600000, 0x0000000706600000, 0x0000000706800000|  0%| F|  |TAMS 0x0000000706600000| PB 0x0000000706600000| Untracked 
|  26|0x0000000706800000, 0x0000000706800000, 0x0000000706a00000|  0%| F|  |TAMS 0x0000000706800000| PB 0x0000000706800000| Untracked 
|  27|0x0000000706a00000, 0x0000000706a00000, 0x0000000706c00000|  0%| F|  |TAMS 0x0000000706a00000| PB 0x0000000706a00000| Untracked 
|  28|0x0000000706c00000, 0x0000000706c00000, 0x0000000706e00000|  0%| F|  |TAMS 0x0000000706c00000| PB 0x0000000706c00000| Untracked 
|  29|0x0000000706e00000, 0x0000000706e00000, 0x0000000707000000|  0%| F|  |TAMS 0x0000000706e00000| PB 0x0000000706e00000| Untracked 
|  30|0x0000000707000000, 0x0000000707000000, 0x0000000707200000|  0%| F|  |TAMS 0x0000000707000000| PB 0x0000000707000000| Untracked 
|  31|0x0000000707200000, 0x0000000707200000, 0x0000000707400000|  0%| F|  |TAMS 0x0000000707200000| PB 0x0000000707200000| Untracked 
|  32|0x0000000707400000, 0x0000000707400000, 0x0000000707600000|  0%| F|  |TAMS 0x0000000707400000| PB 0x0000000707400000| Untracked 
|  33|0x0000000707600000, 0x0000000707600000, 0x0000000707800000|  0%| F|  |TAMS 0x0000000707600000| PB 0x0000000707600000| Untracked 
|  34|0x0000000707800000, 0x0000000707800000, 0x0000000707a00000|  0%| F|  |TAMS 0x0000000707800000| PB 0x0000000707800000| Untracked 
|  35|0x0000000707a00000, 0x0000000707a00000, 0x0000000707c00000|  0%| F|  |TAMS 0x0000000707a00000| PB 0x0000000707a00000| Untracked 
|  36|0x0000000707c00000, 0x0000000707c00000, 0x0000000707e00000|  0%| F|  |TAMS 0x0000000707c00000| PB 0x0000000707c00000| Untracked 
|  37|0x0000000707e00000, 0x0000000707e00000, 0x0000000708000000|  0%| F|  |TAMS 0x0000000707e00000| PB 0x0000000707e00000| Untracked 
|  38|0x0000000708000000, 0x0000000708000000, 0x0000000708200000|  0%| F|  |TAMS 0x0000000708000000| PB 0x0000000708000000| Untracked 
|  39|0x0000000708200000, 0x0000000708200000, 0x0000000708400000|  0%| F|  |TAMS 0x0000000708200000| PB 0x0000000708200000| Untracked 
|  40|0x0000000708400000, 0x0000000708400000, 0x0000000708600000|  0%| F|  |TAMS 0x0000000708400000| PB 0x0000000708400000| Untracked 
|  41|0x0000000708600000, 0x0000000708600000, 0x0000000708800000|  0%| F|  |TAMS 0x0000000708600000| PB 0x0000000708600000| Untracked 
|  42|0x0000000708800000, 0x0000000708800000, 0x0000000708a00000|  0%| F|  |TAMS 0x0000000708800000| PB 0x0000000708800000| Untracked 
|  43|0x0000000708a00000, 0x0000000708a00000, 0x0000000708c00000|  0%| F|  |TAMS 0x0000000708a00000| PB 0x0000000708a00000| Untracked 
|  44|0x0000000708c00000, 0x0000000708c00000, 0x0000000708e00000|  0%| F|  |TAMS 0x0000000708c00000| PB 0x0000000708c00000| Untracked 
|  45|0x0000000708e00000, 0x0000000708e00000, 0x0000000709000000|  0%| F|  |TAMS 0x0000000708e00000| PB 0x0000000708e00000| Untracked 
|  46|0x0000000709000000, 0x0000000709000000, 0x0000000709200000|  0%| F|  |TAMS 0x0000000709000000| PB 0x0000000709000000| Untracked 
|  47|0x0000000709200000, 0x0000000709200000, 0x0000000709400000|  0%| F|  |TAMS 0x0000000709200000| PB 0x0000000709200000| Untracked 
|  48|0x0000000709400000, 0x0000000709400000, 0x0000000709600000|  0%| F|  |TAMS 0x0000000709400000| PB 0x0000000709400000| Untracked 
|  49|0x0000000709600000, 0x0000000709600000, 0x0000000709800000|  0%| F|  |TAMS 0x0000000709600000| PB 0x0000000709600000| Untracked 
|  50|0x0000000709800000, 0x0000000709800000, 0x0000000709a00000|  0%| F|  |TAMS 0x0000000709800000| PB 0x0000000709800000| Untracked 
|  51|0x0000000709a00000, 0x0000000709a00000, 0x0000000709c00000|  0%| F|  |TAMS 0x0000000709a00000| PB 0x0000000709a00000| Untracked 
|  52|0x0000000709c00000, 0x0000000709c00000, 0x0000000709e00000|  0%| F|  |TAMS 0x0000000709c00000| PB 0x0000000709c00000| Untracked 
|  53|0x0000000709e00000, 0x0000000709e00000, 0x000000070a000000|  0%| F|  |TAMS 0x0000000709e00000| PB 0x0000000709e00000| Untracked 
|  54|0x000000070a000000, 0x000000070a000000, 0x000000070a200000|  0%| F|  |TAMS 0x000000070a000000| PB 0x000000070a000000| Untracked 
|  55|0x000000070a200000, 0x000000070a200000, 0x000000070a400000|  0%| F|  |TAMS 0x000000070a200000| PB 0x000000070a200000| Untracked 
|  56|0x000000070a400000, 0x000000070a400000, 0x000000070a600000|  0%| F|  |TAMS 0x000000070a400000| PB 0x000000070a400000| Untracked 
|  57|0x000000070a600000, 0x000000070a600000, 0x000000070a800000|  0%| F|  |TAMS 0x000000070a600000| PB 0x000000070a600000| Untracked 
|  58|0x000000070a800000, 0x000000070a800000, 0x000000070aa00000|  0%| F|  |TAMS 0x000000070a800000| PB 0x000000070a800000| Untracked 
|  59|0x000000070aa00000, 0x000000070aa00000, 0x000000070ac00000|  0%| F|  |TAMS 0x000000070aa00000| PB 0x000000070aa00000| Untracked 
|  60|0x000000070ac00000, 0x000000070ac00000, 0x000000070ae00000|  0%| F|  |TAMS 0x000000070ac00000| PB 0x000000070ac00000| Untracked 
|  61|0x000000070ae00000, 0x000000070ae00000, 0x000000070b000000|  0%| F|  |TAMS 0x000000070ae00000| PB 0x000000070ae00000| Untracked 
|  62|0x000000070b000000, 0x000000070b000000, 0x000000070b200000|  0%| F|  |TAMS 0x000000070b000000| PB 0x000000070b000000| Untracked 
|  63|0x000000070b200000, 0x000000070b200000, 0x000000070b400000|  0%| F|  |TAMS 0x000000070b200000| PB 0x000000070b200000| Untracked 
|  64|0x000000070b400000, 0x000000070b400000, 0x000000070b600000|  0%| F|  |TAMS 0x000000070b400000| PB 0x000000070b400000| Untracked 
|  65|0x000000070b600000, 0x000000070b600000, 0x000000070b800000|  0%| F|  |TAMS 0x000000070b600000| PB 0x000000070b600000| Untracked 
|  66|0x000000070b800000, 0x000000070b800000, 0x000000070ba00000|  0%| F|  |TAMS 0x000000070b800000| PB 0x000000070b800000| Untracked 
|  67|0x000000070ba00000, 0x000000070ba00000, 0x000000070bc00000|  0%| F|  |TAMS 0x000000070ba00000| PB 0x000000070ba00000| Untracked 
|  68|0x000000070bc00000, 0x000000070bc00000, 0x000000070be00000|  0%| F|  |TAMS 0x000000070bc00000| PB 0x000000070bc00000| Untracked 
|  69|0x000000070be00000, 0x000000070be00000, 0x000000070c000000|  0%| F|  |TAMS 0x000000070be00000| PB 0x000000070be00000| Untracked 
|  70|0x000000070c000000, 0x000000070c000000, 0x000000070c200000|  0%| F|  |TAMS 0x000000070c000000| PB 0x000000070c000000| Untracked 
|  71|0x000000070c200000, 0x000000070c200000, 0x000000070c400000|  0%| F|  |TAMS 0x000000070c200000| PB 0x000000070c200000| Untracked 
|  72|0x000000070c400000, 0x000000070c400000, 0x000000070c600000|  0%| F|  |TAMS 0x000000070c400000| PB 0x000000070c400000| Untracked 
|  73|0x000000070c600000, 0x000000070c600000, 0x000000070c800000|  0%| F|  |TAMS 0x000000070c600000| PB 0x000000070c600000| Untracked 
|  74|0x000000070c800000, 0x000000070c800000, 0x000000070ca00000|  0%| F|  |TAMS 0x000000070c800000| PB 0x000000070c800000| Untracked 
|  75|0x000000070ca00000, 0x000000070ca00000, 0x000000070cc00000|  0%| F|  |TAMS 0x000000070ca00000| PB 0x000000070ca00000| Untracked 
|  76|0x000000070cc00000, 0x000000070cc00000, 0x000000070ce00000|  0%| F|  |TAMS 0x000000070cc00000| PB 0x000000070cc00000| Untracked 
|  77|0x000000070ce00000, 0x000000070ce00000, 0x000000070d000000|  0%| F|  |TAMS 0x000000070ce00000| PB 0x000000070ce00000| Untracked 
|  78|0x000000070d000000, 0x000000070d000000, 0x000000070d200000|  0%| F|  |TAMS 0x000000070d000000| PB 0x000000070d000000| Untracked 
|  79|0x000000070d200000, 0x000000070d200000, 0x000000070d400000|  0%| F|  |TAMS 0x000000070d200000| PB 0x000000070d200000| Untracked 
|  80|0x000000070d400000, 0x000000070d400000, 0x000000070d600000|  0%| F|  |TAMS 0x000000070d400000| PB 0x000000070d400000| Untracked 
|  81|0x000000070d600000, 0x000000070d600000, 0x000000070d800000|  0%| F|  |TAMS 0x000000070d600000| PB 0x000000070d600000| Untracked 
|  82|0x000000070d800000, 0x000000070d800000, 0x000000070da00000|  0%| F|  |TAMS 0x000000070d800000| PB 0x000000070d800000| Untracked 
|  83|0x000000070da00000, 0x000000070da00000, 0x000000070dc00000|  0%| F|  |TAMS 0x000000070da00000| PB 0x000000070da00000| Untracked 
|  84|0x000000070dc00000, 0x000000070dc00000, 0x000000070de00000|  0%| F|  |TAMS 0x000000070dc00000| PB 0x000000070dc00000| Untracked 
|  85|0x000000070de00000, 0x000000070de00000, 0x000000070e000000|  0%| F|  |TAMS 0x000000070de00000| PB 0x000000070de00000| Untracked 
|  86|0x000000070e000000, 0x000000070e000000, 0x000000070e200000|  0%| F|  |TAMS 0x000000070e000000| PB 0x000000070e000000| Untracked 
|  87|0x000000070e200000, 0x000000070e200000, 0x000000070e400000|  0%| F|  |TAMS 0x000000070e200000| PB 0x000000070e200000| Untracked 
|  88|0x000000070e400000, 0x000000070e400000, 0x000000070e600000|  0%| F|  |TAMS 0x000000070e400000| PB 0x000000070e400000| Untracked 
|  89|0x000000070e600000, 0x000000070e600000, 0x000000070e800000|  0%| F|  |TAMS 0x000000070e600000| PB 0x000000070e600000| Untracked 
|  90|0x000000070e800000, 0x000000070e800000, 0x000000070ea00000|  0%| F|  |TAMS 0x000000070e800000| PB 0x000000070e800000| Untracked 
|  91|0x000000070ea00000, 0x000000070ea00000, 0x000000070ec00000|  0%| F|  |TAMS 0x000000070ea00000| PB 0x000000070ea00000| Untracked 
|  92|0x000000070ec00000, 0x000000070ec00000, 0x000000070ee00000|  0%| F|  |TAMS 0x000000070ec00000| PB 0x000000070ec00000| Untracked 
|  93|0x000000070ee00000, 0x000000070ee00000, 0x000000070f000000|  0%| F|  |TAMS 0x000000070ee00000| PB 0x000000070ee00000| Untracked 
|  94|0x000000070f000000, 0x000000070f000000, 0x000000070f200000|  0%| F|  |TAMS 0x000000070f000000| PB 0x000000070f000000| Untracked 
|  95|0x000000070f200000, 0x000000070f200000, 0x000000070f400000|  0%| F|  |TAMS 0x000000070f200000| PB 0x000000070f200000| Untracked 
|  96|0x000000070f400000, 0x000000070f400000, 0x000000070f600000|  0%| F|  |TAMS 0x000000070f400000| PB 0x000000070f400000| Untracked 
|  97|0x000000070f600000, 0x000000070f600000, 0x000000070f800000|  0%| F|  |TAMS 0x000000070f600000| PB 0x000000070f600000| Untracked 
|  98|0x000000070f800000, 0x000000070f800000, 0x000000070fa00000|  0%| F|  |TAMS 0x000000070f800000| PB 0x000000070f800000| Untracked 
|  99|0x000000070fa00000, 0x000000070fa00000, 0x000000070fc00000|  0%| F|  |TAMS 0x000000070fa00000| PB 0x000000070fa00000| Untracked 
| 100|0x000000070fc00000, 0x000000070fc00000, 0x000000070fe00000|  0%| F|  |TAMS 0x000000070fc00000| PB 0x000000070fc00000| Untracked 
| 101|0x000000070fe00000, 0x000000070fe00000, 0x0000000710000000|  0%| F|  |TAMS 0x000000070fe00000| PB 0x000000070fe00000| Untracked 
| 102|0x0000000710000000, 0x0000000710000000, 0x0000000710200000|  0%| F|  |TAMS 0x0000000710000000| PB 0x0000000710000000| Untracked 
| 103|0x0000000710200000, 0x0000000710200000, 0x0000000710400000|  0%| F|  |TAMS 0x0000000710200000| PB 0x0000000710200000| Untracked 
| 104|0x0000000710400000, 0x0000000710400000, 0x0000000710600000|  0%| F|  |TAMS 0x0000000710400000| PB 0x0000000710400000| Untracked 
| 105|0x0000000710600000, 0x0000000710600000, 0x0000000710800000|  0%| F|  |TAMS 0x0000000710600000| PB 0x0000000710600000| Untracked 
| 106|0x0000000710800000, 0x0000000710800000, 0x0000000710a00000|  0%| F|  |TAMS 0x0000000710800000| PB 0x0000000710800000| Untracked 
| 107|0x0000000710a00000, 0x0000000710a00000, 0x0000000710c00000|  0%| F|  |TAMS 0x0000000710a00000| PB 0x0000000710a00000| Untracked 
| 108|0x0000000710c00000, 0x0000000710c00000, 0x0000000710e00000|  0%| F|  |TAMS 0x0000000710c00000| PB 0x0000000710c00000| Untracked 
| 109|0x0000000710e00000, 0x0000000710e00000, 0x0000000711000000|  0%| F|  |TAMS 0x0000000710e00000| PB 0x0000000710e00000| Untracked 
| 110|0x0000000711000000, 0x0000000711000000, 0x0000000711200000|  0%| F|  |TAMS 0x0000000711000000| PB 0x0000000711000000| Untracked 
| 111|0x0000000711200000, 0x0000000711200000, 0x0000000711400000|  0%| F|  |TAMS 0x0000000711200000| PB 0x0000000711200000| Untracked 
| 112|0x0000000711400000, 0x0000000711400000, 0x0000000711600000|  0%| F|  |TAMS 0x0000000711400000| PB 0x0000000711400000| Untracked 
| 113|0x0000000711600000, 0x0000000711600000, 0x0000000711800000|  0%| F|  |TAMS 0x0000000711600000| PB 0x0000000711600000| Untracked 
| 114|0x0000000711800000, 0x0000000711a00000, 0x0000000711a00000|100%| S|CS|TAMS 0x0000000711800000| PB 0x0000000711800000| Complete 
| 115|0x0000000711a00000, 0x0000000711c00000, 0x0000000711c00000|100%| S|CS|TAMS 0x0000000711a00000| PB 0x0000000711a00000| Complete 
| 116|0x0000000711c00000, 0x0000000711c00000, 0x0000000711e00000|  0%| F|  |TAMS 0x0000000711c00000| PB 0x0000000711c00000| Untracked 
| 117|0x0000000711e00000, 0x0000000711fb6fc8, 0x0000000712000000| 85%| E|  |TAMS 0x0000000711e00000| PB 0x0000000711e00000| Complete 
| 118|0x0000000712000000, 0x0000000712200000, 0x0000000712200000|100%| E|CS|TAMS 0x0000000712000000| PB 0x0000000712000000| Complete 
| 119|0x0000000712200000, 0x0000000712400000, 0x0000000712400000|100%| E|CS|TAMS 0x0000000712200000| PB 0x0000000712200000| Complete 
| 120|0x0000000712400000, 0x0000000712600000, 0x0000000712600000|100%| E|CS|TAMS 0x0000000712400000| PB 0x0000000712400000| Complete 
| 121|0x0000000712600000, 0x0000000712800000, 0x0000000712800000|100%| E|CS|TAMS 0x0000000712600000| PB 0x0000000712600000| Complete 
| 122|0x0000000712800000, 0x0000000712a00000, 0x0000000712a00000|100%| E|  |TAMS 0x0000000712800000| PB 0x0000000712800000| Complete 
| 123|0x0000000712a00000, 0x0000000712c00000, 0x0000000712c00000|100%| E|CS|TAMS 0x0000000712a00000| PB 0x0000000712a00000| Complete 
| 124|0x0000000712c00000, 0x0000000712e00000, 0x0000000712e00000|100%| E|CS|TAMS 0x0000000712c00000| PB 0x0000000712c00000| Complete 
| 125|0x0000000712e00000, 0x0000000713000000, 0x0000000713000000|100%| E|CS|TAMS 0x0000000712e00000| PB 0x0000000712e00000| Complete 
| 126|0x0000000713000000, 0x0000000713200000, 0x0000000713200000|100%| E|CS|TAMS 0x0000000713000000| PB 0x0000000713000000| Complete 

Card table byte_map: [0x000001f0faa80000,0x000001f0fb270000] _byte_map_base: 0x000001f0f7266000

Marking Bits: (CMBitMap*) 0x000001f0ecd8dfb0
 Bits: [0x000001f0fb270000, 0x000001f0ff1a0000)

Polling page: 0x000001f0ecdf0000

Metaspace:

Usage:
  Non-class:      7.07 MB used.
      Class:      1.00 MB used.
       Both:      8.08 MB used.

Virtual space:
  Non-class space:       64.00 MB reserved,       7.19 MB ( 11%) committed,  1 nodes.
      Class space:        1.00 GB reserved,       1.06 MB ( <1%) committed,  1 nodes.
             Both:        1.06 GB reserved,       8.25 MB ( <1%) committed. 

Chunk freelists:
   Non-Class:  8.64 MB
       Class:  14.88 MB
        Both:  23.52 MB

MaxMetaspaceSize: unlimited
CompressedClassSpaceSize: 1.00 GB
Initial GC threshold: 21.00 MB
Current GC threshold: 21.00 MB
CDS: on
 - commit_granule_bytes: 65536.
 - commit_granule_words: 8192.
 - virtual_space_node_default_size: 8388608.
 - enlarge_chunks_in_place: 1.
 - use_allocation_guard: 0.


Internal statistics:

num_allocs_failed_limit: 0.
num_arena_births: 204.
num_arena_deaths: 0.
num_vsnodes_births: 2.
num_vsnodes_deaths: 0.
num_space_committed: 132.
num_space_uncommitted: 0.
num_chunks_returned_to_freelist: 0.
num_chunks_taken_from_freelist: 339.
num_chunk_merges: 0.
num_chunk_splits: 228.
num_chunks_enlarged: 156.
num_inconsistent_stats: 0.

CodeCache: size=49152Kb used=5366Kb max_used=5366Kb free=43785Kb
 bounds [0x000001f0f69a0000, 0x000001f0f6ee0000, 0x000001f0f99a0000]
 total_blobs=2088 nmethods=1604 adapters=406
 compilation: enabled
              stopped_count=0, restarted_count=0
 full_count=0

Compilation events (20 events):
Event: 0.816 Thread 0x000001f0c7716650 nmethod 1595 0x000001f0f6ed5d10 code [0x000001f0f6ed5f00, 0x000001f0f6ed6228]
Event: 0.816 Thread 0x000001f0c7716650 1596       1       java.lang.PublicMethods$Key::matches (31 bytes)
Event: 0.816 Thread 0x000001f0c7716650 nmethod 1596 0x000001f0f6ed6390 code [0x000001f0f6ed6540, 0x000001f0f6ed6680]
Event: 0.818 Thread 0x000001f0ffc74fc0 nmethod 1587 0x000001f0f6ed6790 code [0x000001f0f6ed6ce0, 0x000001f0f6ed8990]
Event: 0.827 Thread 0x000001f0ffc74fc0 1597       1       java.lang.invoke.LambdaForm$MH/0x000001f083003000::invoke (25 bytes)
Event: 0.827 Thread 0x000001f0ffc74fc0 nmethod 1597 0x000001f0f6edaa90 code [0x000001f0f6edac40, 0x000001f0f6edadb0]
Event: 0.830 Thread 0x000001f0c7713f90 1598       1       java.lang.invoke.BoundMethodHandle::rebind (14 bytes)
Event: 0.830 Thread 0x000001f0c7716650 1599       1       java.lang.invoke.BoundMethodHandle::tooComplex (27 bytes)
Event: 0.830 Thread 0x000001f0c704e7f0 1600       1       java.lang.invoke.BoundMethodHandle::fieldCount (8 bytes)
Event: 0.830 Thread 0x000001f0ffc74fc0 1601       1       java.lang.invoke.LambdaForm::expressionCount (11 bytes)
Event: 0.830 Thread 0x000001f0ffc74fc0 nmethod 1601 0x000001f0f6edae90 code [0x000001f0f6edb020, 0x000001f0f6edb0f8]
Event: 0.830 Thread 0x000001f0c704e7f0 nmethod 1600 0x000001f0f6edb190 code [0x000001f0f6edb340, 0x000001f0f6edb468]
Event: 0.830 Thread 0x000001f0c7716650 nmethod 1599 0x000001f0f6edb510 code [0x000001f0f6edb6c0, 0x000001f0f6edb840]
Event: 0.830 Thread 0x000001f0c7713f90 nmethod 1598 0x000001f0f6edb990 code [0x000001f0f6edbb80, 0x000001f0f6edbed0]
Event: 0.831 Thread 0x000001f0c7713f90 1602       1       java.util.RegularEnumSet::contains (57 bytes)
Event: 0.831 Thread 0x000001f0c7713f90 nmethod 1602 0x000001f0f6edc110 code [0x000001f0f6edc2c0, 0x000001f0f6edc4e0]
Event: 0.839 Thread 0x000001f0c7713f90 1603       1       java.util.WeakHashMap::<init> (124 bytes)
Event: 0.839 Thread 0x000001f0c7716650 1604       1       java.lang.invoke.MethodHandle::internalForm (5 bytes)
Event: 0.839 Thread 0x000001f0c7716650 nmethod 1604 0x000001f0f6edc610 code [0x000001f0f6edc7a0, 0x000001f0f6edc870]
Event: 0.840 Thread 0x000001f0c7713f90 nmethod 1603 0x000001f0f6edc910 code [0x000001f0f6edcba0, 0x000001f0f6edd6d8]

GC Heap History (2 events):
Event: 0.555 GC heap before
{Heap before GC invocations=0 (full 0):
 garbage-first heap   total 260096K, used 20480K [0x0000000703400000, 0x0000000800000000)
  region size 2048K, 11 young (22528K), 0 survivors (0K)
 Metaspace       used 5709K, committed 5952K, reserved 1114112K
  class space    used 657K, committed 768K, reserved 1048576K
}
Event: 0.559 GC heap after
{Heap after GC invocations=1 (full 0):
 garbage-first heap   total 260096K, used 8319K [0x0000000703400000, 0x0000000800000000)
  region size 2048K, 2 young (4096K), 2 survivors (4096K)
 Metaspace       used 5709K, committed 5952K, reserved 1114112K
  class space    used 657K, committed 768K, reserved 1048576K
}

Dll operation events (12 events):
Event: 0.006 Loaded shared library C:\Program Files\Java\jdk-21\bin\java.dll
Event: 0.115 Loaded shared library C:\Program Files\Java\jdk-21\bin\zip.dll
Event: 0.118 Loaded shared library C:\Program Files\Java\jdk-21\bin\instrument.dll
Event: 0.122 Loaded shared library C:\Program Files\Java\jdk-21\bin\net.dll
Event: 0.123 Loaded shared library C:\Program Files\Java\jdk-21\bin\nio.dll
Event: 0.126 Loaded shared library C:\Program Files\Java\jdk-21\bin\zip.dll
Event: 0.211 Loaded shared library D:\JetBrains\IntelliJ IDEA 2023.2\bin\breakgen64.dll
Event: 0.216 Loaded shared library C:\Program Files\Java\jdk-21\bin\jimage.dll
Event: 0.219 Loaded shared library C:\Program Files\Java\jdk-21\bin\extnet.dll
Event: 0.233 Loaded shared library C:\Program Files\Java\jdk-21\bin\management.dll
Event: 0.243 Loaded shared library C:\Program Files\Java\jdk-21\bin\management_ext.dll
Event: 0.521 Loaded shared library C:\Program Files\Java\jdk-21\bin\verify.dll

Deoptimization events (0 events):
No events

Classes loaded (20 events):
Event: 0.795 Loading class java/net/URLClassLoader$2 done
Event: 0.827 Loading class java/util/logging/ConsoleHandler
Event: 0.827 Loading class java/util/logging/ConsoleHandler done
Event: 0.827 Loading class java/util/logging/LogManager$CloseOnReset
Event: 0.827 Loading class java/util/logging/LogManager$CloseOnReset done
Event: 0.827 Loading class java/util/MissingResourceException
Event: 0.827 Loading class java/util/MissingResourceException done
Event: 0.833 Loading class javax/naming/InitialContext
Event: 0.834 Loading class javax/naming/Context
Event: 0.834 Loading class javax/naming/Context done
Event: 0.834 Loading class javax/naming/InitialContext done
Event: 0.838 Loading class javax/naming/NamingException
Event: 0.838 Loading class javax/naming/NamingException done
Event: 0.838 Loading class com/sun/naming/internal/ResourceManager
Event: 0.839 Loading class com/sun/naming/internal/ResourceManager done
Event: 0.839 Loading class com/sun/naming/internal/VersionHelper
Event: 0.839 Loading class com/sun/naming/internal/VersionHelper done
Event: 0.840 Loading class com/sun/naming/internal/VersionHelper$InputStreamEnumeration
Event: 0.840 Loading class javax/naming/NamingEnumeration
Event: 0.840 Loading class javax/naming/NamingEnumeration done

Classes unloaded (0 events):
No events

Classes redefined (0 events):
No events

Internal exceptions (20 events):
Event: 0.405 Thread 0x000001f0ecacff80 Exception <a 'java/lang/NoSuchMethodError'{0x0000000711eed7c8}: 'int java.lang.invoke.DirectMethodHandle$Holder.invokeSpecialIFC(java.lang.Object, java.lang.Object, java.lang.Object)'> (0x0000000711eed7c8) 
thrown [s\open\src\hotspot\share\interpreter\linkResolver.cpp, line 773]
Event: 0.449 Thread 0x000001f0ecacff80 Exception <a 'java/lang/NoSuchMethodError'{0x0000000711f5f138}: 'java.lang.Object java.lang.invoke.DirectMethodHandle$Holder.invokeStaticInit(java.lang.Object, int, int, int, int)'> (0x0000000711f5f138) 
thrown [s\open\src\hotspot\share\interpreter\linkResolver.cpp, line 773]
Event: 0.461 Thread 0x000001f0ecacff80 Exception <a 'java/lang/NoSuchMethodError'{0x0000000711f794e0}: 'java.lang.Object java.lang.invoke.DirectMethodHandle$Holder.invokeStaticInit(java.lang.Object, java.lang.Object, int, int, int, int)'> (0x0000000711f794e0) 
thrown [s\open\src\hotspot\share\interpreter\linkResolver.cpp, line 773]
Event: 0.476 Thread 0x000001f0ecacff80 Exception <a 'java/lang/ClassNotFoundException'{0x0000000711f960d0}: javax/management/remote/rmi/RMIServerImpl_Skel> (0x0000000711f960d0) 
thrown [s\open\src\hotspot\share\classfile\systemDictionary.cpp, line 312]
Event: 0.487 Thread 0x000001f0ecacff80 Exception <a 'java/lang/NoSuchMethodError'{0x0000000711fb2f80}: 'long java.lang.invoke.DirectMethodHandle$Holder.invokeSpecial(java.lang.Object, java.lang.Object)'> (0x0000000711fb2f80) 
thrown [s\open\src\hotspot\share\interpreter\linkResolver.cpp, line 773]
Event: 0.488 Thread 0x000001f0ecacff80 Exception <a 'java/lang/NoSuchMethodError'{0x0000000711fb6648}: 'long java.lang.invoke.Invokers$Holder.invokeExact_MT(java.lang.Object, java.lang.Object)'> (0x0000000711fb6648) 
thrown [s\open\src\hotspot\share\interpreter\linkResolver.cpp, line 773]
Event: 0.495 Thread 0x000001f0ecacff80 Exception <a 'java/lang/NoSuchMethodError'{0x0000000711c0c638}: 'void java.lang.invoke.DirectMethodHandle$Holder.invokeSpecial(java.lang.Object, java.lang.Object, java.lang.Object)'> (0x0000000711c0c638) 
thrown [s\open\src\hotspot\share\interpreter\linkResolver.cpp, line 773]
Event: 0.569 Thread 0x000001f0ecacff80 Exception <a 'java/lang/ClassNotFoundException'{0x00000007130328b8}: javax/smartcardio/CardPermission> (0x00000007130328b8) 
thrown [s\open\src\hotspot\share\classfile\systemDictionary.cpp, line 312]
Event: 0.571 Thread 0x000001f0ecacff80 Exception <a 'java/io/FileNotFoundException'{0x00000007130410b0}> (0x00000007130410b0) 
thrown [s\open\src\hotspot\share\prims\jni.cpp, line 520]
Event: 0.582 Thread 0x000001f0ecacff80 Exception <a 'java/lang/NoSuchMethodError'{0x000000071319b4d8}: 'java.lang.Object java.lang.invoke.DirectMethodHandle$Holder.invokeSpecial(java.lang.Object, java.lang.Object, java.lang.Object, long, java.lang.Object)'> (0x000000071319b4d8) 
thrown [s\open\src\hotspot\share\interpreter\linkResolver.cpp, line 773]
Event: 0.582 Thread 0x000001f0ecacff80 Exception <a 'java/lang/NoSuchMethodError'{0x000000071319ee28}: 'java.lang.Object java.lang.invoke.Invokers$Holder.linkToTargetMethod(java.lang.Object, long, java.lang.Object, java.lang.Object)'> (0x000000071319ee28) 
thrown [s\open\src\hotspot\share\interpreter\linkResolver.cpp, line 773]
Event: 0.625 Thread 0x000001f0ecacff80 Exception <a 'java/lang/NoSuchMethodError'{0x0000000712fa99d0}: 'void java.lang.invoke.DirectMethodHandle$Holder.invokeStatic(java.lang.Object, java.lang.Object, java.lang.Object, java.lang.Object)'> (0x0000000712fa99d0) 
thrown [s\open\src\hotspot\share\interpreter\linkResolver.cpp, line 773]
Event: 0.652 Thread 0x000001f0ecacff80 Exception <a 'java/lang/NoSuchMethodError'{0x0000000712cd1268}: 'int java.lang.invoke.DirectMethodHandle$Holder.invokeStaticInit(java.lang.Object, java.lang.Object)'> (0x0000000712cd1268) 
thrown [s\open\src\hotspot\share\interpreter\linkResolver.cpp, line 773]
Event: 0.658 Thread 0x000001f0ecacff80 Exception <a 'java/lang/NoSuchMethodError'{0x0000000712d1f360}: 'void java.lang.invoke.DirectMethodHandle$Holder.invokeInterface(java.lang.Object, java.lang.Object, java.lang.Object, java.lang.Object)'> (0x0000000712d1f360) 
thrown [s\open\src\hotspot\share\interpreter\linkResolver.cpp, line 773]
Event: 0.696 Thread 0x000001f0ecacff80 Exception <a 'java/lang/NoSuchMethodError'{0x0000000712ae9aa0}: 'java.lang.Object java.lang.invoke.DirectMethodHandle$Holder.invokeInterface(java.lang.Object, java.lang.Object)'> (0x0000000712ae9aa0) 
thrown [s\open\src\hotspot\share\interpreter\linkResolver.cpp, line 773]
Event: 0.700 Thread 0x000001f0ecacff80 Exception <a 'java/lang/NoSuchMethodError'{0x0000000712b375b8}: 'java.lang.Object java.lang.invoke.DirectMethodHandle$Holder.invokeSpecialIFC(java.lang.Object, java.lang.Object, java.lang.Object, java.lang.Object)'> (0x0000000712b375b8) 
thrown [s\open\src\hotspot\share\interpreter\linkResolver.cpp, line 773]
Event: 0.702 Thread 0x000001f0ecacff80 Exception <a 'java/lang/NoSuchMethodError'{0x0000000712b57610}: 'java.lang.Object java.lang.invoke.DirectMethodHandle$Holder.invokeInterface(java.lang.Object, java.lang.Object, java.lang.Object)'> (0x0000000712b57610) 
thrown [s\open\src\hotspot\share\interpreter\linkResolver.cpp, line 773]
Event: 0.806 Thread 0x000001f0c7f61be0 Exception <a 'java/lang/NoSuchMethodError'{0x0000000711e16488}: 'int java.lang.invoke.DirectMethodHandle$Holder.invokeStaticInit(java.lang.Object, java.lang.Object, java.lang.Object)'> (0x0000000711e16488) 
thrown [s\open\src\hotspot\share\interpreter\linkResolver.cpp, line 773]
Event: 0.814 Thread 0x000001f0c7f61be0 Exception <a 'java/lang/NoSuchMethodError'{0x0000000711e76948}: 'java.lang.Object java.lang.invoke.DirectMethodHandle$Holder.newInvokeSpecial(java.lang.Object, java.lang.Object, java.lang.Object, java.lang.Object, java.lang.Object)'> (0x0000000711e76948) 
thrown [s\open\src\hotspot\share\interpreter\linkResolver.cpp, line 773]
Event: 0.829 Thread 0x000001f0c7f61be0 Exception <a 'java/lang/IncompatibleClassChangeError'{0x0000000711f34a60}: Found class java.lang.Object, but interface was expected> (0x0000000711f34a60) 
thrown [s\open\src\hotspot\share\interpreter\linkResolver.cpp, line 840]

ZGC Phase Switch (0 events):
No events

VM Operations (20 events):
Event: 0.214 Executing VM operation: HandshakeAllThreads (Deoptimize)
Event: 0.214 Executing VM operation: HandshakeAllThreads (Deoptimize) done
Event: 0.251 Executing VM operation: HandshakeAllThreads (Deoptimize)
Event: 0.251 Executing VM operation: HandshakeAllThreads (Deoptimize) done
Event: 0.253 Executing VM operation: HandshakeAllThreads (Deoptimize)
Event: 0.253 Executing VM operation: HandshakeAllThreads (Deoptimize) done
Event: 0.419 Executing VM operation: HandshakeAllThreads (Deoptimize)
Event: 0.419 Executing VM operation: HandshakeAllThreads (Deoptimize) done
Event: 0.475 Executing VM operation: HandshakeAllThreads (Deoptimize)
Event: 0.475 Executing VM operation: HandshakeAllThreads (Deoptimize) done
Event: 0.499 Executing VM operation: HandshakeAllThreads (Deoptimize)
Event: 0.499 Executing VM operation: HandshakeAllThreads (Deoptimize) done
Event: 0.524 Executing VM operation: HandshakeAllThreads (Deoptimize)
Event: 0.524 Executing VM operation: HandshakeAllThreads (Deoptimize) done
Event: 0.529 Executing VM operation: HandshakeAllThreads (Deoptimize)
Event: 0.529 Executing VM operation: HandshakeAllThreads (Deoptimize) done
Event: 0.543 Executing VM operation: HandshakeAllThreads (Deoptimize)
Event: 0.543 Executing VM operation: HandshakeAllThreads (Deoptimize) done
Event: 0.555 Executing VM operation: G1CollectForAllocation (G1 Evacuation Pause)
Event: 0.559 Executing VM operation: G1CollectForAllocation (G1 Evacuation Pause) done

Events (17 events):
Event: 0.020 Thread 0x000001f0ecacff80 Thread added: 0x000001f0ecacff80
Event: 0.035 Thread 0x000001f0ffc5de90 Thread added: 0x000001f0ffc5de90
Event: 0.035 Thread 0x000001f0ffc5edb0 Thread added: 0x000001f0ffc5edb0
Event: 0.035 Thread 0x000001f0ffc5fcd0 Thread added: 0x000001f0ffc5fcd0
Event: 0.035 Thread 0x000001f0ffc638b0 Thread added: 0x000001f0ffc638b0
Event: 0.035 Thread 0x000001f0ffc64590 Thread added: 0x000001f0ffc64590
Event: 0.035 Thread 0x000001f0ffc64ff0 Thread added: 0x000001f0ffc64ff0
Event: 0.035 Thread 0x000001f0ffc74fc0 Thread added: 0x000001f0ffc74fc0
Event: 0.099 Thread 0x000001f0ffc27c50 Thread added: 0x000001f0ffc27c50
Event: 0.105 Thread 0x000001f0c704e7f0 Thread added: 0x000001f0c704e7f0
Event: 0.212 Thread 0x000001f0c73fe1a0 Thread added: 0x000001f0c73fe1a0
Event: 0.212 Thread 0x000001f0c73fe810 Thread added: 0x000001f0c73fe810
Event: 0.372 Thread 0x000001f0c7713f90 Thread added: 0x000001f0c7713f90
Event: 0.372 Thread 0x000001f0c7716650 Thread added: 0x000001f0c7716650
Event: 0.483 Thread 0x000001f0c7764810 Thread added: 0x000001f0c7764810
Event: 0.785 Thread 0x000001f0c7f434b0 Thread added: 0x000001f0c7f434b0
Event: 0.788 Thread 0x000001f0c7f61be0 Thread added: 0x000001f0c7f61be0


Dynamic libraries:
0x00007ff74a9b0000 - 0x00007ff74a9c0000 	C:\Program Files\Java\jdk-21\bin\java.exe
0x00007ffc25870000 - 0x00007ffc25a68000 	C:\Windows\SYSTEM32\ntdll.dll
0x00007ffc23980000 - 0x00007ffc23a3f000 	C:\Windows\System32\KERNEL32.DLL
0x00007ffc22f50000 - 0x00007ffc23246000 	C:\Windows\System32\KERNELBASE.dll
0x00007ffc23280000 - 0x00007ffc23380000 	C:\Windows\System32\ucrtbase.dll
0x00007ffc0f180000 - 0x00007ffc0f199000 	C:\Program Files\Java\jdk-21\bin\jli.dll
0x00007ffc0f070000 - 0x00007ffc0f08b000 	C:\Program Files\Java\jdk-21\bin\VCRUNTIME140.dll
0x00007ffc24dc0000 - 0x00007ffc24e6f000 	C:\Windows\System32\ADVAPI32.dll
0x00007ffc23f10000 - 0x00007ffc23fae000 	C:\Windows\System32\msvcrt.dll
0x00007ffc25790000 - 0x00007ffc2582c000 	C:\Windows\System32\sechost.dll
0x00007ffc23b60000 - 0x00007ffc23c86000 	C:\Windows\System32\RPCRT4.dll
0x00007ffc24560000 - 0x00007ffc246fd000 	C:\Windows\System32\USER32.dll
0x00007ffc0b710000 - 0x00007ffc0b9aa000 	C:\Windows\WinSxS\amd64_microsoft.windows.common-controls_6595b64144ccf1df_6.0.19041.1110_none_60b5254171f9507e\COMCTL32.dll
0x00007ffc237a0000 - 0x00007ffc237c2000 	C:\Windows\System32\win32u.dll
0x00007ffc25760000 - 0x00007ffc2578c000 	C:\Windows\System32\GDI32.dll
0x00007ffc234b0000 - 0x00007ffc235c5000 	C:\Windows\System32\gdi32full.dll
0x00007ffc23380000 - 0x00007ffc2341d000 	C:\Windows\System32\msvcp_win.dll
0x00007ffc178f0000 - 0x00007ffc178fa000 	C:\Windows\SYSTEM32\VERSION.dll
0x00007ffc23ad0000 - 0x00007ffc23b00000 	C:\Windows\System32\IMM32.DLL
0x00007ffc0f0f0000 - 0x00007ffc0f0fc000 	C:\Program Files\Java\jdk-21\bin\vcruntime140_1.dll
0x00007ffbf4370000 - 0x00007ffbf43fe000 	C:\Program Files\Java\jdk-21\bin\msvcp140.dll
0x00007ffbc9680000 - 0x00007ffbca397000 	C:\Program Files\Java\jdk-21\bin\server\jvm.dll
0x00007ffc24070000 - 0x00007ffc240db000 	C:\Windows\System32\WS2_32.dll
0x00007ffc22480000 - 0x00007ffc224cb000 	C:\Windows\SYSTEM32\POWRPROF.dll
0x00007ffc0cb30000 - 0x00007ffc0cb57000 	C:\Windows\SYSTEM32\WINMM.dll
0x00007ffc22340000 - 0x00007ffc22352000 	C:\Windows\SYSTEM32\UMPDC.dll
0x00007ffc20da0000 - 0x00007ffc20db2000 	C:\Windows\SYSTEM32\kernel.appcore.dll
0x00007ffc0e7e0000 - 0x00007ffc0e7ea000 	C:\Program Files\Java\jdk-21\bin\jimage.dll
0x00007ffc20630000 - 0x00007ffc20814000 	C:\Windows\SYSTEM32\DBGHELP.DLL
0x00007ffc0dd40000 - 0x00007ffc0dd74000 	C:\Windows\SYSTEM32\dbgcore.DLL
0x00007ffc23420000 - 0x00007ffc234a2000 	C:\Windows\System32\bcryptPrimitives.dll
0x00007ffc19ae0000 - 0x00007ffc19aef000 	C:\Program Files\Java\jdk-21\bin\instrument.dll
0x00007ffc0d710000 - 0x00007ffc0d72f000 	C:\Program Files\Java\jdk-21\bin\java.dll
0x00007ffc25010000 - 0x00007ffc25754000 	C:\Windows\System32\SHELL32.dll
0x00007ffc20fc0000 - 0x00007ffc21753000 	C:\Windows\SYSTEM32\windows.storage.dll
0x00007ffc247e0000 - 0x00007ffc24b34000 	C:\Windows\System32\combase.dll
0x00007ffc228c0000 - 0x00007ffc228ee000 	C:\Windows\SYSTEM32\Wldp.dll
0x00007ffc23fb0000 - 0x00007ffc2405d000 	C:\Windows\System32\SHCORE.dll
0x00007ffc23b00000 - 0x00007ffc23b55000 	C:\Windows\System32\shlwapi.dll
0x00007ffc22e90000 - 0x00007ffc22eaf000 	C:\Windows\SYSTEM32\profapi.dll
0x00007ffc08e80000 - 0x00007ffc08e98000 	C:\Program Files\Java\jdk-21\bin\zip.dll
0x00007ffc0e7d0000 - 0x00007ffc0e7e0000 	C:\Program Files\Java\jdk-21\bin\net.dll
0x00007ffc1afc0000 - 0x00007ffc1b0ca000 	C:\Windows\SYSTEM32\WINHTTP.dll
0x00007ffc226a0000 - 0x00007ffc2270a000 	C:\Windows\system32\mswsock.dll
0x00007ffc08ea0000 - 0x00007ffc08eb6000 	C:\Program Files\Java\jdk-21\bin\nio.dll
0x00007ffc0f100000 - 0x00007ffc0f11a000 	D:\JetBrains\IntelliJ IDEA 2023.2\bin\breakgen64.dll
0x00007ffc0d200000 - 0x00007ffc0d209000 	C:\Program Files\Java\jdk-21\bin\extnet.dll
0x00007ffc223b0000 - 0x00007ffc2247a000 	C:\Windows\SYSTEM32\DNSAPI.dll
0x00007ffc22360000 - 0x00007ffc2239c000 	C:\Windows\SYSTEM32\IPHLPAPI.DLL
0x00007ffc24060000 - 0x00007ffc24068000 	C:\Windows\System32\NSI.dll
0x00007ffc19be0000 - 0x00007ffc19bea000 	C:\Windows\System32\rasadhlp.dll
0x00007ffc176d0000 - 0x00007ffc17752000 	C:\Windows\System32\fwpuclnt.dll
0x00007ffc23250000 - 0x00007ffc23277000 	C:\Windows\System32\bcrypt.dll
0x00007ffc19750000 - 0x00007ffc1975a000 	C:\Program Files\Java\jdk-21\bin\management.dll
0x00007ffc18250000 - 0x00007ffc1825b000 	C:\Program Files\Java\jdk-21\bin\management_ext.dll
0x00007ffc240e0000 - 0x00007ffc240e8000 	C:\Windows\System32\PSAPI.DLL
0x00007ffc22900000 - 0x00007ffc22918000 	C:\Windows\SYSTEM32\CRYPTSP.dll
0x00007ffc21f70000 - 0x00007ffc21fa4000 	C:\Windows\system32\rsaenh.dll
0x00007ffc22e10000 - 0x00007ffc22e3e000 	C:\Windows\SYSTEM32\USERENV.dll
0x00007ffc22830000 - 0x00007ffc2283c000 	C:\Windows\SYSTEM32\CRYPTBASE.dll
0x00007ffbf7820000 - 0x00007ffbf7837000 	C:\Windows\system32\napinsp.dll
0x00007ffbf7800000 - 0x00007ffbf781b000 	C:\Windows\system32\pnrpnsp.dll
0x00007ffc04890000 - 0x00007ffc048a5000 	C:\Windows\system32\wshbth.dll
0x00007ffc1b640000 - 0x00007ffc1b65d000 	C:\Windows\system32\NLAapi.dll
0x00007ffbf77e0000 - 0x00007ffbf77f2000 	C:\Windows\System32\winrnr.dll
0x00007ffc08e60000 - 0x00007ffc08e70000 	C:\Program Files\Java\jdk-21\bin\verify.dll

dbghelp: loaded successfully - version: 4.0.5 - missing functions: none
symbol engine: initialized successfully - sym options: 0x614 - pdb path: .;C:\Program Files\Java\jdk-21\bin;C:\Windows\SYSTEM32;C:\Windows\WinSxS\amd64_microsoft.windows.common-controls_6595b64144ccf1df_6.0.19041.1110_none_60b5254171f9507e;C:\Program Files\Java\jdk-21\bin\server;D:\JetBrains\IntelliJ IDEA 2023.2\bin

VM Arguments:
jvm_args: -XX:TieredStopAtLevel=1 -Dspring.output.ansi.enabled=always -Dcom.sun.management.jmxremote -Dspring.jmx.enabled=true -Dspring.liveBeansView.mbeanDomain -Dspring.application.admin.enabled=true -Dmanagement.endpoints.jmx.exposure.include=* -javaagent:D:\JetBrains\IntelliJ IDEA 2023.2\lib\idea_rt.jar=53496:D:\JetBrains\IntelliJ IDEA 2023.2\bin -Dfile.encoding=UTF-8 -Dsun.stdout.encoding=UTF-8 -Dsun.stderr.encoding=UTF-8 
java_command: vn.job.JobBackendApplication
java_class_path (initial): D:\SpringbootTayJava\New folder\job-backend\target\classes;C:\Users\Admin\.m2\repository\org\springframework\boot\spring-boot-starter-actuator\3.3.4\spring-boot-starter-actuator-3.3.4.jar;C:\Users\Admin\.m2\repository\org\springframework\boot\spring-boot-starter\3.3.4\spring-boot-starter-3.3.4.jar;C:\Users\Admin\.m2\repository\org\springframework\boot\spring-boot-starter-logging\3.3.4\spring-boot-starter-logging-3.3.4.jar;C:\Users\Admin\.m2\repository\ch\qos\logback\logback-classic\1.5.8\logback-classic-1.5.8.jar;C:\Users\Admin\.m2\repository\ch\qos\logback\logback-core\1.5.8\logback-core-1.5.8.jar;C:\Users\Admin\.m2\repository\org\apache\logging\log4j\log4j-to-slf4j\2.23.1\log4j-to-slf4j-2.23.1.jar;C:\Users\Admin\.m2\repository\org\apache\logging\log4j\log4j-api\2.23.1\log4j-api-2.23.1.jar;C:\Users\Admin\.m2\repository\org\slf4j\jul-to-slf4j\2.0.16\jul-to-slf4j-2.0.16.jar;C:\Users\Admin\.m2\repository\jakarta\annotation\jakarta.annotation-api\2.1.1\jakarta.annotation-api-2.1.1.jar;C:\Users\Admin\.m2\repository\org\yaml\snakeyaml\2.2\snakeyaml-2.2.jar;C:\Users\Admin\.m2\repository\org\springframework\boot\spring-boot-actuator-autoconfigure\3.3.4\spring-boot-actuator-autoconfigure-3.3.4.jar;C:\Users\Admin\.m2\repository\org\springframework\boot\spring-boot-actuator\3.3.4\spring-boot-actuator-3.3.4.jar;C:\Users\Admin\.m2\repository\com\fasterxml\jackson\datatype\jackson-datatype-jsr310\2.17.2\jackson-datatype-jsr310-2.17.2.jar;C:\Users\Admin\.m2\repository\io\micrometer\micrometer-observation\1.13.4\micrometer-observation-1.13.4.jar;C:\Users\Admin\.m2\repository\io\micrometer\micrometer-commons\1.13.4\micrometer-commons-1.13.4.jar;C:\Users\Admin\.m2\repository\io\micrometer\micrometer-jakarta9\1.13.4\micrometer-jakarta9-1.13.4.jar;C:\Users\Admin\.m2\repository\io\micrometer\micrometer-core\1.13.4\micrometer-core-1.13.4.jar;C:\Users\Admin\.m2\repository\org\hdrhistogram\HdrHistogram\2.2.2\HdrHistogram-2.2.2.jar;C:\Users\Admin\.m2\repository\org\latencyutils\LatencyUtils\2.0.3\LatencyUtils-2.0.3.jar;C:\Users\Admin\.m2\repository\org\springframework\boot\spring-boot-starter-data-jpa\3.3.4\spring-boot-starter-data-jpa-3.3.4.jar;C:\Users\Admin\.m2\repository\org\springframework\boot\spring-boot-starter-aop\3.3.4\spring-boot-starter-aop-3.3.4.jar;C:\Users\Admin\.m2\repository\org\aspectj\aspectjweaver\1.9.22.1\aspectjweaver-1.9.22.1.jar;C:\Users\Admin\.m2\repository\org\springframework\boot\spring-boot-starter-jdbc\3.3.4\spring-boot-starter-jdbc-3.3.4.jar;C:\Users\Admin\.m2\repository\com\zaxxer\HikariCP\5.1.0\HikariCP-5.1.0.jar;C:\Users\Admin\.m2\repository\org\springframework\spring-jdbc\6.1.13\spring-jdbc-6.1.13.jar;C:\Users\Admin\.m2\repository\org\hibernate\orm\hibernate-core\6.5.3.Final\hibernate-core-6.5.3.Final.jar;C:\Users\Admin\.m2\repository\jakarta\persistence\jakarta.persistence-api\3.1.0\jakarta.persistence-api-3.1.0.jar;C:\Users\Admin\.m2\repository\jakarta\transaction\jakarta.transaction-api\2.0.1\jakarta.transaction-api-2.0.1.jar;C:\Users\Admin\.m2\repository\org\jboss\logging\jboss-logging\3.5.3.Final\jboss-logging-3.5.3.Final.jar;C:\Users\Admin\.m2\repository\org\hibernate\common\hibernate-commons-annotations\6.0.6.Final\hibernate-commons-annotations-6.0.6.Final.jar;C:\Users\Admin\.m2\repository\io\smallrye\jandex\3.1.2\jandex-3.1.2.jar;C:\Users\Admin\.m2\repository\com\fasterxml\classmate\1.7.0\classmate-1.7.0.jar;C:\Users\Admin\.m2\repository\net\bytebuddy\byte-buddy\1.14.19\byte-buddy-1.14.19.jar;C:\Users\Admin\.m2\repository\org\glassfish\jaxb\jaxb-runtime\4.0.5\jaxb-runtime-4.0.5.jar;C:\Users\Admin\.m2\repository\org\glassfish\jaxb\jaxb-core\4.0.5\jaxb-core-4.0.5.jar;C:\Users\Admin\.m2\repository\org\glassfish\jaxb\txw2\4.0.5\txw2-4.0.5.jar;C:\Users\Admin\.m2\repository\com\sun\istack\istack-commons-runtime\4.1.2\istack-commons-runtime-4.1.2.jar;C:\Users\Admin\.m2\repository\jakarta\inject\jakarta.inject-api\2.0.1\jakarta.inject-api-2.0.1.jar;C:\Users\Admin\.m2\repository\org\antlr\antlr4-runtime\4.13.0\antlr4-runtime-4.13.0.jar;C:\Users\Admin\.m2\repository\org\springframework\data\spring-data-jpa\3.3.4\spring-data-jpa-3.3.4.jar;C:\Users\Admin\.m2\repository\org\springframework\data\spring-data-commons\3.3.4\spring-data-commons-3.3.4.jar;C:\Users\Admin\.m2\repository\org\springframework\spring-orm\6.1.13\spring-orm-6.1.13.jar;C:\Users\Admin\.m2\repository\org\springframework\spring-context\6.1.13\spring-context-6.1.13.jar;C:\Users\Admin\.m2\repository\org\springframework\spring-tx\6.1.13\spring-tx-6.1.13.jar;C:\Users\Admin\.m2\repository\org\springframework\spring-beans\6.1.13\spring-beans-6.1.13.jar;C:\Users\Admin\.m2\repository\org\slf4j\slf4j-api\2.0.16\slf4j-api-2.0.16.jar;C:\Users\Admin\.m2\repository\org\springframework\spring-aspects\6.1.13\spring-aspects-6.1.13.jar;C:\Users\Admin\.m2\repository\org\springframework\boot\spring-boot-starter-mail\3.3.4\spring-boot-starter-mail-3.3.4.jar;C:\Users\Admin\.m2\repository\org\springframework\spring-context-support\6.1.13\spring-context-support-6.1.13.jar;C:\Users\Admin\.m2\repository\org\eclipse\angus\jakarta.mail\2.0.3\jakarta.mail-2.0.3.jar;C:\Users\Admin\.m2\repository\jakarta\activation\jakarta.activation-api\2.1.3\jakarta.activation-api-2.1.3.jar;C:\Users\Admin\.m2\repository\org\eclipse\angus\angus-activation\2.0.2\angus-activation-2.0.2.jar;C:\Users\Admin\.m2\repository\org\springframework\boot\spring-boot-starter-validation\3.3.4\spring-boot-starter-validation-3.3.4.jar;C:\Users\Admin\.m2\repository\org\apache\tomcat\embed\tomcat-embed-el\10.1.30\tomcat-embed-el-10.1.30.jar;C:\Users\Admin\.m2\repository\org\hibernate\validator\hibernate-validator\8.0.1.Final\hibernate-validator-8.0.1.Final.jar;C:\Users\Admin\.m2\repository\jakarta\validation\jakarta.validation-api\3.0.2\jakarta.validation-api-3.0.2.jar;C:\Users\Admin\.m2\repository\org\springframework\boot\spring-boot-starter-security\3.3.4\spring-boot-starter-security-3.3.4.jar;C:\Users\Admin\.m2\repository\org\springframework\spring-aop\6.1.13\spring-aop-6.1.13.jar;C:\Users\Admin\.m2\repository\org\springframework\security\spring-security-config\6.3.3\spring-security-config-6.3.3.jar;C:\Users\Admin\.m2\repository\org\springframework\security\spring-security-web\6.3.3\spring-security-web-6.3.3.jar;C:\Users\Admin\.m2\repository\org\springframework\spring-expression\6.1.13\spring-expression-6.1.13.jar;C:\Users\Admin\.m2\repository\org\springframework\boot\spring-boot-starter-web\3.3.4\spring-boot-starter-web-3.3.4.jar;C:\Users\Admin\.m2\repository\org\springframework\boot\spring-boot-starter-json\3.3.4\spring-boot-starter-json-3.3.4.jar;C:\Users\Admin\.m2\repository\com\fasterxml\jackson\datatype\jackson-datatype-jdk8\2.17.2\jackson-datatype-jdk8-2.17.2.jar;C:\Users\Admin\.m2\repository\com\fasterxml\jackson\module\jackson-module-parameter-names\2.17.2\jackson-module-parameter-names-2.17.2.jar;C:\Users\Admin\.m2\repository\org\springframework\boot\spring-boot-starter-tomcat\3.3.4\spring-boot-starter-tomcat-3.3.4.jar;C:\Users\Admin\.m2\repository\org\apache\tomcat\embed\tomcat-embed-core\10.1.30\tomcat-embed-core-10.1.30.jar;C:\Users\Admin\.m2\repository\org\apache\tomcat\embed\tomcat-embed-websocket\10.1.30\tomcat-embed-websocket-10.1.30.jar;C:\Users\Admin\.m2\repository\org\springframework\spring-web\6.1.13\spring-web-6.1.13.jar;C:\Users\Admin\.m2\repository\org\springframework\spring-webmvc\6.1.13\spring-webmvc-6.1.13.jar;C:\Users\Admin\.m2\repository\io\jsonwebtoken\jjwt-api\0.11.5\jjwt-api-0.11.5.jar;C:\Users\Admin\.m2\repository\io\jsonwebtoken\jjwt-impl\0.11.5\jjwt-impl-0.11.5.jar;C:\Users\Admin\.m2\repository\io\jsonwebtoken\jjwt-jackson\0.11.5\jjwt-jackson-0.11.5.jar;C:\Users\Admin\.m2\repository\com\fasterxml\jackson\core\jackson-databind\2.17.2\jackson-databind-2.17.2.jar;C:\Users\Admin\.m2\repository\org\springdoc\springdoc-openapi-starter-webmvc-ui\2.2.0\springdoc-openapi-starter-webmvc-ui-2.2.0.jar;C:\Users\Admin\.m2\repository\org\springdoc\springdoc-openapi-starter-webmvc-api\2.2.0\springdoc-openapi-starter-webmvc-api-2.2.0.jar;C:\Users\Admin\.m2\repository\org\springdoc\springdoc-openapi-starter-common\2.2.0\springdoc-openapi-starter-common-2.2.0.jar;C:\Users\Admin\.m2\repository\io\swagger\core\v3\swagger-core-jakarta\2.2.15\swagger-core-jakarta-2.2.15.jar;C:\Users\Admin\.m2\repository\org\apache\commons\commons-lang3\3.14.0\commons-lang3-3.14.0.jar;C:\Users\Admin\.m2\repository\io\swagger\core\v3\swagger-annotations-jakarta\2.2.15\swagger-annotations-jakarta-2.2.15.jar;C:\Users\Admin\.m2\repository\io\swagger\core\v3\swagger-models-jakarta\2.2.15\swagger-models-jakarta-2.2.15.jar;C:\Users\Admin\.m2\repository\com\fasterxml\jackson\dataformat\jackson-dataformat-yaml\2.17.2\jackson-dataformat-yaml-2.17.2.jar;C:\Users\Admin\.m2\repository\org\webjars\swagger-ui\5.2.0\swagger-ui-5.2.0.jar;C:\Users\Admin\.m2\repository\org\springframework\boot\spring-boot-devtools\3.3.4\spring-boot-devtools-3.3.4.jar;C:\Users\Admin\.m2\repository\org\springframework\boot\spring-boot\3.3.4\spring-boot-3.3.4.jar;C:\Users\Admin\.m2\repository\org\springframework\boot\spring-boot-autoconfigure\3.3.4\spring-boot-autoconfigure-3.3.4.jar;C:\Users\Admin\.m2\repository\com\mysql\mysql-connector-j\8.3.0\mysql-connector-j-8.3.0.jar;C:\Users\Admin\.m2\repository\com\sendgrid\sendgrid-java\4.10.1\sendgrid-java-4.10.1.jar;C:\Users\Admin\.m2\repository\com\sendgrid\java-http-client\4.5.0\java-http-client-4.5.0.jar;C:\Users\Admin\.m2\repository\org\apache\httpcomponents\httpcore\4.4.16\httpcore-4.4.16.jar;C:\Users\Admin\.m2\repository\org\apache\httpcomponents\httpclient\4.5.13\httpclient-4.5.13.jar;C:\Users\Admin\.m2\repository\commons-logging\commons-logging\1.2\commons-logging-1.2.jar;C:\Users\Admin\.m2\repository\commons-codec\commons-codec\1.16.1\commons-codec-1.16.1.jar;C:\Users\Admin\.m2\repository\com\fasterxml\jackson\core\jackson-core\2.17.2\jackson-core-2.17.2.jar;C:\Users\Admin\.m2\repository\com\fasterxml\jackson\core\jackson-annotations\2.17.2\jackson-annotations-2.17.2.jar;C:\Users\Admin\.m2\repository\org\bouncycastle\bcprov-jdk18on\1.76\bcprov-jdk18on-1.76.jar;C:\Users\Admin\.m2\repository\org\projectlombok\lombok\1.18.34\lombok-1.18.34.jar;C:\Users\Admin\.m2\repository\jakarta\xml\bind\jakarta.xml.bind-api\4.0.2\jakarta.xml.bind-api-4.0.2.jar;C:\Users\Admin\.m2\repository\org\springframework\spring-core\6.1.13\spring-core-6.1.13.jar;C:\Users\Admin\.m2\repository\org\springframework\spring-jcl\6.1.13\spring-jcl-6.1.13.jar;C:\Users\Admin\.m2\repository\org\springframework\security\spring-security-core\6.3.3\spring-security-core-6.3.3.jar;C:\Users\Admin\.m2\repository\org\springframework\security\spring-security-crypto\6.3.3\spring-security-crypto-6.3.3.jar;C:\Users\Admin\.m2\repository\com\turkraft\springfilter\jpa\3.1.7\jpa-3.1.7.jar;C:\Users\Admin\.m2\repository\com\turkraft\springfilter\core\3.1.7\core-3.1.7.jar;C:\Users\Admin\.m2\repository\com\turkraft\springfilter\jpa-language\3.1.7\jpa-language-3.1.7.jar
Launcher Type: SUN_STANDARD

[Global flags]
     intx CICompilerCount                          = 4                                         {product} {ergonomic}
     uint ConcGCThreads                            = 2                                         {product} {ergonomic}
     uint G1ConcRefinementThreads                  = 8                                         {product} {ergonomic}
   size_t G1HeapRegionSize                         = 2097152                                   {product} {ergonomic}
    uintx GCDrainStackTargetSize                   = 64                                        {product} {ergonomic}
   size_t InitialHeapSize                          = 266338304                                 {product} {ergonomic}
     bool ManagementServer                         = true                                      {product} {command line}
   size_t MarkStackSize                            = 4194304                                   {product} {ergonomic}
   size_t MaxHeapSize                              = 4240441344                                {product} {ergonomic}
   size_t MaxNewSize                               = 2543845376                                {product} {ergonomic}
   size_t MinHeapDeltaBytes                        = 2097152                                   {product} {ergonomic}
   size_t MinHeapSize                              = 8388608                                   {product} {ergonomic}
    uintx NonNMethodCodeHeapSize                   = 4096                                   {pd product} {ergonomic}
    uintx NonProfiledCodeHeapSize                  = 0                                      {pd product} {ergonomic}
     bool ProfileInterpreter                       = false                                  {pd product} {command line}
    uintx ProfiledCodeHeapSize                     = 0                                      {pd product} {ergonomic}
   size_t SoftMaxHeapSize                          = 4240441344                             {manageable} {ergonomic}
     intx TieredStopAtLevel                        = 1                                         {product} {command line}
     bool UseCompressedOops                        = true                           {product lp64_product} {ergonomic}
     bool UseG1GC                                  = true                                      {product} {ergonomic}
     bool UseLargePagesIndividualAllocation        = false                                  {pd product} {ergonomic}

Logging:
Log output configuration:
 #0: stdout all=warning uptime,level,tags foldmultilines=false
 #1: stderr all=off uptime,level,tags foldmultilines=false

Environment Variables:
JAVA_HOME=C:\Program Files\Java\jdk-17
PATH=C:\Program Files\Common Files\Oracle\Java\javapath;C:\Windows\system32;C:\Windows;C:\Windows\System32\Wbem;C:\Windows\System32\WindowsPowerShell\v1.0\;C:\Windows\System32\OpenSSH\;C:\Program Files\Git\cmd;C:\Program Files\MySQL\MySQL Server 8.0\bin;C:\Program Files\dotnet\;D:\apache-maven-3.9.9\bin;C:\ProgramData\chocolatey\bin;C:\Program Files\nodejs;C:\Users\Admin\AppData\Local\Microsoft\WindowsApps;C:\Users\Admin\AppData\Local\Programs\Microsoft VS Code\bin;D:\MYSQL\bin;C:\Users\Admin\AppData\Roaming\npm;
USERNAME=Admin
OS=Windows_NT
PROCESSOR_IDENTIFIER=Intel64 Family 6 Model 165 Stepping 2, GenuineIntel
TMP=C:\Users\Admin\AppData\Local\Temp
TEMP=C:\Users\Admin\AppData\Local\Temp




Periodic native trim disabled

---------------  S Y S T E M  ---------------

OS:
 Windows 10 , 64 bit Build 19041 (10.0.19041.3031)
OS uptime: 6 days 3:16 hours
Hyper-V role detected

CPU: total 8 (initial active 8) (4 cores per cpu, 2 threads per core) family 6 model 165 stepping 2 microcode 0xc8, cx8, cmov, fxsr, ht, mmx, 3dnowpref, sse, sse2, sse3, ssse3, sse4.1, sse4.2, popcnt, lzcnt, tsc, tscinvbit, avx, avx2, aes, erms, clmul, bmi1, bmi2, adx, fma, vzeroupper, clflush, clflushopt, hv, rdtscp, f16c
Processor Information for all 8 processors :
  Max Mhz: 2496, Current Mhz: 2496, Mhz Limit: 2496

Memory: 4k page, system-wide physical 16171M (4968M free)
TotalPageFile size 21291M (AvailPageFile size 4M)
current process WorkingSet (physical memory assigned to process): 84M, peak: 84M
current process commit charge ("private bytes"): 355M, peak: 355M

vm_info: Java HotSpot(TM) 64-Bit Server VM (21.0.2+13-LTS-58) for windows-amd64 JRE (21.0.2+13-LTS-58), built on 2024-01-05T18:32:24Z by "mach5one" with MS VC++ 17.1 (VS2022)

END.
