#
# There is insufficient memory for the Java Runtime Environment to continue.
# Native memory allocation (mmap) failed to map 266338304 bytes for G1 virtual space
# Possible reasons:
#   The system is out of physical RAM or swap space
#   The process is running with CompressedOops enabled, and the Java Heap may be blocking the growth of the native heap
# Possible solutions:
#   Reduce memory load on the system
#   Increase physical memory or swap space
#   Check if swap backing store is full
#   Decrease Java heap size (-Xmx/-Xms)
#   Decrease number of Java threads
#   Decrease Java thread stack sizes (-Xss)
#   Set larger code cache with -XX:ReservedCodeCacheSize=
#   JVM is running with Zero Based Compressed Oops mode in which the Java heap is
#     placed in the first 32GB address space. The Java Heap base address is the
#     maximum limit for the native heap growth. Please use -XX:HeapBaseMinAddress
#     to set the Java Heap base and to place the Java Heap above 32GB virtual address.
# This output file may be truncated or incomplete.
#
#  Out of Memory Error (os_windows.cpp:3552), pid=2760, tid=12604
#
# JRE version:  (17.0.9+11) (build )
# Java VM: Java HotSpot(TM) 64-Bit Server VM (17.0.9+11-LTS-201, mixed mode, sharing, tiered, compressed oops, compressed class ptrs, g1 gc, windows-amd64)
# No core dump will be written. Minidumps are not enabled by default on client versions of Windows
#

---------------  S U M M A R Y ------------

Command Line: -Dnet.bytebuddy.agent.attacher.dump= net.bytebuddy.agent.Attacher com.sun.tools.attach.VirtualMachine 8120 C:\Users\Admin\.m2\repository\net\bytebuddy\byte-buddy-agent\1.14.19\byte-buddy-agent-1.14.19.jar false 

Host: Intel(R) Core(TM) i5-10300H CPU @ 2.50GHz, 8 cores, 15G,  Windows 10 , 64 bit Build 19041 (10.0.19041.3031)
Time: Wed Oct 23 21:11:48 2024 SE Asia Standard Time elapsed time: 0.017069 seconds (0d 0h 0m 0s)

---------------  T H R E A D  ---------------

Current thread (0x000002b8a4fce9d0):  JavaThread "Unknown thread" [_thread_in_vm, id=12604, stack(0x000000d42e800000,0x000000d42e900000)]

Stack: [0x000000d42e800000,0x000000d42e900000]
Native frames: (J=compiled Java code, j=interpreted, Vv=VM code, C=native code)
V  [jvm.dll+0x678a4a]
V  [jvm.dll+0x7d9cfd]
V  [jvm.dll+0x7db60e]
V  [jvm.dll+0x7dbc73]
V  [jvm.dll+0x245e1f]
V  [jvm.dll+0x6758f9]
V  [jvm.dll+0x66a2a2]
V  [jvm.dll+0x303686]
V  [jvm.dll+0x30ac06]
V  [jvm.dll+0x35a48e]
V  [jvm.dll+0x35a6bf]
V  [jvm.dll+0x2da678]
V  [jvm.dll+0x2db5e4]
V  [jvm.dll+0x7ab6b1]
V  [jvm.dll+0x368041]
V  [jvm.dll+0x78a749]
V  [jvm.dll+0x3ebd4f]
V  [jvm.dll+0x3ed7d1]
C  [jli.dll+0x5297]
C  [ucrtbase.dll+0x21bb2]
C  [KERNEL32.DLL+0x17614]
C  [ntdll.dll+0x526f1]


---------------  P R O C E S S  ---------------

Threads class SMR info:
_java_thread_list=0x00007ffb19b489d8, length=0, elements={
}

Java Threads: ( => current thread )

Other Threads:
  0x000002b8a717a210 GCTaskThread "GC Thread#0" [stack: 0x000000d42e900000,0x000000d42ea00000] [id=16672]
  0x000002b8a718ae20 ConcurrentGCThread "G1 Main Marker" [stack: 0x000000d42ea00000,0x000000d42eb00000] [id=2832]
  0x000002b8a718bfd0 ConcurrentGCThread "G1 Conc#0" [stack: 0x000000d42eb00000,0x000000d42ec00000] [id=14964]

[error occurred during error reporting (printing all threads), id 0xc0000005, EXCEPTION_ACCESS_VIOLATION (0xc0000005) at pc=0x00007ffb1937b2d7]

VM state: not at safepoint (not fully initialized)

VM Mutex/Monitor currently owned by a thread:  ([mutex/lock_event])
[0x000002b8a710bb70] Heap_lock - owner thread: 0x000002b8a4fce9d0

Heap address: 0x0000000703400000, size: 4044 MB, Compressed Oops mode: Zero based, Oop shift amount: 3

CDS archive(s) mapped at: [0x0000000000000000-0x0000000000000000-0x0000000000000000), size 0, SharedBaseAddress: 0x0000000800000000, ArchiveRelocationMode: 1.
Narrow klass base: 0x0000000000000000, Narrow klass shift: 0, Narrow klass range: 0x0

GC Precious Log:
<Empty>

Heap:
 garbage-first heap   total 0K, used 0K [0x0000000703400000, 0x0000000800000000)
  region size 2048K, 0 young (0K), 0 survivors (0K)

[error occurred during error reporting (printing heap information), id 0xc0000005, EXCEPTION_ACCESS_VIOLATION (0xc0000005) at pc=0x00007ffb19762229]

GC Heap History (0 events):
No events

Deoptimization events (0 events):
No events

Classes unloaded (0 events):
No events

Classes redefined (0 events):
No events

Internal exceptions (0 events):
No events

VM Operations (0 events):
No events

Events (1 events):
Event: 0.004 Loaded shared library C:\Program Files\Java\jdk-17\bin\java.dll


Dynamic libraries:
0x00007ff78c690000 - 0x00007ff78c6a0000 	C:\Program Files\Java\jdk-17\bin\java.exe
0x00007ffb73cf0000 - 0x00007ffb73ee8000 	C:\Windows\SYSTEM32\ntdll.dll
0x00007ffb738e0000 - 0x00007ffb7399f000 	C:\Windows\System32\KERNEL32.DLL
0x00007ffb71860000 - 0x00007ffb71b56000 	C:\Windows\System32\KERNELBASE.dll
0x00007ffb716e0000 - 0x00007ffb717e0000 	C:\Windows\System32\ucrtbase.dll
0x00007ffb5d4d0000 - 0x00007ffb5d4eb000 	C:\Program Files\Java\jdk-17\bin\VCRUNTIME140.dll
0x00007ffb5c2e0000 - 0x00007ffb5c2f9000 	C:\Program Files\Java\jdk-17\bin\jli.dll
0x00007ffb73830000 - 0x00007ffb738df000 	C:\Windows\System32\ADVAPI32.dll
0x00007ffb73aa0000 - 0x00007ffb73b3e000 	C:\Windows\System32\msvcrt.dll
0x00007ffb723a0000 - 0x00007ffb7243c000 	C:\Windows\System32\sechost.dll
0x00007ffb72440000 - 0x00007ffb72566000 	C:\Windows\System32\RPCRT4.dll
0x00007ffb71de0000 - 0x00007ffb71f7d000 	C:\Windows\System32\USER32.dll
0x00007ffb54970000 - 0x00007ffb54c0a000 	C:\Windows\WinSxS\amd64_microsoft.windows.common-controls_6595b64144ccf1df_6.0.19041.1110_none_60b5254171f9507e\COMCTL32.dll
0x00007ffb717e0000 - 0x00007ffb71802000 	C:\Windows\System32\win32u.dll
0x00007ffb73c20000 - 0x00007ffb73c4c000 	C:\Windows\System32\GDI32.dll
0x00007ffb71b90000 - 0x00007ffb71ca5000 	C:\Windows\System32\gdi32full.dll
0x00007ffb71cb0000 - 0x00007ffb71d4d000 	C:\Windows\System32\msvcp_win.dll
0x00007ffb656a0000 - 0x00007ffb656aa000 	C:\Windows\SYSTEM32\VERSION.dll
0x00007ffb72370000 - 0x00007ffb723a0000 	C:\Windows\System32\IMM32.DLL
0x00007ffb584e0000 - 0x00007ffb584ec000 	C:\Program Files\Java\jdk-17\bin\vcruntime140_1.dll
0x00007ffb4c800000 - 0x00007ffb4c88e000 	C:\Program Files\Java\jdk-17\bin\msvcp140.dll
0x00007ffb19090000 - 0x00007ffb19c71000 	C:\Program Files\Java\jdk-17\bin\server\jvm.dll
0x00007ffb739d0000 - 0x00007ffb739d8000 	C:\Windows\System32\PSAPI.DLL
0x00007ffb5f130000 - 0x00007ffb5f157000 	C:\Windows\SYSTEM32\WINMM.dll
0x00007ffb4c320000 - 0x00007ffb4c329000 	C:\Windows\SYSTEM32\WSOCK32.dll
0x00007ffb72920000 - 0x00007ffb7298b000 	C:\Windows\System32\WS2_32.dll
0x00007ffb6fbc0000 - 0x00007ffb6fbd2000 	C:\Windows\SYSTEM32\kernel.appcore.dll
0x00007ffb584d0000 - 0x00007ffb584da000 	C:\Program Files\Java\jdk-17\bin\jimage.dll
0x00007ffb6efd0000 - 0x00007ffb6f1b4000 	C:\Windows\SYSTEM32\DBGHELP.DLL
0x00007ffb60260000 - 0x00007ffb60294000 	C:\Windows\SYSTEM32\dbgcore.DLL
0x00007ffb71650000 - 0x00007ffb716d2000 	C:\Windows\System32\bcryptPrimitives.dll
0x00007ffb53d20000 - 0x00007ffb53d45000 	C:\Program Files\Java\jdk-17\bin\java.dll

dbghelp: loaded successfully - version: 4.0.5 - missing functions: none
symbol engine: initialized successfully - sym options: 0x614 - pdb path: .;C:\Program Files\Java\jdk-17\bin;C:\Windows\SYSTEM32;C:\Windows\WinSxS\amd64_microsoft.windows.common-controls_6595b64144ccf1df_6.0.19041.1110_none_60b5254171f9507e;C:\Program Files\Java\jdk-17\bin\server

VM Arguments:
jvm_args: -Dnet.bytebuddy.agent.attacher.dump= 
java_command: net.bytebuddy.agent.Attacher com.sun.tools.attach.VirtualMachine 8120 C:\Users\Admin\.m2\repository\net\bytebuddy\byte-buddy-agent\1.14.19\byte-buddy-agent-1.14.19.jar false 
java_class_path (initial): C:\Users\Admin\.m2\repository\net\bytebuddy\byte-buddy-agent\1.14.19\byte-buddy-agent-1.14.19.jar
Launcher Type: SUN_STANDARD

[Global flags]
     intx CICompilerCount                          = 4                                         {product} {ergonomic}
     uint ConcGCThreads                            = 2                                         {product} {ergonomic}
     uint G1ConcRefinementThreads                  = 8                                         {product} {ergonomic}
   size_t G1HeapRegionSize                         = 2097152                                   {product} {ergonomic}
    uintx GCDrainStackTargetSize                   = 64                                        {product} {ergonomic}
   size_t InitialHeapSize                          = 266338304                                 {product} {ergonomic}
   size_t MarkStackSize                            = 4194304                                   {product} {ergonomic}
   size_t MaxHeapSize                              = 4240441344                                {product} {ergonomic}
   size_t MinHeapDeltaBytes                        = 2097152                                   {product} {ergonomic}
   size_t MinHeapSize                              = 8388608                                   {product} {ergonomic}
    uintx NonNMethodCodeHeapSize                   = 5839372                                {pd product} {ergonomic}
    uintx NonProfiledCodeHeapSize                  = 122909434                              {pd product} {ergonomic}
    uintx ProfiledCodeHeapSize                     = 122909434                              {pd product} {ergonomic}
    uintx ReservedCodeCacheSize                    = 251658240                              {pd product} {ergonomic}
     bool SegmentedCodeCache                       = true                                      {product} {ergonomic}
   size_t SoftMaxHeapSize                          = 4240441344                             {manageable} {ergonomic}
     bool UseCompressedClassPointers               = true                           {product lp64_product} {ergonomic}
     bool UseCompressedOops                        = true                           {product lp64_product} {ergonomic}
     bool UseG1GC                                  = true                                      {product} {ergonomic}
     bool UseLargePagesIndividualAllocation        = false                                  {pd product} {ergonomic}

Logging:
Log output configuration:
 #0: stdout all=warning uptime,level,tags
 #1: stderr all=off uptime,level,tags

Environment Variables:
JAVA_HOME=C:\Program Files\Java\jdk-17
PATH=C:\Program Files\Common Files\Oracle\Java\javapath;C:\Windows\system32;C:\Windows;C:\Windows\System32\Wbem;C:\Windows\System32\WindowsPowerShell\v1.0\;C:\Windows\System32\OpenSSH\;C:\Program Files\Git\cmd;C:\Program Files\MySQL\MySQL Server 8.0\bin;C:\Program Files\dotnet\;D:\apache-maven-3.9.9\bin;C:\ProgramData\chocolatey\bin;C:\Program Files\nodejs;;C:\Program Files\Docker\Docker\resources\bin;C:\Users\Admin\AppData\Local\Microsoft\WindowsApps;C:\Users\Admin\AppData\Local\Programs\Microsoft VS Code\bin;D:\MYSQL\bin;C:\Users\Admin\AppData\Roaming\npm;
USERNAME=Admin
OS=Windows_NT
PROCESSOR_IDENTIFIER=Intel64 Family 6 Model 165 Stepping 2, GenuineIntel



---------------  S Y S T E M  ---------------

OS:
 Windows 10 , 64 bit Build 19041 (10.0.19041.3031)
OS uptime: 2 days 3:16 hours
Hyper-V role detected

CPU: total 8 (initial active 8) (4 cores per cpu, 2 threads per core) family 6 model 165 stepping 2 microcode 0xc8, cx8, cmov, fxsr, ht, mmx, 3dnowpref, sse, sse2, sse3, ssse3, sse4.1, sse4.2, popcnt, lzcnt, tsc, tscinvbit, avx, avx2, aes, erms, clmul, bmi1, bmi2, adx, fma, vzeroupper, clflush, clflushopt, hv

Memory: 4k page, system-wide physical 16171M (1851M free)
TotalPageFile size 21291M (AvailPageFile size 20M)
current process WorkingSet (physical memory assigned to process): 10M, peak: 10M
current process commit charge ("private bytes"): 60M, peak: 314M

vm_info: Java HotSpot(TM) 64-Bit Server VM (17.0.9+11-LTS-201) for windows-amd64 JRE (17.0.9+11-LTS-201), built on Oct 10 2023 23:16:06 by "mach5one" with MS VC++ 17.1 (VS2022)

END.
