#
# There is insufficient memory for the Java Runtime Environment to continue.
# Native memory allocation (malloc) failed to allocate 32744 bytes for ChunkPool::allocate
# Possible reasons:
#   The system is out of physical RAM or swap space
#   The process is running with CompressedOops enabled, and the Java Heap may be blocking the growth of the native heap
# Possible solutions:
#   Reduce memory load on the system
#   Increase physical memory or swap space
#   Check if swap backing store is full
#   Decrease Java heap size (-Xmx/-Xms)
#   Decrease number of Java threads
#   Decrease Java thread stack sizes (-Xss)
#   Set larger code cache with -XX:ReservedCodeCacheSize=
#   JVM is running with Zero Based Compressed Oops mode in which the Java heap is
#     placed in the first 32GB address space. The Java Heap base address is the
#     maximum limit for the native heap growth. Please use -XX:HeapBaseMinAddress
#     to set the Java Heap base and to place the Java Heap above 32GB virtual address.
# This output file may be truncated or incomplete.
#
#  Out of Memory Error (arena.cpp:78), pid=9500, tid=16548
#
# JRE version: Java(TM) SE Runtime Environment (17.0.9+11) (build 17.0.9+11-LTS-201)
# Java VM: Java HotSpot(TM) 64-Bit Server VM (17.0.9+11-LTS-201, mixed mode, sharing, tiered, compressed oops, compressed class ptrs, g1 gc, windows-amd64)
# No core dump will be written. Minidumps are not enabled by default on client versions of Windows
#

---------------  S U M M A R Y ------------

Command Line: C:\Users\Admin\AppData\Local\Temp\surefire17760293933351555791\surefirebooter-20241016164314653_3.jar C:\Users\Admin\AppData\Local\Temp\surefire17760293933351555791 2024-10-16T16-43-14_527-jvmRun1 surefire-20241016164314653_1tmp surefire_0-20241016164314653_2tmp

Host: Intel(R) Core(TM) i5-10300H CPU @ 2.50GHz, 8 cores, 15G,  Windows 10 , 64 bit Build 19041 (10.0.19041.3031)
Time: Wed Oct 16 16:43:15 2024 SE Asia Standard Time elapsed time: 0.280020 seconds (0d 0h 0m 0s)

---------------  T H R E A D  ---------------

Current thread (0x000002493f343990):  JavaThread "C1 CompilerThread0" daemon [_thread_in_native, id=16548, stack(0x0000005ae6000000,0x0000005ae6100000)]


Current CompileTask:
C1:    280  748       3       java.lang.reflect.Modifier::isProtected (12 bytes)

Stack: [0x0000005ae6000000,0x0000005ae6100000]
Native frames: (J=compiled Java code, j=interpreted, Vv=VM code, C=native code)
V  [jvm.dll+0x678a4a]
V  [jvm.dll+0x7d9cfd]
V  [jvm.dll+0x7db60e]
V  [jvm.dll+0x7dbc73]
V  [jvm.dll+0x245e1f]
V  [jvm.dll+0xaad50]
V  [jvm.dll+0xab09c]
V  [jvm.dll+0x1750ba]
V  [jvm.dll+0x176776]
V  [jvm.dll+0x179ebf]
V  [jvm.dll+0x134e03]
V  [jvm.dll+0x13471f]
V  [jvm.dll+0x134958]
V  [jvm.dll+0x133df1]
V  [jvm.dll+0x135a8d]
V  [jvm.dll+0x2272de]
V  [jvm.dll+0x22548b]
V  [jvm.dll+0x78f58c]
V  [jvm.dll+0x78998a]
V  [jvm.dll+0x677875]
C  [ucrtbase.dll+0x21bb2]
C  [KERNEL32.DLL+0x17614]
C  [ntdll.dll+0x526f1]


---------------  P R O C E S S  ---------------

Threads class SMR info:
_java_thread_list=0x00000249854bd100, length=15, elements={
0x000002491a57afe0, 0x000002493f324a20, 0x000002493f3257b0, 0x000002493f33c450,
0x000002493f33dd30, 0x000002493f33e600, 0x000002493f33eed0, 0x000002493f342fd0,
0x000002493f343990, 0x000002493f3462b0, 0x000002493f585520, 0x000002493f58be30,
0x000002493f6d7640, 0x000002498547ffd0, 0x00000249850d8370
}

Java Threads: ( => current thread )
  0x000002491a57afe0 JavaThread "main" [_thread_in_vm, id=16104, stack(0x0000005ae5200000,0x0000005ae5300000)]
  0x000002493f324a20 JavaThread "Reference Handler" daemon [_thread_blocked, id=9928, stack(0x0000005ae5900000,0x0000005ae5a00000)]
  0x000002493f3257b0 JavaThread "Finalizer" daemon [_thread_blocked, id=14496, stack(0x0000005ae5a00000,0x0000005ae5b00000)]
  0x000002493f33c450 JavaThread "Signal Dispatcher" daemon [_thread_blocked, id=17992, stack(0x0000005ae5b00000,0x0000005ae5c00000)]
  0x000002493f33dd30 JavaThread "Attach Listener" daemon [_thread_blocked, id=12668, stack(0x0000005ae5c00000,0x0000005ae5d00000)]
  0x000002493f33e600 JavaThread "Service Thread" daemon [_thread_blocked, id=4708, stack(0x0000005ae5d00000,0x0000005ae5e00000)]
  0x000002493f33eed0 JavaThread "Monitor Deflation Thread" daemon [_thread_blocked, id=11752, stack(0x0000005ae5e00000,0x0000005ae5f00000)]
  0x000002493f342fd0 JavaThread "C2 CompilerThread0" daemon [_thread_in_native, id=4456, stack(0x0000005ae5f00000,0x0000005ae6000000)]
=>0x000002493f343990 JavaThread "C1 CompilerThread0" daemon [_thread_in_native, id=16548, stack(0x0000005ae6000000,0x0000005ae6100000)]
  0x000002493f3462b0 JavaThread "Sweeper thread" daemon [_thread_blocked, id=13220, stack(0x0000005ae6100000,0x0000005ae6200000)]
  0x000002493f585520 JavaThread "Notification Thread" daemon [_thread_blocked, id=9200, stack(0x0000005ae6200000,0x0000005ae6300000)]
  0x000002493f58be30 JavaThread "Common-Cleaner" daemon [_thread_blocked, id=11544, stack(0x0000005ae6400000,0x0000005ae6500000)]
  0x000002493f6d7640 JavaThread "C2 CompilerThread1" daemon [_thread_in_native, id=2472, stack(0x0000005ae6500000,0x0000005ae6600000)]
  0x000002498547ffd0 JavaThread "surefire-forkedjvm-stream-flusher" daemon [_thread_blocked, id=8720, stack(0x0000005ae6600000,0x0000005ae6700000)]
  0x00000249850d8370 JavaThread "surefire-forkedjvm-command-thread" daemon [_thread_in_native, id=16972, stack(0x0000005ae6700000,0x0000005ae6800000)]

Other Threads:
  0x000002493f31bef0 VMThread "VM Thread" [stack: 0x0000005ae5800000,0x0000005ae5900000] [id=18508]
  0x000002491a734f20 WatcherThread [stack: 0x0000005ae6300000,0x0000005ae6400000] [id=2204]
  0x000002491a71c990 GCTaskThread "GC Thread#0" [stack: 0x0000005ae5300000,0x0000005ae5400000] [id=6468]
  0x000002491a72d4b0 ConcurrentGCThread "G1 Main Marker" [stack: 0x0000005ae5400000,0x0000005ae5500000] [id=3336]
  0x000002491a72e570 ConcurrentGCThread "G1 Conc#0" [stack: 0x0000005ae5500000,0x0000005ae5600000] [id=3552]
  0x000002493f1e30e0 ConcurrentGCThread "G1 Refine#0" [stack: 0x0000005ae5600000,0x0000005ae5700000] [id=19272]
  0x000002493f1e3a20 ConcurrentGCThread "G1 Service" [stack: 0x0000005ae5700000,0x0000005ae5800000] [id=11344]

Threads with active compile tasks:
C2 CompilerThread0      292  722   !   4       jdk.internal.loader.URLClassPath$JarLoader::getResource (65 bytes)
C1 CompilerThread0      292  748       3       java.lang.reflect.Modifier::isProtected (12 bytes)
C2 CompilerThread1      292  700       4       java.util.jar.JarFile::getEntry (35 bytes)

VM state: not at safepoint (normal execution)

VM Mutex/Monitor currently owned by a thread:  ([mutex/lock_event])
[0x000002491a6aeed0] Metaspace_lock - owner thread: 0x000002491a57afe0

Heap address: 0x0000000703400000, size: 4044 MB, Compressed Oops mode: Zero based, Oop shift amount: 3

CDS archive(s) mapped at: [0x0000024940000000-0x0000024940bd0000-0x0000024940bd0000), size 12386304, SharedBaseAddress: 0x0000024940000000, ArchiveRelocationMode: 1.
Compressed class space mapped at: 0x0000024941000000-0x0000024981000000, reserved size: 1073741824
Narrow klass base: 0x0000024940000000, Narrow klass shift: 0, Narrow klass range: 0x100000000

GC Precious Log:
 CPUs: 8 total, 8 available
 Memory: 16171M
 Large Page Support: Disabled
 NUMA Support: Disabled
 Compressed Oops: Enabled (Zero based)
 Heap Region Size: 2M
 Heap Min Capacity: 8M
 Heap Initial Capacity: 254M
 Heap Max Capacity: 4044M
 Pre-touch: Disabled
 Parallel Workers: 8
 Concurrent Workers: 2
 Concurrent Refinement Workers: 8
 Periodic GC: Disabled

Heap:
 garbage-first heap   total 260096K, used 16384K [0x0000000703400000, 0x0000000800000000)
  region size 2048K, 10 young (20480K), 0 survivors (0K)
 Metaspace       used 2679K, committed 2752K, reserved 1114112K
  class space    used 275K, committed 320K, reserved 1048576K

Heap Regions: E=young(eden), S=young(survivor), O=old, HS=humongous(starts), HC=humongous(continues), CS=collection set, F=free, OA=open archive, CA=closed archive, TAMS=top-at-mark-start (previous, next)
|   0|0x0000000703400000, 0x0000000703400000, 0x0000000703600000|  0%| F|  |TAMS 0x0000000703400000, 0x0000000703400000| Untracked 
|   1|0x0000000703600000, 0x0000000703600000, 0x0000000703800000|  0%| F|  |TAMS 0x0000000703600000, 0x0000000703600000| Untracked 
|   2|0x0000000703800000, 0x0000000703800000, 0x0000000703a00000|  0%| F|  |TAMS 0x0000000703800000, 0x0000000703800000| Untracked 
|   3|0x0000000703a00000, 0x0000000703a00000, 0x0000000703c00000|  0%| F|  |TAMS 0x0000000703a00000, 0x0000000703a00000| Untracked 
|   4|0x0000000703c00000, 0x0000000703c00000, 0x0000000703e00000|  0%| F|  |TAMS 0x0000000703c00000, 0x0000000703c00000| Untracked 
|   5|0x0000000703e00000, 0x0000000703e00000, 0x0000000704000000|  0%| F|  |TAMS 0x0000000703e00000, 0x0000000703e00000| Untracked 
|   6|0x0000000704000000, 0x0000000704000000, 0x0000000704200000|  0%| F|  |TAMS 0x0000000704000000, 0x0000000704000000| Untracked 
|   7|0x0000000704200000, 0x0000000704200000, 0x0000000704400000|  0%| F|  |TAMS 0x0000000704200000, 0x0000000704200000| Untracked 
|   8|0x0000000704400000, 0x0000000704400000, 0x0000000704600000|  0%| F|  |TAMS 0x0000000704400000, 0x0000000704400000| Untracked 
|   9|0x0000000704600000, 0x0000000704600000, 0x0000000704800000|  0%| F|  |TAMS 0x0000000704600000, 0x0000000704600000| Untracked 
|  10|0x0000000704800000, 0x0000000704800000, 0x0000000704a00000|  0%| F|  |TAMS 0x0000000704800000, 0x0000000704800000| Untracked 
|  11|0x0000000704a00000, 0x0000000704a00000, 0x0000000704c00000|  0%| F|  |TAMS 0x0000000704a00000, 0x0000000704a00000| Untracked 
|  12|0x0000000704c00000, 0x0000000704c00000, 0x0000000704e00000|  0%| F|  |TAMS 0x0000000704c00000, 0x0000000704c00000| Untracked 
|  13|0x0000000704e00000, 0x0000000704e00000, 0x0000000705000000|  0%| F|  |TAMS 0x0000000704e00000, 0x0000000704e00000| Untracked 
|  14|0x0000000705000000, 0x0000000705000000, 0x0000000705200000|  0%| F|  |TAMS 0x0000000705000000, 0x0000000705000000| Untracked 
|  15|0x0000000705200000, 0x0000000705200000, 0x0000000705400000|  0%| F|  |TAMS 0x0000000705200000, 0x0000000705200000| Untracked 
|  16|0x0000000705400000, 0x0000000705400000, 0x0000000705600000|  0%| F|  |TAMS 0x0000000705400000, 0x0000000705400000| Untracked 
|  17|0x0000000705600000, 0x0000000705600000, 0x0000000705800000|  0%| F|  |TAMS 0x0000000705600000, 0x0000000705600000| Untracked 
|  18|0x0000000705800000, 0x0000000705800000, 0x0000000705a00000|  0%| F|  |TAMS 0x0000000705800000, 0x0000000705800000| Untracked 
|  19|0x0000000705a00000, 0x0000000705a00000, 0x0000000705c00000|  0%| F|  |TAMS 0x0000000705a00000, 0x0000000705a00000| Untracked 
|  20|0x0000000705c00000, 0x0000000705c00000, 0x0000000705e00000|  0%| F|  |TAMS 0x0000000705c00000, 0x0000000705c00000| Untracked 
|  21|0x0000000705e00000, 0x0000000705e00000, 0x0000000706000000|  0%| F|  |TAMS 0x0000000705e00000, 0x0000000705e00000| Untracked 
|  22|0x0000000706000000, 0x0000000706000000, 0x0000000706200000|  0%| F|  |TAMS 0x0000000706000000, 0x0000000706000000| Untracked 
|  23|0x0000000706200000, 0x0000000706200000, 0x0000000706400000|  0%| F|  |TAMS 0x0000000706200000, 0x0000000706200000| Untracked 
|  24|0x0000000706400000, 0x0000000706400000, 0x0000000706600000|  0%| F|  |TAMS 0x0000000706400000, 0x0000000706400000| Untracked 
|  25|0x0000000706600000, 0x0000000706600000, 0x0000000706800000|  0%| F|  |TAMS 0x0000000706600000, 0x0000000706600000| Untracked 
|  26|0x0000000706800000, 0x0000000706800000, 0x0000000706a00000|  0%| F|  |TAMS 0x0000000706800000, 0x0000000706800000| Untracked 
|  27|0x0000000706a00000, 0x0000000706a00000, 0x0000000706c00000|  0%| F|  |TAMS 0x0000000706a00000, 0x0000000706a00000| Untracked 
|  28|0x0000000706c00000, 0x0000000706c00000, 0x0000000706e00000|  0%| F|  |TAMS 0x0000000706c00000, 0x0000000706c00000| Untracked 
|  29|0x0000000706e00000, 0x0000000706e00000, 0x0000000707000000|  0%| F|  |TAMS 0x0000000706e00000, 0x0000000706e00000| Untracked 
|  30|0x0000000707000000, 0x0000000707000000, 0x0000000707200000|  0%| F|  |TAMS 0x0000000707000000, 0x0000000707000000| Untracked 
|  31|0x0000000707200000, 0x0000000707200000, 0x0000000707400000|  0%| F|  |TAMS 0x0000000707200000, 0x0000000707200000| Untracked 
|  32|0x0000000707400000, 0x0000000707400000, 0x0000000707600000|  0%| F|  |TAMS 0x0000000707400000, 0x0000000707400000| Untracked 
|  33|0x0000000707600000, 0x0000000707600000, 0x0000000707800000|  0%| F|  |TAMS 0x0000000707600000, 0x0000000707600000| Untracked 
|  34|0x0000000707800000, 0x0000000707800000, 0x0000000707a00000|  0%| F|  |TAMS 0x0000000707800000, 0x0000000707800000| Untracked 
|  35|0x0000000707a00000, 0x0000000707a00000, 0x0000000707c00000|  0%| F|  |TAMS 0x0000000707a00000, 0x0000000707a00000| Untracked 
|  36|0x0000000707c00000, 0x0000000707c00000, 0x0000000707e00000|  0%| F|  |TAMS 0x0000000707c00000, 0x0000000707c00000| Untracked 
|  37|0x0000000707e00000, 0x0000000707e00000, 0x0000000708000000|  0%| F|  |TAMS 0x0000000707e00000, 0x0000000707e00000| Untracked 
|  38|0x0000000708000000, 0x0000000708000000, 0x0000000708200000|  0%| F|  |TAMS 0x0000000708000000, 0x0000000708000000| Untracked 
|  39|0x0000000708200000, 0x0000000708200000, 0x0000000708400000|  0%| F|  |TAMS 0x0000000708200000, 0x0000000708200000| Untracked 
|  40|0x0000000708400000, 0x0000000708400000, 0x0000000708600000|  0%| F|  |TAMS 0x0000000708400000, 0x0000000708400000| Untracked 
|  41|0x0000000708600000, 0x0000000708600000, 0x0000000708800000|  0%| F|  |TAMS 0x0000000708600000, 0x0000000708600000| Untracked 
|  42|0x0000000708800000, 0x0000000708800000, 0x0000000708a00000|  0%| F|  |TAMS 0x0000000708800000, 0x0000000708800000| Untracked 
|  43|0x0000000708a00000, 0x0000000708a00000, 0x0000000708c00000|  0%| F|  |TAMS 0x0000000708a00000, 0x0000000708a00000| Untracked 
|  44|0x0000000708c00000, 0x0000000708c00000, 0x0000000708e00000|  0%| F|  |TAMS 0x0000000708c00000, 0x0000000708c00000| Untracked 
|  45|0x0000000708e00000, 0x0000000708e00000, 0x0000000709000000|  0%| F|  |TAMS 0x0000000708e00000, 0x0000000708e00000| Untracked 
|  46|0x0000000709000000, 0x0000000709000000, 0x0000000709200000|  0%| F|  |TAMS 0x0000000709000000, 0x0000000709000000| Untracked 
|  47|0x0000000709200000, 0x0000000709200000, 0x0000000709400000|  0%| F|  |TAMS 0x0000000709200000, 0x0000000709200000| Untracked 
|  48|0x0000000709400000, 0x0000000709400000, 0x0000000709600000|  0%| F|  |TAMS 0x0000000709400000, 0x0000000709400000| Untracked 
|  49|0x0000000709600000, 0x0000000709600000, 0x0000000709800000|  0%| F|  |TAMS 0x0000000709600000, 0x0000000709600000| Untracked 
|  50|0x0000000709800000, 0x0000000709800000, 0x0000000709a00000|  0%| F|  |TAMS 0x0000000709800000, 0x0000000709800000| Untracked 
|  51|0x0000000709a00000, 0x0000000709a00000, 0x0000000709c00000|  0%| F|  |TAMS 0x0000000709a00000, 0x0000000709a00000| Untracked 
|  52|0x0000000709c00000, 0x0000000709c00000, 0x0000000709e00000|  0%| F|  |TAMS 0x0000000709c00000, 0x0000000709c00000| Untracked 
|  53|0x0000000709e00000, 0x0000000709e00000, 0x000000070a000000|  0%| F|  |TAMS 0x0000000709e00000, 0x0000000709e00000| Untracked 
|  54|0x000000070a000000, 0x000000070a000000, 0x000000070a200000|  0%| F|  |TAMS 0x000000070a000000, 0x000000070a000000| Untracked 
|  55|0x000000070a200000, 0x000000070a200000, 0x000000070a400000|  0%| F|  |TAMS 0x000000070a200000, 0x000000070a200000| Untracked 
|  56|0x000000070a400000, 0x000000070a400000, 0x000000070a600000|  0%| F|  |TAMS 0x000000070a400000, 0x000000070a400000| Untracked 
|  57|0x000000070a600000, 0x000000070a600000, 0x000000070a800000|  0%| F|  |TAMS 0x000000070a600000, 0x000000070a600000| Untracked 
|  58|0x000000070a800000, 0x000000070a800000, 0x000000070aa00000|  0%| F|  |TAMS 0x000000070a800000, 0x000000070a800000| Untracked 
|  59|0x000000070aa00000, 0x000000070aa00000, 0x000000070ac00000|  0%| F|  |TAMS 0x000000070aa00000, 0x000000070aa00000| Untracked 
|  60|0x000000070ac00000, 0x000000070ac00000, 0x000000070ae00000|  0%| F|  |TAMS 0x000000070ac00000, 0x000000070ac00000| Untracked 
|  61|0x000000070ae00000, 0x000000070ae00000, 0x000000070b000000|  0%| F|  |TAMS 0x000000070ae00000, 0x000000070ae00000| Untracked 
|  62|0x000000070b000000, 0x000000070b000000, 0x000000070b200000|  0%| F|  |TAMS 0x000000070b000000, 0x000000070b000000| Untracked 
|  63|0x000000070b200000, 0x000000070b200000, 0x000000070b400000|  0%| F|  |TAMS 0x000000070b200000, 0x000000070b200000| Untracked 
|  64|0x000000070b400000, 0x000000070b400000, 0x000000070b600000|  0%| F|  |TAMS 0x000000070b400000, 0x000000070b400000| Untracked 
|  65|0x000000070b600000, 0x000000070b600000, 0x000000070b800000|  0%| F|  |TAMS 0x000000070b600000, 0x000000070b600000| Untracked 
|  66|0x000000070b800000, 0x000000070b800000, 0x000000070ba00000|  0%| F|  |TAMS 0x000000070b800000, 0x000000070b800000| Untracked 
|  67|0x000000070ba00000, 0x000000070ba00000, 0x000000070bc00000|  0%| F|  |TAMS 0x000000070ba00000, 0x000000070ba00000| Untracked 
|  68|0x000000070bc00000, 0x000000070bc00000, 0x000000070be00000|  0%| F|  |TAMS 0x000000070bc00000, 0x000000070bc00000| Untracked 
|  69|0x000000070be00000, 0x000000070be00000, 0x000000070c000000|  0%| F|  |TAMS 0x000000070be00000, 0x000000070be00000| Untracked 
|  70|0x000000070c000000, 0x000000070c000000, 0x000000070c200000|  0%| F|  |TAMS 0x000000070c000000, 0x000000070c000000| Untracked 
|  71|0x000000070c200000, 0x000000070c200000, 0x000000070c400000|  0%| F|  |TAMS 0x000000070c200000, 0x000000070c200000| Untracked 
|  72|0x000000070c400000, 0x000000070c400000, 0x000000070c600000|  0%| F|  |TAMS 0x000000070c400000, 0x000000070c400000| Untracked 
|  73|0x000000070c600000, 0x000000070c600000, 0x000000070c800000|  0%| F|  |TAMS 0x000000070c600000, 0x000000070c600000| Untracked 
|  74|0x000000070c800000, 0x000000070c800000, 0x000000070ca00000|  0%| F|  |TAMS 0x000000070c800000, 0x000000070c800000| Untracked 
|  75|0x000000070ca00000, 0x000000070ca00000, 0x000000070cc00000|  0%| F|  |TAMS 0x000000070ca00000, 0x000000070ca00000| Untracked 
|  76|0x000000070cc00000, 0x000000070cc00000, 0x000000070ce00000|  0%| F|  |TAMS 0x000000070cc00000, 0x000000070cc00000| Untracked 
|  77|0x000000070ce00000, 0x000000070ce00000, 0x000000070d000000|  0%| F|  |TAMS 0x000000070ce00000, 0x000000070ce00000| Untracked 
|  78|0x000000070d000000, 0x000000070d000000, 0x000000070d200000|  0%| F|  |TAMS 0x000000070d000000, 0x000000070d000000| Untracked 
|  79|0x000000070d200000, 0x000000070d200000, 0x000000070d400000|  0%| F|  |TAMS 0x000000070d200000, 0x000000070d200000| Untracked 
|  80|0x000000070d400000, 0x000000070d400000, 0x000000070d600000|  0%| F|  |TAMS 0x000000070d400000, 0x000000070d400000| Untracked 
|  81|0x000000070d600000, 0x000000070d600000, 0x000000070d800000|  0%| F|  |TAMS 0x000000070d600000, 0x000000070d600000| Untracked 
|  82|0x000000070d800000, 0x000000070d800000, 0x000000070da00000|  0%| F|  |TAMS 0x000000070d800000, 0x000000070d800000| Untracked 
|  83|0x000000070da00000, 0x000000070da00000, 0x000000070dc00000|  0%| F|  |TAMS 0x000000070da00000, 0x000000070da00000| Untracked 
|  84|0x000000070dc00000, 0x000000070dc00000, 0x000000070de00000|  0%| F|  |TAMS 0x000000070dc00000, 0x000000070dc00000| Untracked 
|  85|0x000000070de00000, 0x000000070de00000, 0x000000070e000000|  0%| F|  |TAMS 0x000000070de00000, 0x000000070de00000| Untracked 
|  86|0x000000070e000000, 0x000000070e000000, 0x000000070e200000|  0%| F|  |TAMS 0x000000070e000000, 0x000000070e000000| Untracked 
|  87|0x000000070e200000, 0x000000070e200000, 0x000000070e400000|  0%| F|  |TAMS 0x000000070e200000, 0x000000070e200000| Untracked 
|  88|0x000000070e400000, 0x000000070e400000, 0x000000070e600000|  0%| F|  |TAMS 0x000000070e400000, 0x000000070e400000| Untracked 
|  89|0x000000070e600000, 0x000000070e600000, 0x000000070e800000|  0%| F|  |TAMS 0x000000070e600000, 0x000000070e600000| Untracked 
|  90|0x000000070e800000, 0x000000070e800000, 0x000000070ea00000|  0%| F|  |TAMS 0x000000070e800000, 0x000000070e800000| Untracked 
|  91|0x000000070ea00000, 0x000000070ea00000, 0x000000070ec00000|  0%| F|  |TAMS 0x000000070ea00000, 0x000000070ea00000| Untracked 
|  92|0x000000070ec00000, 0x000000070ec00000, 0x000000070ee00000|  0%| F|  |TAMS 0x000000070ec00000, 0x000000070ec00000| Untracked 
|  93|0x000000070ee00000, 0x000000070ee00000, 0x000000070f000000|  0%| F|  |TAMS 0x000000070ee00000, 0x000000070ee00000| Untracked 
|  94|0x000000070f000000, 0x000000070f000000, 0x000000070f200000|  0%| F|  |TAMS 0x000000070f000000, 0x000000070f000000| Untracked 
|  95|0x000000070f200000, 0x000000070f200000, 0x000000070f400000|  0%| F|  |TAMS 0x000000070f200000, 0x000000070f200000| Untracked 
|  96|0x000000070f400000, 0x000000070f400000, 0x000000070f600000|  0%| F|  |TAMS 0x000000070f400000, 0x000000070f400000| Untracked 
|  97|0x000000070f600000, 0x000000070f600000, 0x000000070f800000|  0%| F|  |TAMS 0x000000070f600000, 0x000000070f600000| Untracked 
|  98|0x000000070f800000, 0x000000070f800000, 0x000000070fa00000|  0%| F|  |TAMS 0x000000070f800000, 0x000000070f800000| Untracked 
|  99|0x000000070fa00000, 0x000000070fa00000, 0x000000070fc00000|  0%| F|  |TAMS 0x000000070fa00000, 0x000000070fa00000| Untracked 
| 100|0x000000070fc00000, 0x000000070fc00000, 0x000000070fe00000|  0%| F|  |TAMS 0x000000070fc00000, 0x000000070fc00000| Untracked 
| 101|0x000000070fe00000, 0x000000070fe00000, 0x0000000710000000|  0%| F|  |TAMS 0x000000070fe00000, 0x000000070fe00000| Untracked 
| 102|0x0000000710000000, 0x0000000710000000, 0x0000000710200000|  0%| F|  |TAMS 0x0000000710000000, 0x0000000710000000| Untracked 
| 103|0x0000000710200000, 0x0000000710200000, 0x0000000710400000|  0%| F|  |TAMS 0x0000000710200000, 0x0000000710200000| Untracked 
| 104|0x0000000710400000, 0x0000000710400000, 0x0000000710600000|  0%| F|  |TAMS 0x0000000710400000, 0x0000000710400000| Untracked 
| 105|0x0000000710600000, 0x0000000710600000, 0x0000000710800000|  0%| F|  |TAMS 0x0000000710600000, 0x0000000710600000| Untracked 
| 106|0x0000000710800000, 0x0000000710800000, 0x0000000710a00000|  0%| F|  |TAMS 0x0000000710800000, 0x0000000710800000| Untracked 
| 107|0x0000000710a00000, 0x0000000710a00000, 0x0000000710c00000|  0%| F|  |TAMS 0x0000000710a00000, 0x0000000710a00000| Untracked 
| 108|0x0000000710c00000, 0x0000000710c00000, 0x0000000710e00000|  0%| F|  |TAMS 0x0000000710c00000, 0x0000000710c00000| Untracked 
| 109|0x0000000710e00000, 0x0000000710e00000, 0x0000000711000000|  0%| F|  |TAMS 0x0000000710e00000, 0x0000000710e00000| Untracked 
| 110|0x0000000711000000, 0x0000000711000000, 0x0000000711200000|  0%| F|  |TAMS 0x0000000711000000, 0x0000000711000000| Untracked 
| 111|0x0000000711200000, 0x0000000711200000, 0x0000000711400000|  0%| F|  |TAMS 0x0000000711200000, 0x0000000711200000| Untracked 
| 112|0x0000000711400000, 0x0000000711400000, 0x0000000711600000|  0%| F|  |TAMS 0x0000000711400000, 0x0000000711400000| Untracked 
| 113|0x0000000711600000, 0x0000000711600000, 0x0000000711800000|  0%| F|  |TAMS 0x0000000711600000, 0x0000000711600000| Untracked 
| 114|0x0000000711800000, 0x0000000711800000, 0x0000000711a00000|  0%| F|  |TAMS 0x0000000711800000, 0x0000000711800000| Untracked 
| 115|0x0000000711a00000, 0x0000000711a00000, 0x0000000711c00000|  0%| F|  |TAMS 0x0000000711a00000, 0x0000000711a00000| Untracked 
| 116|0x0000000711c00000, 0x0000000711c00000, 0x0000000711e00000|  0%| F|  |TAMS 0x0000000711c00000, 0x0000000711c00000| Untracked 
| 117|0x0000000711e00000, 0x0000000711fca050, 0x0000000712000000| 89%| E|  |TAMS 0x0000000711e00000, 0x0000000711e00000| Complete 
| 118|0x0000000712000000, 0x0000000712200000, 0x0000000712200000|100%| E|CS|TAMS 0x0000000712000000, 0x0000000712000000| Complete 
| 119|0x0000000712200000, 0x0000000712400000, 0x0000000712400000|100%| E|CS|TAMS 0x0000000712200000, 0x0000000712200000| Complete 
| 120|0x0000000712400000, 0x0000000712600000, 0x0000000712600000|100%| E|CS|TAMS 0x0000000712400000, 0x0000000712400000| Complete 
| 121|0x0000000712600000, 0x0000000712800000, 0x0000000712800000|100%| E|CS|TAMS 0x0000000712600000, 0x0000000712600000| Complete 
| 122|0x0000000712800000, 0x0000000712a00000, 0x0000000712a00000|100%| E|  |TAMS 0x0000000712800000, 0x0000000712800000| Complete 
| 123|0x0000000712a00000, 0x0000000712c00000, 0x0000000712c00000|100%| E|CS|TAMS 0x0000000712a00000, 0x0000000712a00000| Complete 
| 124|0x0000000712c00000, 0x0000000712e00000, 0x0000000712e00000|100%| E|CS|TAMS 0x0000000712c00000, 0x0000000712c00000| Complete 
| 125|0x0000000712e00000, 0x0000000713000000, 0x0000000713000000|100%| E|CS|TAMS 0x0000000712e00000, 0x0000000712e00000| Complete 
| 126|0x0000000713000000, 0x0000000713200000, 0x0000000713200000|100%| E|CS|TAMS 0x0000000713000000, 0x0000000713000000| Complete 

Card table byte_map: [0x00000249339e0000,0x00000249341d0000] _byte_map_base: 0x00000249301c6000

Marking Bits (Prev, Next): (CMBitMap*) 0x000002491a71cec0, (CMBitMap*) 0x000002491a71cf00
 Prev Bits: [0x00000249349c0000, 0x00000249388f0000)
 Next Bits: [0x00000249388f0000, 0x000002493c820000)

Polling page: 0x000002491a790000

Metaspace:

Usage:
  Non-class:      2.35 MB used.
      Class:    275.88 KB used.
       Both:      2.62 MB used.

Virtual space:
  Non-class space:       64.00 MB reserved,       2.38 MB (  4%) committed,  1 nodes.
      Class space:        1.00 GB reserved,     320.00 KB ( <1%) committed,  1 nodes.
             Both:        1.06 GB reserved,       2.69 MB ( <1%) committed. 

Chunk freelists:
   Non-Class:  10.98 MB
       Class:  15.60 MB
        Both:  26.58 MB

MaxMetaspaceSize: unlimited
CompressedClassSpaceSize: 1.00 GB
Initial GC threshold: 21.00 MB
Current GC threshold: 21.00 MB
CDS: on
MetaspaceReclaimPolicy: balanced
 - commit_granule_bytes: 65536.
 - commit_granule_words: 8192.
 - virtual_space_node_default_size: 8388608.
 - enlarge_chunks_in_place: 1.
 - new_chunks_are_fully_committed: 0.
 - uncommit_free_chunks: 1.
 - use_allocation_guard: 0.
 - handle_deallocations: 1.


Internal statistics:

num_allocs_failed_limit: 0.
num_arena_births: 22.
num_arena_deaths: 0.
num_vsnodes_births: 2.
num_vsnodes_deaths: 0.
num_space_committed: 43.
num_space_uncommitted: 0.
num_chunks_returned_to_freelist: 0.
num_chunks_taken_from_freelist: 88.
num_chunk_merges: 0.
num_chunk_splits: 51.
num_chunks_enlarged: 35.
num_inconsistent_stats: 0.

CodeHeap 'non-profiled nmethods': size=120000Kb used=264Kb max_used=264Kb free=119735Kb
 bounds [0x000002492b250000, 0x000002492b4c0000, 0x0000024932780000]
CodeHeap 'profiled nmethods': size=120000Kb used=1371Kb max_used=1371Kb free=118628Kb
 bounds [0x0000024923780000, 0x00000249239f0000, 0x000002492acb0000]
CodeHeap 'non-nmethods': size=5760Kb used=1140Kb max_used=1165Kb free=4619Kb
 bounds [0x000002492acb0000, 0x000002492af20000, 0x000002492b250000]
 total_blobs=1169 nmethods=744 adapters=338
 compilation: enabled
              stopped_count=0, restarted_count=0
 full_count=0

Compilation events (20 events):
Event: 0.273 Thread 0x000002493f343990 nmethod 738 0x00000249238d2a10 code [0x00000249238d2c20, 0x00000249238d3218]
Event: 0.273 Thread 0x000002493f343990  737       3       jdk.internal.org.objectweb.asm.SymbolTable::addConstantClass (8 bytes)
Event: 0.273 Thread 0x000002493f343990 nmethod 737 0x00000249238d3510 code [0x00000249238d36a0, 0x00000249238d37e8]
Event: 0.274 Thread 0x000002493f343990  740  s    3       jdk.internal.loader.Resource::cachedInputStream (20 bytes)
Event: 0.275 Thread 0x000002493f343990 nmethod 740 0x00000249238d3890 code [0x00000249238d3a40, 0x00000249238d3d68]
Event: 0.277 Thread 0x000002493f343990  741       3       jdk.internal.loader.BuiltinClassLoader::moduleReaderFor (45 bytes)
Event: 0.278 Thread 0x000002493f343990 nmethod 741 0x00000249238d3e10 code [0x00000249238d4000, 0x00000249238d4718]
Event: 0.278 Thread 0x000002493f343990  746       3       jdk.internal.module.SystemModuleFinders$SystemModuleReader::containsImageLocation (42 bytes)
Event: 0.278 Thread 0x000002493f343990 nmethod 746 0x00000249238d4910 code [0x00000249238d4b20, 0x00000249238d51f8]
Event: 0.278 Thread 0x000002493f343990  742       3       jdk.internal.jimage.BasicImageReader::getLocationIndex (52 bytes)
Event: 0.278 Thread 0x000002493f343990 nmethod 742 0x00000249238d5490 code [0x00000249238d5680, 0x00000249238d5b18]
Event: 0.278 Thread 0x000002493f343990  743       3       jdk.internal.jimage.ImageStringsReader::hashCode (8 bytes)
Event: 0.278 Thread 0x000002493f343990 nmethod 743 0x00000249238d5d90 code [0x00000249238d5f40, 0x00000249238d60f8]
Event: 0.278 Thread 0x000002493f343990  744       3       jdk.internal.jimage.ImageReader::verifyLocation (14 bytes)
Event: 0.278 Thread 0x000002493f343990 nmethod 744 0x00000249238d6210 code [0x00000249238d63e0, 0x00000249238d6738]
Event: 0.278 Thread 0x000002493f343990  745       3       jdk.internal.jimage.BasicImageReader::verifyLocation (39 bytes)
Event: 0.279 Thread 0x000002493f343990 nmethod 745 0x00000249238d6890 code [0x00000249238d6a60, 0x00000249238d6d48]
Event: 0.279 Thread 0x000002493f343990  747       1       java.lang.invoke.InfoFromMemberName::getReferenceKind (5 bytes)
Event: 0.279 Thread 0x000002493f343990 nmethod 747 0x000002492b28dd90 code [0x000002492b28df20, 0x000002492b28dff8]
Event: 0.279 Thread 0x000002493f343990  748       3       java.lang.reflect.Modifier::isProtected (12 bytes)

GC Heap History (0 events):
No events

Deoptimization events (20 events):
Event: 0.145 Thread 0x000002491a57afe0 DEOPT PACKING pc=0x00000249237f34b4 sp=0x0000005ae52fe460
Event: 0.145 Thread 0x000002491a57afe0 DEOPT UNPACKING pc=0x000002492ad02b43 sp=0x0000005ae52fd8d0 mode 0
Event: 0.162 Thread 0x000002491a57afe0 Uncommon trap: trap_request=0xffffff45 fr.pc=0x000002492b267e64 relative=0x0000000000000064
Event: 0.162 Thread 0x000002491a57afe0 Uncommon trap: reason=unstable_if action=reinterpret pc=0x000002492b267e64 method=java.io.WinNTFileSystem.isSlash(C)Z @ 9 c2
Event: 0.162 Thread 0x000002491a57afe0 DEOPT PACKING pc=0x000002492b267e64 sp=0x0000005ae52fe810
Event: 0.162 Thread 0x000002491a57afe0 DEOPT UNPACKING pc=0x000002492ad023a3 sp=0x0000005ae52fe798 mode 2
Event: 0.208 Thread 0x000002491a57afe0 Uncommon trap: trap_request=0xffffff45 fr.pc=0x000002492b258d88 relative=0x0000000000000468
Event: 0.208 Thread 0x000002491a57afe0 Uncommon trap: reason=unstable_if action=reinterpret pc=0x000002492b258d88 method=java.lang.StringLatin1.canEncode(I)Z @ 4 c2
Event: 0.208 Thread 0x000002491a57afe0 DEOPT PACKING pc=0x000002492b258d88 sp=0x0000005ae52fe690
Event: 0.208 Thread 0x000002491a57afe0 DEOPT UNPACKING pc=0x000002492ad023a3 sp=0x0000005ae52fe5b8 mode 2
Event: 0.208 Thread 0x000002491a57afe0 Uncommon trap: trap_request=0xffffff45 fr.pc=0x000002492b2597ec relative=0x000000000000044c
Event: 0.208 Thread 0x000002491a57afe0 Uncommon trap: reason=unstable_if action=reinterpret pc=0x000002492b2597ec method=java.lang.AbstractStringBuilder.isLatin1()Z @ 10 c2
Event: 0.208 Thread 0x000002491a57afe0 DEOPT PACKING pc=0x000002492b2597ec sp=0x0000005ae52fe630
Event: 0.208 Thread 0x000002491a57afe0 DEOPT UNPACKING pc=0x000002492ad023a3 sp=0x0000005ae52fe5b0 mode 2
Event: 0.217 Thread 0x000002491a57afe0 DEOPT PACKING pc=0x000002492381f9d6 sp=0x0000005ae52fe740
Event: 0.217 Thread 0x000002491a57afe0 DEOPT UNPACKING pc=0x000002492ad02b43 sp=0x0000005ae52fdbc8 mode 0
Event: 0.235 Thread 0x000002491a57afe0 DEOPT PACKING pc=0x000002492381f9d6 sp=0x0000005ae52fe130
Event: 0.235 Thread 0x000002491a57afe0 DEOPT UNPACKING pc=0x000002492ad02b43 sp=0x0000005ae52fd5b8 mode 0
Event: 0.253 Thread 0x000002491a57afe0 DEOPT PACKING pc=0x00000249237a747f sp=0x0000005ae52fe2f0
Event: 0.253 Thread 0x000002491a57afe0 DEOPT UNPACKING pc=0x000002492ad02b43 sp=0x0000005ae52fd7b0 mode 0

Classes unloaded (0 events):
No events

Classes redefined (0 events):
No events

Internal exceptions (6 events):
Event: 0.062 Thread 0x000002491a57afe0 Exception <a 'java/lang/NoSuchMethodError'{0x0000000712f0c9e8}: 'java.lang.Object java.lang.invoke.DirectMethodHandle$Holder.invokeStaticInit(java.lang.Object)'> (0x0000000712f0c9e8) 
thrown [s\open\src\hotspot\share\interpreter\linkResolver.cpp, line 759]
Event: 0.083 Thread 0x000002491a57afe0 Exception <a 'java/lang/NoSuchMethodError'{0x0000000712f42ae0}: 'int java.lang.invoke.DirectMethodHandle$Holder.invokeSpecial(java.lang.Object, java.lang.Object, java.lang.Object)'> (0x0000000712f42ae0) 
thrown [s\open\src\hotspot\share\interpreter\linkResolver.cpp, line 759]
Event: 0.183 Thread 0x000002491a57afe0 Exception <a 'java/lang/NoSuchMethodError'{0x00000007122d9f80}: 'int java.lang.invoke.DirectMethodHandle$Holder.invokeStatic(java.lang.Object, java.lang.Object, int)'> (0x00000007122d9f80) 
thrown [s\open\src\hotspot\share\interpreter\linkResolver.cpp, line 759]
Event: 0.240 Thread 0x000002491a57afe0 Exception <a 'java/lang/NoSuchMethodError'{0x00000007121c96d0}: 'void java.lang.invoke.DirectMethodHandle$Holder.invokeStatic(java.lang.Object, java.lang.Object, java.lang.Object)'> (0x00000007121c96d0) 
thrown [s\open\src\hotspot\share\interpreter\linkResolver.cpp, line 759]
Event: 0.241 Thread 0x000002491a57afe0 Exception <a 'java/lang/NoSuchMethodError'{0x00000007121d2430}: 'void java.lang.invoke.DirectMethodHandle$Holder.invokeSpecial(java.lang.Object, java.lang.Object, java.lang.Object)'> (0x00000007121d2430) 
thrown [s\open\src\hotspot\share\interpreter\linkResolver.cpp, line 759]
Event: 0.262 Thread 0x000002491a57afe0 Exception <a 'java/lang/NoSuchMethodError'{0x0000000711ebacf8}: 'java.lang.Object java.lang.invoke.DirectMethodHandle$Holder.invokeVirtual(java.lang.Object, java.lang.Object, java.lang.Object)'> (0x0000000711ebacf8) 
thrown [s\open\src\hotspot\share\interpreter\linkResolver.cpp, line 759]

VM Operations (4 events):
Event: 0.036 Executing VM operation: HandshakeAllThreads
Event: 0.036 Executing VM operation: HandshakeAllThreads done
Event: 0.162 Executing VM operation: HandshakeAllThreads
Event: 0.162 Executing VM operation: HandshakeAllThreads done

Events (20 events):
Event: 0.190 loading class jdk/internal/module/ModulePatcher$PatchedModuleReader
Event: 0.190 loading class jdk/internal/module/ModulePatcher$PatchedModuleReader done
Event: 0.191 loading class sun/net/www/protocol/jrt/Handler
Event: 0.191 loading class sun/net/www/protocol/jrt/Handler done
Event: 0.207 loading class sun/text/resources/cldr/FormatData_en
Event: 0.207 loading class sun/text/resources/cldr/FormatData_en done
Event: 0.207 loading class sun/text/resources/cldr/FormatData_en_US
Event: 0.207 loading class sun/text/resources/cldr/FormatData_en_US done
Event: 0.216 loading class java/lang/reflect/InvocationTargetException
Event: 0.216 loading class java/lang/reflect/InvocationTargetException done
Event: 0.216 loading class java/lang/IllegalAccessException
Event: 0.216 loading class java/lang/IllegalAccessException done
Event: 0.219 loading class java/io/StringReader
Event: 0.219 loading class java/io/StringReader done
Event: 0.219 loading class java/io/UncheckedIOException
Event: 0.219 loading class java/io/UncheckedIOException done
Event: 0.236 loading class jdk/internal/loader/URLClassPath$FileLoader$1
Event: 0.236 loading class jdk/internal/loader/URLClassPath$FileLoader$1 done
Event: 0.241 loading class java/lang/invoke/DirectMethodHandle$Special
Event: 0.241 loading class java/lang/invoke/DirectMethodHandle$Special done


Dynamic libraries:
0x00007ff7bbdb0000 - 0x00007ff7bbdc0000 	C:\Program Files\Java\jdk-17\bin\java.exe
0x00007ffc25870000 - 0x00007ffc25a68000 	C:\Windows\SYSTEM32\ntdll.dll
0x00007ffc23980000 - 0x00007ffc23a3f000 	C:\Windows\System32\KERNEL32.DLL
0x00007ffc22f50000 - 0x00007ffc23246000 	C:\Windows\System32\KERNELBASE.dll
0x00007ffc23280000 - 0x00007ffc23380000 	C:\Windows\System32\ucrtbase.dll
0x00007ffbf3b00000 - 0x00007ffbf3b19000 	C:\Program Files\Java\jdk-17\bin\jli.dll
0x00007ffbecce0000 - 0x00007ffbeccfb000 	C:\Program Files\Java\jdk-17\bin\VCRUNTIME140.dll
0x00007ffc24dc0000 - 0x00007ffc24e6f000 	C:\Windows\System32\ADVAPI32.dll
0x00007ffc23f10000 - 0x00007ffc23fae000 	C:\Windows\System32\msvcrt.dll
0x00007ffc25790000 - 0x00007ffc2582c000 	C:\Windows\System32\sechost.dll
0x00007ffc23b60000 - 0x00007ffc23c86000 	C:\Windows\System32\RPCRT4.dll
0x00007ffc24560000 - 0x00007ffc246fd000 	C:\Windows\System32\USER32.dll
0x00007ffc237a0000 - 0x00007ffc237c2000 	C:\Windows\System32\win32u.dll
0x00007ffc0b710000 - 0x00007ffc0b9aa000 	C:\Windows\WinSxS\amd64_microsoft.windows.common-controls_6595b64144ccf1df_6.0.19041.1110_none_60b5254171f9507e\COMCTL32.dll
0x00007ffc25760000 - 0x00007ffc2578c000 	C:\Windows\System32\GDI32.dll
0x00007ffc234b0000 - 0x00007ffc235c5000 	C:\Windows\System32\gdi32full.dll
0x00007ffc23380000 - 0x00007ffc2341d000 	C:\Windows\System32\msvcp_win.dll
0x00007ffc178f0000 - 0x00007ffc178fa000 	C:\Windows\SYSTEM32\VERSION.dll
0x00007ffc23ad0000 - 0x00007ffc23b00000 	C:\Windows\System32\IMM32.DLL
0x00007ffc07750000 - 0x00007ffc0775c000 	C:\Program Files\Java\jdk-17\bin\vcruntime140_1.dll
0x00007ffbcbe50000 - 0x00007ffbcbede000 	C:\Program Files\Java\jdk-17\bin\msvcp140.dll
0x00007ffbcb260000 - 0x00007ffbcbe41000 	C:\Program Files\Java\jdk-17\bin\server\jvm.dll
0x00007ffc240e0000 - 0x00007ffc240e8000 	C:\Windows\System32\PSAPI.DLL
0x00007ffbfb300000 - 0x00007ffbfb309000 	C:\Windows\SYSTEM32\WSOCK32.dll
0x00007ffc0cb30000 - 0x00007ffc0cb57000 	C:\Windows\SYSTEM32\WINMM.dll
0x00007ffc24070000 - 0x00007ffc240db000 	C:\Windows\System32\WS2_32.dll
0x00007ffc20da0000 - 0x00007ffc20db2000 	C:\Windows\SYSTEM32\kernel.appcore.dll
0x00007ffc07710000 - 0x00007ffc0771a000 	C:\Program Files\Java\jdk-17\bin\jimage.dll
0x00007ffc20630000 - 0x00007ffc20814000 	C:\Windows\SYSTEM32\DBGHELP.DLL
0x00007ffc0dd40000 - 0x00007ffc0dd74000 	C:\Windows\SYSTEM32\dbgcore.DLL
0x00007ffc23420000 - 0x00007ffc234a2000 	C:\Windows\System32\bcryptPrimitives.dll
0x00007ffbea990000 - 0x00007ffbea9b5000 	C:\Program Files\Java\jdk-17\bin\java.dll
0x00007ffbcb180000 - 0x00007ffbcb257000 	C:\Program Files\Java\jdk-17\bin\jsvml.dll
0x00007ffc25010000 - 0x00007ffc25754000 	C:\Windows\System32\SHELL32.dll
0x00007ffc20fc0000 - 0x00007ffc21753000 	C:\Windows\SYSTEM32\windows.storage.dll
0x00007ffc247e0000 - 0x00007ffc24b34000 	C:\Windows\System32\combase.dll
0x00007ffc228c0000 - 0x00007ffc228ee000 	C:\Windows\SYSTEM32\Wldp.dll
0x00007ffc23fb0000 - 0x00007ffc2405d000 	C:\Windows\System32\SHCORE.dll
0x00007ffc23b00000 - 0x00007ffc23b55000 	C:\Windows\System32\shlwapi.dll
0x00007ffc22e90000 - 0x00007ffc22eaf000 	C:\Windows\SYSTEM32\profapi.dll
0x00007ffbe6ef0000 - 0x00007ffbe6f09000 	C:\Program Files\Java\jdk-17\bin\net.dll
0x00007ffc1afc0000 - 0x00007ffc1b0ca000 	C:\Windows\SYSTEM32\WINHTTP.dll
0x00007ffc226a0000 - 0x00007ffc2270a000 	C:\Windows\system32\mswsock.dll
0x00007ffbe6a00000 - 0x00007ffbe6a16000 	C:\Program Files\Java\jdk-17\bin\nio.dll
0x00007ffbe75c0000 - 0x00007ffbe75d8000 	C:\Program Files\Java\jdk-17\bin\zip.dll
0x00007ffc04eb0000 - 0x00007ffc04eba000 	C:\Program Files\Java\jdk-17\bin\management.dll
0x00007ffc02ec0000 - 0x00007ffc02ecb000 	C:\Program Files\Java\jdk-17\bin\management_ext.dll

dbghelp: loaded successfully - version: 4.0.5 - missing functions: none
symbol engine: initialized successfully - sym options: 0x614 - pdb path: .;C:\Program Files\Java\jdk-17\bin;C:\Windows\SYSTEM32;C:\Windows\WinSxS\amd64_microsoft.windows.common-controls_6595b64144ccf1df_6.0.19041.1110_none_60b5254171f9507e;C:\Program Files\Java\jdk-17\bin\server

VM Arguments:
java_command: C:\Users\Admin\AppData\Local\Temp\surefire17760293933351555791\surefirebooter-20241016164314653_3.jar C:\Users\Admin\AppData\Local\Temp\surefire17760293933351555791 2024-10-16T16-43-14_527-jvmRun1 surefire-20241016164314653_1tmp surefire_0-20241016164314653_2tmp
java_class_path (initial): C:\Users\Admin\AppData\Local\Temp\surefire17760293933351555791\surefirebooter-20241016164314653_3.jar
Launcher Type: SUN_STANDARD

[Global flags]
     intx CICompilerCount                          = 4                                         {product} {ergonomic}
     uint ConcGCThreads                            = 2                                         {product} {ergonomic}
     uint G1ConcRefinementThreads                  = 8                                         {product} {ergonomic}
   size_t G1HeapRegionSize                         = 2097152                                   {product} {ergonomic}
    uintx GCDrainStackTargetSize                   = 64                                        {product} {ergonomic}
   size_t InitialHeapSize                          = 266338304                                 {product} {ergonomic}
   size_t MarkStackSize                            = 4194304                                   {product} {ergonomic}
   size_t MaxHeapSize                              = 4240441344                                {product} {ergonomic}
   size_t MaxNewSize                               = 2543845376                                {product} {ergonomic}
   size_t MinHeapDeltaBytes                        = 2097152                                   {product} {ergonomic}
   size_t MinHeapSize                              = 8388608                                   {product} {ergonomic}
    uintx NonNMethodCodeHeapSize                   = 5839372                                {pd product} {ergonomic}
    uintx NonProfiledCodeHeapSize                  = 122909434                              {pd product} {ergonomic}
    uintx ProfiledCodeHeapSize                     = 122909434                              {pd product} {ergonomic}
    uintx ReservedCodeCacheSize                    = 251658240                              {pd product} {ergonomic}
     bool SegmentedCodeCache                       = true                                      {product} {ergonomic}
   size_t SoftMaxHeapSize                          = 4240441344                             {manageable} {ergonomic}
     bool UseCompressedClassPointers               = true                           {product lp64_product} {ergonomic}
     bool UseCompressedOops                        = true                           {product lp64_product} {ergonomic}
     bool UseG1GC                                  = true                                      {product} {ergonomic}
     bool UseLargePagesIndividualAllocation        = false                                  {pd product} {ergonomic}

Logging:
Log output configuration:
 #0: stdout all=warning uptime,level,tags
 #1: stderr all=off uptime,level,tags

Environment Variables:
JAVA_HOME=C:\Program Files\Java\jdk-17
PATH=C:\Program Files\Common Files\Oracle\Java\javapath;C:\Windows\system32;C:\Windows;C:\Windows\System32\Wbem;C:\Windows\System32\WindowsPowerShell\v1.0\;C:\Windows\System32\OpenSSH\;C:\Program Files\Git\cmd;C:\Program Files\MySQL\MySQL Server 8.0\bin;C:\Program Files\dotnet\;D:\apache-maven-3.9.9\bin;C:\ProgramData\chocolatey\bin;C:\Program Files\nodejs;C:\Users\Admin\AppData\Local\Microsoft\WindowsApps;C:\Users\Admin\AppData\Local\Programs\Microsoft VS Code\bin;D:\MYSQL\bin;C:\Users\Admin\AppData\Roaming\npm;
USERNAME=Admin
OS=Windows_NT
PROCESSOR_IDENTIFIER=Intel64 Family 6 Model 165 Stepping 2, GenuineIntel



---------------  S Y S T E M  ---------------

OS:
 Windows 10 , 64 bit Build 19041 (10.0.19041.3031)
OS uptime: 4 days 21:41 hours
Hyper-V role detected

CPU: total 8 (initial active 8) (4 cores per cpu, 2 threads per core) family 6 model 165 stepping 2 microcode 0xc8, cx8, cmov, fxsr, ht, mmx, 3dnowpref, sse, sse2, sse3, ssse3, sse4.1, sse4.2, popcnt, lzcnt, tsc, tscinvbit, avx, avx2, aes, erms, clmul, bmi1, bmi2, adx, fma, vzeroupper, clflush, clflushopt, hv

Memory: 4k page, system-wide physical 16171M (2863M free)
TotalPageFile size 21291M (AvailPageFile size 3M)
current process WorkingSet (physical memory assigned to process): 72M, peak: 72M
current process commit charge ("private bytes"): 360M, peak: 360M

vm_info: Java HotSpot(TM) 64-Bit Server VM (17.0.9+11-LTS-201) for windows-amd64 JRE (17.0.9+11-LTS-201), built on Oct 10 2023 23:16:06 by "mach5one" with MS VC++ 17.1 (VS2022)

END.
