#
# There is insufficient memory for the Java Runtime Environment to continue.
# Native memory allocation (mmap) failed to map 83886080 bytes for G1 virtual space
# Possible reasons:
#   The system is out of physical RAM or swap space
#   The process is running with CompressedOops enabled, and the Java Heap may be blocking the growth of the native heap
# Possible solutions:
#   Reduce memory load on the system
#   Increase physical memory or swap space
#   Check if swap backing store is full
#   Decrease Java heap size (-Xmx/-Xms)
#   Decrease number of Java threads
#   Decrease Java thread stack sizes (-Xss)
#   Set larger code cache with -XX:ReservedCodeCacheSize=
#   JVM is running with Zero Based Compressed Oops mode in which the Java heap is
#     placed in the first 32GB address space. The Java Heap base address is the
#     maximum limit for the native heap growth. Please use -XX:HeapBaseMinAddress
#     to set the Java Heap base and to place the Java Heap above 32GB virtual address.
# This output file may be truncated or incomplete.
#
#  Out of Memory Error (os_windows.cpp:3600), pid=2696, tid=12576
#
# JRE version: Java(TM) SE Runtime Environment (21.0.2+13) (build 21.0.2+13-LTS-58)
# Java VM: Java HotSpot(TM) 64-Bit Server VM (21.0.2+13-LTS-58, mixed mode, emulated-client, sharing, tiered, compressed oops, compressed class ptrs, g1 gc, windows-amd64)
# No core dump will be written. Minidumps are not enabled by default on client versions of Windows
#

---------------  S U M M A R Y ------------

Command Line: -agentlib:jdwp=transport=dt_socket,address=127.0.0.1:57366,suspend=y,server=n -XX:TieredStopAtLevel=1 -Dspring.output.ansi.enabled=always -Dcom.sun.management.jmxremote -Dspring.jmx.enabled=true -Dspring.liveBeansView.mbeanDomain -Dspring.application.admin.enabled=true -Dmanagement.endpoints.jmx.exposure.include=* -javaagent:C:\Users\Admin\AppData\Local\JetBrains\IntelliJIdea2023.2\captureAgent\debugger-agent.jar -Dfile.encoding=UTF-8 -Dsun.stdout.encoding=UTF-8 -Dsun.stderr.encoding=UTF-8 vn.job.JobBackendApplication

Host: Intel(R) Core(TM) i5-10300H CPU @ 2.50GHz, 8 cores, 15G,  Windows 10 , 64 bit Build 19041 (10.0.19041.3031)
Time: Thu Oct 17 01:05:42 2024 SE Asia Standard Time elapsed time: 300.084336 seconds (0d 0h 5m 0s)

---------------  T H R E A D  ---------------

Current thread (0x0000022344b002c0):  VMThread "VM Thread"          [id=12576, stack(0x0000007bb9f00000,0x0000007bba000000) (1024K)]

Stack: [0x0000007bb9f00000,0x0000007bba000000]
Native frames: (J=compiled Java code, j=interpreted, Vv=VM code, C=native code)
V  [jvm.dll+0x6cade9]
V  [jvm.dll+0x8569c1]
V  [jvm.dll+0x858d2e]
V  [jvm.dll+0x859413]
V  [jvm.dll+0x280e56]
V  [jvm.dll+0x6c74d5]
V  [jvm.dll+0x6bbeca]
V  [jvm.dll+0x355bca]
V  [jvm.dll+0x35d816]
V  [jvm.dll+0x3ae67e]
V  [jvm.dll+0x3ae928]
V  [jvm.dll+0x3295dc]
V  [jvm.dll+0x329667]
V  [jvm.dll+0x36df1c]
V  [jvm.dll+0x36c71d]
V  [jvm.dll+0x328d51]
V  [jvm.dll+0x36be2a]
V  [jvm.dll+0x85ef18]
V  [jvm.dll+0x860014]
V  [jvm.dll+0x860550]
V  [jvm.dll+0x8607f3]
V  [jvm.dll+0x7ff568]
V  [jvm.dll+0x6c953d]
C  [ucrtbase.dll+0x21bb2]
C  [KERNEL32.DLL+0x17614]
C  [ntdll.dll+0x526f1]

VM_Operation (0x0000007bbaef8490): G1CollectForAllocation, mode: safepoint, requested by thread 0x000002238df35d90


---------------  P R O C E S S  ---------------

Threads class SMR info:
_java_thread_list=0x000002238d7aeda0, length=24, elements={
0x0000022344b1dca0, 0x0000022344b1fbd0, 0x0000022344b20d70, 0x0000022344b22b40,
0x0000022344b255b0, 0x0000022344b26010, 0x0000022344b3b830, 0x0000022344aec7a0,
0x000002238a166030, 0x000002238a166ad0, 0x000002238a175420, 0x000002238a17deb0,
0x000002238aa3d620, 0x000002238b291d20, 0x000002238c945140, 0x000002238df36ab0,
0x000002238e147bd0, 0x000002238e1440c0, 0x000002238e1488f0, 0x000002238e14b6e0,
0x000002238e14b050, 0x000002238a0f94e0, 0x000002238df377d0, 0x000002238df35d90
}

Java Threads: ( => current thread )
  0x0000022344b1dca0 JavaThread "Reference Handler"          daemon [_thread_blocked, id=11000, stack(0x0000007bba000000,0x0000007bba100000) (1024K)]
  0x0000022344b1fbd0 JavaThread "Finalizer"                  daemon [_thread_blocked, id=16600, stack(0x0000007bba100000,0x0000007bba200000) (1024K)]
  0x0000022344b20d70 JavaThread "Signal Dispatcher"          daemon [_thread_blocked, id=16404, stack(0x0000007bba200000,0x0000007bba300000) (1024K)]
  0x0000022344b22b40 JavaThread "Attach Listener"            daemon [_thread_blocked, id=14748, stack(0x0000007bba300000,0x0000007bba400000) (1024K)]
  0x0000022344b255b0 JavaThread "Service Thread"             daemon [_thread_blocked, id=9076, stack(0x0000007bba400000,0x0000007bba500000) (1024K)]
  0x0000022344b26010 JavaThread "Monitor Deflation Thread"   daemon [_thread_blocked, id=18560, stack(0x0000007bba500000,0x0000007bba600000) (1024K)]
  0x0000022344b3b830 JavaThread "C1 CompilerThread0"         daemon [_thread_blocked, id=16244, stack(0x0000007bba600000,0x0000007bba700000) (1024K)]
  0x0000022344aec7a0 JavaThread "Common-Cleaner"             daemon [_thread_blocked, id=5748, stack(0x0000007bba700000,0x0000007bba800000) (1024K)]
  0x000002238a166030 JavaThread "JDWP Transport Listener: dt_socket" daemon [_thread_blocked, id=9144, stack(0x0000007bbaa00000,0x0000007bbab00000) (1024K)]
  0x000002238a166ad0 JavaThread "JDWP Event Helper Thread"   daemon [_thread_blocked, id=19464, stack(0x0000007bbab00000,0x0000007bbac00000) (1024K)]
  0x000002238a175420 JavaThread "JDWP Command Reader"        daemon [_thread_in_native, id=11680, stack(0x0000007bbac00000,0x0000007bbad00000) (1024K)]
  0x000002238a17deb0 JavaThread "Notification Thread"        daemon [_thread_blocked, id=2688, stack(0x0000007bbad00000,0x0000007bbae00000) (1024K)]
  0x000002238aa3d620 JavaThread "RMI TCP Accept-0"           daemon [_thread_in_native, id=19288, stack(0x0000007bbb600000,0x0000007bbb700000) (1024K)]
  0x000002238b291d20 JavaThread "RMI Scheduler(0)"           daemon [_thread_blocked, id=10896, stack(0x0000007bbbb00000,0x0000007bbbc00000) (1024K)]
  0x000002238c945140 JavaThread "mysql-cj-abandoned-connection-cleanup" daemon [_thread_blocked, id=4940, stack(0x0000007bbbd00000,0x0000007bbbe00000) (1024K)]
  0x000002238df36ab0 JavaThread "Live Reload Server"         daemon [_thread_in_native, id=12232, stack(0x0000007bbc600000,0x0000007bbc700000) (1024K)]
  0x000002238e147bd0 JavaThread "DestroyJavaVM"                     [_thread_blocked, id=284, stack(0x0000007bb9800000,0x0000007bb9900000) (1024K)]
  0x000002238e1440c0 JavaThread "File Watcher"               daemon [_thread_blocked, id=13904, stack(0x0000007bb9600000,0x0000007bb9700000) (1024K)]
  0x000002238e1488f0 JavaThread "File Watcher"               daemon [_thread_blocked, id=12436, stack(0x0000007bb9700000,0x0000007bb9800000) (1024K)]
  0x000002238e14b6e0 JavaThread "File Watcher"               daemon [_thread_blocked, id=20172, stack(0x0000007bba800000,0x0000007bba900000) (1024K)]
  0x000002238e14b050 JavaThread "File Watcher"               daemon [_thread_blocked, id=19704, stack(0x0000007bba900000,0x0000007bbaa00000) (1024K)]
  0x000002238a0f94e0 JavaThread "C1 CompilerThread1"         daemon [_thread_blocked, id=9128, stack(0x0000007bbb700000,0x0000007bbb800000) (1024K)]
  0x000002238df377d0 JavaThread "Thread-7"                          [_thread_blocked, id=1952, stack(0x0000007bb9500000,0x0000007bb9600000) (1024K)]
  0x000002238df35d90 JavaThread "restartedMain"                     [_thread_blocked, id=20064, stack(0x0000007bbae00000,0x0000007bbaf00000) (1024K)]
Total: 24

Other Threads:
=>0x0000022344b002c0 VMThread "VM Thread"                           [id=12576, stack(0x0000007bb9f00000,0x0000007bba000000) (1024K)]
  0x0000022344aeb7b0 WatcherThread "VM Periodic Task Thread"        [id=19536, stack(0x0000007bb9e00000,0x0000007bb9f00000) (1024K)]
  0x000002232fc61250 WorkerThread "GC Thread#0"                     [id=19080, stack(0x0000007bb9900000,0x0000007bb9a00000) (1024K)]
  0x000002238a80d9f0 WorkerThread "GC Thread#1"                     [id=19316, stack(0x0000007bbaf00000,0x0000007bbb000000) (1024K)]
  0x000002238a80dd90 WorkerThread "GC Thread#2"                     [id=13596, stack(0x0000007bbb000000,0x0000007bbb100000) (1024K)]
  0x000002238a80e130 WorkerThread "GC Thread#3"                     [id=4484, stack(0x0000007bbb100000,0x0000007bbb200000) (1024K)]
  0x000002238a80e8e0 WorkerThread "GC Thread#4"                     [id=2708, stack(0x0000007bbb200000,0x0000007bbb300000) (1024K)]
  0x000002238a80f090 WorkerThread "GC Thread#5"                     [id=2904, stack(0x0000007bbb300000,0x0000007bbb400000) (1024K)]
  0x000002238a828620 WorkerThread "GC Thread#6"                     [id=17520, stack(0x0000007bbb400000,0x0000007bbb500000) (1024K)]
  0x000002238a8289c0 WorkerThread "GC Thread#7"                     [id=296, stack(0x0000007bbb500000,0x0000007bbb600000) (1024K)]
  0x000002232fc71fb0 ConcurrentGCThread "G1 Main Marker"            [id=14144, stack(0x0000007bb9a00000,0x0000007bb9b00000) (1024K)]
  0x000002232fc73160 WorkerThread "G1 Conc#0"                       [id=17756, stack(0x0000007bb9b00000,0x0000007bb9c00000) (1024K)]
  0x000002238b04abe0 WorkerThread "G1 Conc#1"                       [id=17612, stack(0x0000007bbbc00000,0x0000007bbbd00000) (1024K)]
  0x000002232fcbe3f0 ConcurrentGCThread "G1 Refine#0"               [id=15660, stack(0x0000007bb9c00000,0x0000007bb9d00000) (1024K)]
  0x00000223449b9520 ConcurrentGCThread "G1 Service"                [id=404, stack(0x0000007bb9d00000,0x0000007bb9e00000) (1024K)]
Total: 15

Threads with active compile tasks:
Total: 0

VM state: at safepoint (normal execution)

VM Mutex/Monitor currently owned by a thread:  ([mutex/lock_event])
[0x00007ffbca9acd68] Threads_lock - owner thread: 0x0000022344b002c0
[0x00007ffbca9ace68] Heap_lock - owner thread: 0x000002238df35d90

Heap address: 0x0000000703400000, size: 4044 MB, Compressed Oops mode: Zero based, Oop shift amount: 3

CDS archive(s) mapped at: [0x0000022345000000-0x0000022345c90000-0x0000022345c90000), size 13172736, SharedBaseAddress: 0x0000022345000000, ArchiveRelocationMode: 1.
Compressed class space mapped at: 0x0000022346000000-0x0000022386000000, reserved size: 1073741824
Narrow klass base: 0x0000022345000000, Narrow klass shift: 0, Narrow klass range: 0x100000000

GC Precious Log:
 CardTable entry size: 512
 Card Set container configuration: InlinePtr #cards 4 size 8 Array Of Cards #cards 16 size 48 Howl #buckets 8 coarsen threshold 3686 Howl Bitmap #cards 512 size 80 coarsen threshold 460 Card regions per heap region 1 cards per card region 4096
 CPUs: 8 total, 8 available
 Memory: 16171M
 Large Page Support: Disabled
 NUMA Support: Disabled
 Compressed Oops: Enabled (Zero based)
 Heap Region Size: 2M
 Heap Min Capacity: 8M
 Heap Initial Capacity: 254M
 Heap Max Capacity: 4044M
 Pre-touch: Disabled
 Parallel Workers: 8
 Concurrent Workers: 2
 Concurrent Refinement Workers: 8
 Periodic GC: Disabled

Heap:
 garbage-first heap   total 260096K, used 47078K [0x0000000703400000, 0x0000000800000000)
  region size 2048K, 3 young (6144K), 3 survivors (6144K)
 Metaspace       used 83995K, committed 84992K, reserved 1179648K
  class space    used 11922K, committed 12416K, reserved 1048576K

Heap Regions: E=young(eden), S=young(survivor), O=old, HS=humongous(starts), HC=humongous(continues), CS=collection set, F=free, TAMS=top-at-mark-start, PB=parsable bottom
|   0|0x0000000703400000, 0x0000000703600000, 0x0000000703600000|100%| O|  |TAMS 0x0000000703400000| PB 0x0000000703400000| Untracked 
|   1|0x0000000703600000, 0x00000007037fffa8, 0x0000000703800000| 99%| O|  |TAMS 0x0000000703600000| PB 0x0000000703600000| Untracked 
|   2|0x0000000703800000, 0x0000000703a00000, 0x0000000703a00000|100%| O|  |TAMS 0x0000000703800000| PB 0x0000000703800000| Untracked 
|   3|0x0000000703a00000, 0x0000000703bfffd0, 0x0000000703c00000| 99%| O|  |TAMS 0x0000000703a00000| PB 0x0000000703a00000| Untracked 
|   4|0x0000000703c00000, 0x0000000703de3910, 0x0000000703e00000| 94%| O|  |TAMS 0x0000000703c00000| PB 0x0000000703c00000| Untracked 
|   5|0x0000000703e00000, 0x0000000703ffffe8, 0x0000000704000000| 99%| O|  |TAMS 0x0000000703e00000| PB 0x0000000703e00000| Untracked 
|   6|0x0000000704000000, 0x00000007041fffd8, 0x0000000704200000| 99%| O|  |TAMS 0x0000000704000000| PB 0x0000000704000000| Untracked 
|   7|0x0000000704200000, 0x0000000704400000, 0x0000000704400000|100%| O|  |TAMS 0x0000000704200000| PB 0x0000000704200000| Untracked 
|   8|0x0000000704400000, 0x00000007045fffe8, 0x0000000704600000| 99%| O|  |TAMS 0x0000000704400000| PB 0x0000000704400000| Untracked 
|   9|0x0000000704600000, 0x0000000704800000, 0x0000000704800000|100%| O|  |TAMS 0x0000000704600000| PB 0x0000000704600000| Untracked 
|  10|0x0000000704800000, 0x00000007049fffb8, 0x0000000704a00000| 99%| O|  |TAMS 0x0000000704800000| PB 0x0000000704800000| Untracked 
|  11|0x0000000704a00000, 0x0000000704bfffd0, 0x0000000704c00000| 99%| O|  |TAMS 0x0000000704a00000| PB 0x0000000704a00000| Untracked 
|  12|0x0000000704c00000, 0x0000000704de42b0, 0x0000000704e00000| 94%| O|  |TAMS 0x0000000704c00000| PB 0x0000000704c00000| Untracked 
|  13|0x0000000704e00000, 0x0000000704ffffe0, 0x0000000705000000| 99%| O|  |TAMS 0x0000000704e00000| PB 0x0000000704e00000| Untracked 
|  14|0x0000000705000000, 0x000000070512d430, 0x0000000705200000| 58%| O|  |TAMS 0x0000000705000000| PB 0x0000000705000000| Untracked 
|  15|0x0000000705200000, 0x000000070535e420, 0x0000000705400000| 68%| O|  |TAMS 0x0000000705200000| PB 0x0000000705200000| Untracked 
|  16|0x0000000705400000, 0x00000007055fffe8, 0x0000000705600000| 99%| O|  |TAMS 0x0000000705400000| PB 0x0000000705400000| Untracked 
|  17|0x0000000705600000, 0x00000007057fffd8, 0x0000000705800000| 99%| O|  |TAMS 0x0000000705600000| PB 0x0000000705600000| Untracked 
|  18|0x0000000705800000, 0x00000007059e4188, 0x0000000705a00000| 94%| O|  |TAMS 0x0000000705800000| PB 0x0000000705800000| Untracked 
|  19|0x0000000705a00000, 0x0000000705a00000, 0x0000000705c00000|  0%| F|  |TAMS 0x0000000705a00000| PB 0x0000000705a00000| Untracked 
|  20|0x0000000705c00000, 0x0000000705c00000, 0x0000000705e00000|  0%| F|  |TAMS 0x0000000705c00000| PB 0x0000000705c00000| Untracked 
|  21|0x0000000705e00000, 0x0000000705f81ba0, 0x0000000706000000| 75%| O|  |TAMS 0x0000000705e00000| PB 0x0000000705e00000| Untracked 
|  22|0x0000000706000000, 0x00000007061fffc0, 0x0000000706200000| 99%| O|  |TAMS 0x0000000706000000| PB 0x0000000706000000| Untracked 
|  23|0x0000000706200000, 0x0000000706200000, 0x0000000706400000|  0%| F|  |TAMS 0x0000000706200000| PB 0x0000000706200000| Untracked 
|  24|0x0000000706400000, 0x0000000706400000, 0x0000000706600000|  0%| F|  |TAMS 0x0000000706400000| PB 0x0000000706400000| Untracked 
|  25|0x0000000706600000, 0x000000070677eec0, 0x0000000706800000| 74%| S|CS|TAMS 0x0000000706600000| PB 0x0000000706600000| Complete 
|  26|0x0000000706800000, 0x0000000706a00000, 0x0000000706a00000|100%| S|CS|TAMS 0x0000000706800000| PB 0x0000000706800000| Complete 
|  27|0x0000000706a00000, 0x0000000706ac1b50, 0x0000000706c00000| 37%| O|  |TAMS 0x0000000706a00000| PB 0x0000000706a00000| Untracked 
|  28|0x0000000706c00000, 0x0000000706e00000, 0x0000000706e00000|100%| S|CS|TAMS 0x0000000706c00000| PB 0x0000000706c00000| Complete 
|  29|0x0000000706e00000, 0x0000000706e00000, 0x0000000707000000|  0%| F|  |TAMS 0x0000000706e00000| PB 0x0000000706e00000| Untracked 
|  30|0x0000000707000000, 0x0000000707000000, 0x0000000707200000|  0%| F|  |TAMS 0x0000000707000000| PB 0x0000000707000000| Untracked 
|  31|0x0000000707200000, 0x0000000707200000, 0x0000000707400000|  0%| F|  |TAMS 0x0000000707200000| PB 0x0000000707200000| Untracked 
|  32|0x0000000707400000, 0x0000000707400000, 0x0000000707600000|  0%| F|  |TAMS 0x0000000707400000| PB 0x0000000707400000| Untracked 
|  33|0x0000000707600000, 0x0000000707600000, 0x0000000707800000|  0%| F|  |TAMS 0x0000000707600000| PB 0x0000000707600000| Untracked 
|  34|0x0000000707800000, 0x0000000707800000, 0x0000000707a00000|  0%| F|  |TAMS 0x0000000707800000| PB 0x0000000707800000| Untracked 
|  35|0x0000000707a00000, 0x0000000707a00000, 0x0000000707c00000|  0%| F|  |TAMS 0x0000000707a00000| PB 0x0000000707a00000| Untracked 
|  36|0x0000000707c00000, 0x0000000707c00000, 0x0000000707e00000|  0%| F|  |TAMS 0x0000000707c00000| PB 0x0000000707c00000| Untracked 
|  37|0x0000000707e00000, 0x0000000707e00000, 0x0000000708000000|  0%| F|  |TAMS 0x0000000707e00000| PB 0x0000000707e00000| Untracked 
|  38|0x0000000708000000, 0x0000000708000000, 0x0000000708200000|  0%| F|  |TAMS 0x0000000708000000| PB 0x0000000708000000| Untracked 
|  39|0x0000000708200000, 0x0000000708200000, 0x0000000708400000|  0%| F|  |TAMS 0x0000000708200000| PB 0x0000000708200000| Untracked 
|  40|0x0000000708400000, 0x0000000708400000, 0x0000000708600000|  0%| F|  |TAMS 0x0000000708400000| PB 0x0000000708400000| Untracked 
|  41|0x0000000708600000, 0x0000000708600000, 0x0000000708800000|  0%| F|  |TAMS 0x0000000708600000| PB 0x0000000708600000| Untracked 
|  42|0x0000000708800000, 0x0000000708800000, 0x0000000708a00000|  0%| F|  |TAMS 0x0000000708800000| PB 0x0000000708800000| Untracked 
|  43|0x0000000708a00000, 0x0000000708a00000, 0x0000000708c00000|  0%| F|  |TAMS 0x0000000708a00000| PB 0x0000000708a00000| Untracked 
|  44|0x0000000708c00000, 0x0000000708c00000, 0x0000000708e00000|  0%| F|  |TAMS 0x0000000708c00000| PB 0x0000000708c00000| Untracked 
|  45|0x0000000708e00000, 0x0000000708e00000, 0x0000000709000000|  0%| F|  |TAMS 0x0000000708e00000| PB 0x0000000708e00000| Untracked 
|  46|0x0000000709000000, 0x0000000709000000, 0x0000000709200000|  0%| F|  |TAMS 0x0000000709000000| PB 0x0000000709000000| Untracked 
|  47|0x0000000709200000, 0x0000000709200000, 0x0000000709400000|  0%| F|  |TAMS 0x0000000709200000| PB 0x0000000709200000| Untracked 
|  48|0x0000000709400000, 0x0000000709400000, 0x0000000709600000|  0%| F|  |TAMS 0x0000000709400000| PB 0x0000000709400000| Untracked 
|  49|0x0000000709600000, 0x0000000709600000, 0x0000000709800000|  0%| F|  |TAMS 0x0000000709600000| PB 0x0000000709600000| Untracked 
|  50|0x0000000709800000, 0x0000000709800000, 0x0000000709a00000|  0%| F|  |TAMS 0x0000000709800000| PB 0x0000000709800000| Untracked 
|  51|0x0000000709a00000, 0x0000000709a00000, 0x0000000709c00000|  0%| F|  |TAMS 0x0000000709a00000| PB 0x0000000709a00000| Untracked 
|  52|0x0000000709c00000, 0x0000000709c00000, 0x0000000709e00000|  0%| F|  |TAMS 0x0000000709c00000| PB 0x0000000709c00000| Untracked 
|  53|0x0000000709e00000, 0x0000000709e00000, 0x000000070a000000|  0%| F|  |TAMS 0x0000000709e00000| PB 0x0000000709e00000| Untracked 
|  54|0x000000070a000000, 0x000000070a000000, 0x000000070a200000|  0%| F|  |TAMS 0x000000070a000000| PB 0x000000070a000000| Untracked 
|  55|0x000000070a200000, 0x000000070a200000, 0x000000070a400000|  0%| F|  |TAMS 0x000000070a200000| PB 0x000000070a200000| Untracked 
|  56|0x000000070a400000, 0x000000070a400000, 0x000000070a600000|  0%| F|  |TAMS 0x000000070a400000| PB 0x000000070a400000| Untracked 
|  57|0x000000070a600000, 0x000000070a600000, 0x000000070a800000|  0%| F|  |TAMS 0x000000070a600000| PB 0x000000070a600000| Untracked 
|  58|0x000000070a800000, 0x000000070a800000, 0x000000070aa00000|  0%| F|  |TAMS 0x000000070a800000| PB 0x000000070a800000| Untracked 
|  59|0x000000070aa00000, 0x000000070aa00000, 0x000000070ac00000|  0%| F|  |TAMS 0x000000070aa00000| PB 0x000000070aa00000| Untracked 
|  60|0x000000070ac00000, 0x000000070ac00000, 0x000000070ae00000|  0%| F|  |TAMS 0x000000070ac00000| PB 0x000000070ac00000| Untracked 
|  61|0x000000070ae00000, 0x000000070ae00000, 0x000000070b000000|  0%| F|  |TAMS 0x000000070ae00000| PB 0x000000070ae00000| Untracked 
|  62|0x000000070b000000, 0x000000070b000000, 0x000000070b200000|  0%| F|  |TAMS 0x000000070b000000| PB 0x000000070b000000| Untracked 
|  63|0x000000070b200000, 0x000000070b200000, 0x000000070b400000|  0%| F|  |TAMS 0x000000070b200000| PB 0x000000070b200000| Untracked 
|  64|0x000000070b400000, 0x000000070b400000, 0x000000070b600000|  0%| F|  |TAMS 0x000000070b400000| PB 0x000000070b400000| Untracked 
|  65|0x000000070b600000, 0x000000070b600000, 0x000000070b800000|  0%| F|  |TAMS 0x000000070b600000| PB 0x000000070b600000| Untracked 
|  66|0x000000070b800000, 0x000000070b800000, 0x000000070ba00000|  0%| F|  |TAMS 0x000000070b800000| PB 0x000000070b800000| Untracked 
|  67|0x000000070ba00000, 0x000000070ba00000, 0x000000070bc00000|  0%| F|  |TAMS 0x000000070ba00000| PB 0x000000070ba00000| Untracked 
|  68|0x000000070bc00000, 0x000000070bc00000, 0x000000070be00000|  0%| F|  |TAMS 0x000000070bc00000| PB 0x000000070bc00000| Untracked 
|  69|0x000000070be00000, 0x000000070be00000, 0x000000070c000000|  0%| F|  |TAMS 0x000000070be00000| PB 0x000000070be00000| Untracked 
|  70|0x000000070c000000, 0x000000070c000000, 0x000000070c200000|  0%| F|  |TAMS 0x000000070c000000| PB 0x000000070c000000| Untracked 
|  71|0x000000070c200000, 0x000000070c200000, 0x000000070c400000|  0%| F|  |TAMS 0x000000070c200000| PB 0x000000070c200000| Untracked 
|  72|0x000000070c400000, 0x000000070c400000, 0x000000070c600000|  0%| F|  |TAMS 0x000000070c400000| PB 0x000000070c400000| Untracked 
|  73|0x000000070c600000, 0x000000070c600000, 0x000000070c800000|  0%| F|  |TAMS 0x000000070c600000| PB 0x000000070c600000| Untracked 
|  74|0x000000070c800000, 0x000000070c800000, 0x000000070ca00000|  0%| F|  |TAMS 0x000000070c800000| PB 0x000000070c800000| Untracked 
|  75|0x000000070ca00000, 0x000000070ca00000, 0x000000070cc00000|  0%| F|  |TAMS 0x000000070ca00000| PB 0x000000070ca00000| Untracked 
|  76|0x000000070cc00000, 0x000000070cc00000, 0x000000070ce00000|  0%| F|  |TAMS 0x000000070cc00000| PB 0x000000070cc00000| Untracked 
|  77|0x000000070ce00000, 0x000000070ce00000, 0x000000070d000000|  0%| F|  |TAMS 0x000000070ce00000| PB 0x000000070ce00000| Untracked 
|  78|0x000000070d000000, 0x000000070d000000, 0x000000070d200000|  0%| F|  |TAMS 0x000000070d000000| PB 0x000000070d000000| Untracked 
|  79|0x000000070d200000, 0x000000070d200000, 0x000000070d400000|  0%| F|  |TAMS 0x000000070d200000| PB 0x000000070d200000| Untracked 
|  80|0x000000070d400000, 0x000000070d400000, 0x000000070d600000|  0%| F|  |TAMS 0x000000070d400000| PB 0x000000070d400000| Untracked 
|  81|0x000000070d600000, 0x000000070d600000, 0x000000070d800000|  0%| F|  |TAMS 0x000000070d600000| PB 0x000000070d600000| Untracked 
|  82|0x000000070d800000, 0x000000070d800000, 0x000000070da00000|  0%| F|  |TAMS 0x000000070d800000| PB 0x000000070d800000| Untracked 
|  83|0x000000070da00000, 0x000000070da00000, 0x000000070dc00000|  0%| F|  |TAMS 0x000000070da00000| PB 0x000000070da00000| Untracked 
|  84|0x000000070dc00000, 0x000000070dc00000, 0x000000070de00000|  0%| F|  |TAMS 0x000000070dc00000| PB 0x000000070dc00000| Untracked 
|  85|0x000000070de00000, 0x000000070de00000, 0x000000070e000000|  0%| F|  |TAMS 0x000000070de00000| PB 0x000000070de00000| Untracked 
|  86|0x000000070e000000, 0x000000070e000000, 0x000000070e200000|  0%| F|  |TAMS 0x000000070e000000| PB 0x000000070e000000| Untracked 
|  87|0x000000070e200000, 0x000000070e200000, 0x000000070e400000|  0%| F|  |TAMS 0x000000070e200000| PB 0x000000070e200000| Untracked 
|  88|0x000000070e400000, 0x000000070e400000, 0x000000070e600000|  0%| F|  |TAMS 0x000000070e400000| PB 0x000000070e400000| Untracked 
|  89|0x000000070e600000, 0x000000070e600000, 0x000000070e800000|  0%| F|  |TAMS 0x000000070e600000| PB 0x000000070e600000| Untracked 
|  90|0x000000070e800000, 0x000000070e800000, 0x000000070ea00000|  0%| F|  |TAMS 0x000000070e800000| PB 0x000000070e800000| Untracked 
|  91|0x000000070ea00000, 0x000000070ea00000, 0x000000070ec00000|  0%| F|  |TAMS 0x000000070ea00000| PB 0x000000070ea00000| Untracked 
|  92|0x000000070ec00000, 0x000000070ec00000, 0x000000070ee00000|  0%| F|  |TAMS 0x000000070ec00000| PB 0x000000070ec00000| Untracked 
|  93|0x000000070ee00000, 0x000000070ee00000, 0x000000070f000000|  0%| F|  |TAMS 0x000000070ee00000| PB 0x000000070ee00000| Untracked 
|  94|0x000000070f000000, 0x000000070f000000, 0x000000070f200000|  0%| F|  |TAMS 0x000000070f000000| PB 0x000000070f000000| Untracked 
|  95|0x000000070f200000, 0x000000070f200000, 0x000000070f400000|  0%| F|  |TAMS 0x000000070f200000| PB 0x000000070f200000| Untracked 
|  96|0x000000070f400000, 0x000000070f400000, 0x000000070f600000|  0%| F|  |TAMS 0x000000070f400000| PB 0x000000070f400000| Untracked 
|  97|0x000000070f600000, 0x000000070f600000, 0x000000070f800000|  0%| F|  |TAMS 0x000000070f600000| PB 0x000000070f600000| Untracked 
|  98|0x000000070f800000, 0x000000070f800000, 0x000000070fa00000|  0%| F|  |TAMS 0x000000070f800000| PB 0x000000070f800000| Untracked 
|  99|0x000000070fa00000, 0x000000070fa00000, 0x000000070fc00000|  0%| F|  |TAMS 0x000000070fa00000| PB 0x000000070fa00000| Untracked 
| 100|0x000000070fc00000, 0x000000070fc00000, 0x000000070fe00000|  0%| F|  |TAMS 0x000000070fc00000| PB 0x000000070fc00000| Untracked 
| 101|0x000000070fe00000, 0x000000070fe00000, 0x0000000710000000|  0%| F|  |TAMS 0x000000070fe00000| PB 0x000000070fe00000| Untracked 
| 102|0x0000000710000000, 0x0000000710000000, 0x0000000710200000|  0%| F|  |TAMS 0x0000000710000000| PB 0x0000000710000000| Untracked 
| 103|0x0000000710200000, 0x0000000710200000, 0x0000000710400000|  0%| F|  |TAMS 0x0000000710200000| PB 0x0000000710200000| Untracked 
| 104|0x0000000710400000, 0x0000000710400000, 0x0000000710600000|  0%| F|  |TAMS 0x0000000710400000| PB 0x0000000710400000| Untracked 
| 105|0x0000000710600000, 0x0000000710600000, 0x0000000710800000|  0%| F|  |TAMS 0x0000000710600000| PB 0x0000000710600000| Untracked 
| 106|0x0000000710800000, 0x0000000710800000, 0x0000000710a00000|  0%| F|  |TAMS 0x0000000710800000| PB 0x0000000710800000| Untracked 
| 107|0x0000000710a00000, 0x0000000710a00000, 0x0000000710c00000|  0%| F|  |TAMS 0x0000000710a00000| PB 0x0000000710a00000| Untracked 
| 108|0x0000000710c00000, 0x0000000710c00000, 0x0000000710e00000|  0%| F|  |TAMS 0x0000000710c00000| PB 0x0000000710c00000| Untracked 
| 109|0x0000000710e00000, 0x0000000710e00000, 0x0000000711000000|  0%| F|  |TAMS 0x0000000710e00000| PB 0x0000000710e00000| Untracked 
| 110|0x0000000711000000, 0x0000000711000000, 0x0000000711200000|  0%| F|  |TAMS 0x0000000711000000| PB 0x0000000711000000| Untracked 
| 111|0x0000000711200000, 0x0000000711200000, 0x0000000711400000|  0%| F|  |TAMS 0x0000000711200000| PB 0x0000000711200000| Untracked 
| 112|0x0000000711400000, 0x0000000711400000, 0x0000000711600000|  0%| F|  |TAMS 0x0000000711400000| PB 0x0000000711400000| Untracked 
| 113|0x0000000711600000, 0x0000000711600000, 0x0000000711800000|  0%| F|  |TAMS 0x0000000711600000| PB 0x0000000711600000| Untracked 
| 114|0x0000000711800000, 0x0000000711800000, 0x0000000711a00000|  0%| F|  |TAMS 0x0000000711800000| PB 0x0000000711800000| Untracked 
| 115|0x0000000711a00000, 0x0000000711a00000, 0x0000000711c00000|  0%| F|  |TAMS 0x0000000711a00000| PB 0x0000000711a00000| Untracked 
| 116|0x0000000711c00000, 0x0000000711c00000, 0x0000000711e00000|  0%| F|  |TAMS 0x0000000711c00000| PB 0x0000000711c00000| Untracked 
| 117|0x0000000711e00000, 0x0000000711e00000, 0x0000000712000000|  0%| F|  |TAMS 0x0000000711e00000| PB 0x0000000711e00000| Untracked 
| 118|0x0000000712000000, 0x0000000712000000, 0x0000000712200000|  0%| F|  |TAMS 0x0000000712000000| PB 0x0000000712000000| Untracked 
| 119|0x0000000712200000, 0x0000000712200000, 0x0000000712400000|  0%| F|  |TAMS 0x0000000712200000| PB 0x0000000712200000| Untracked 
| 120|0x0000000712400000, 0x0000000712400000, 0x0000000712600000|  0%| F|  |TAMS 0x0000000712400000| PB 0x0000000712400000| Untracked 
| 121|0x0000000712600000, 0x0000000712600000, 0x0000000712800000|  0%| F|  |TAMS 0x0000000712600000| PB 0x0000000712600000| Untracked 
| 122|0x0000000712800000, 0x0000000712800000, 0x0000000712a00000|  0%| F|  |TAMS 0x0000000712800000| PB 0x0000000712800000| Untracked 
| 123|0x0000000712a00000, 0x0000000712a00000, 0x0000000712c00000|  0%| F|  |TAMS 0x0000000712a00000| PB 0x0000000712a00000| Untracked 
| 124|0x0000000712c00000, 0x0000000712c00000, 0x0000000712e00000|  0%| F|  |TAMS 0x0000000712c00000| PB 0x0000000712c00000| Untracked 
| 125|0x0000000712e00000, 0x0000000712e00000, 0x0000000713000000|  0%| F|  |TAMS 0x0000000712e00000| PB 0x0000000712e00000| Untracked 
| 126|0x0000000713000000, 0x0000000713000000, 0x0000000713200000|  0%| F|  |TAMS 0x0000000713000000| PB 0x0000000713000000| Untracked 

Card table byte_map: [0x000002233d940000,0x000002233e130000] _byte_map_base: 0x000002233a126000

Marking Bits: (CMBitMap*) 0x000002232fc61860
 Bits: [0x000002233e130000, 0x0000022342060000)

Polling page: 0x000002232fcc0000

Metaspace:

Usage:
  Non-class:     70.38 MB used.
      Class:     11.64 MB used.
       Both:     82.03 MB used.

Virtual space:
  Non-class space:      128.00 MB reserved,      70.88 MB ( 55%) committed,  2 nodes.
      Class space:        1.00 GB reserved,      12.12 MB (  1%) committed,  1 nodes.
             Both:        1.12 GB reserved,      83.00 MB (  7%) committed. 

Chunk freelists:
   Non-Class:  8.72 MB
       Class:  3.95 MB
        Both:  12.66 MB

MaxMetaspaceSize: unlimited
CompressedClassSpaceSize: 1.00 GB
Initial GC threshold: 21.00 MB
Current GC threshold: 138.38 MB
CDS: on
 - commit_granule_bytes: 65536.
 - commit_granule_words: 8192.
 - virtual_space_node_default_size: 8388608.
 - enlarge_chunks_in_place: 1.
 - use_allocation_guard: 0.


Internal statistics:

num_allocs_failed_limit: 15.
num_arena_births: 2082.
num_arena_deaths: 916.
num_vsnodes_births: 3.
num_vsnodes_deaths: 0.
num_space_committed: 1328.
num_space_uncommitted: 0.
num_chunks_returned_to_freelist: 1072.
num_chunks_taken_from_freelist: 5578.
num_chunk_merges: 232.
num_chunk_splits: 3536.
num_chunks_enlarged: 2594.
num_inconsistent_stats: 0.

CodeCache: size=49152Kb used=15072Kb max_used=17059Kb free=34079Kb
 bounds [0x0000022339870000, 0x000002233a920000, 0x000002233c870000]
 total_blobs=7762 nmethods=7044 adapters=640
 compilation: enabled
              stopped_count=0, restarted_count=0
 full_count=0

Compilation events (20 events):
Event: 299.930 Thread 0x0000022344b3b830 nmethod 10248 0x0000022339a13490 code [0x0000022339a13660, 0x0000022339a139d8]
Event: 299.930 Thread 0x000002238a0f94e0 nmethod 10247 0x0000022339f19b10 code [0x0000022339f19d60, 0x0000022339f1a488]
Event: 299.931 Thread 0x000002238a0f94e0 10249       1       org.springframework.data.repository.config.RepositoryComponentProvider$InterfaceTypeFilter::match (29 bytes)
Event: 299.931 Thread 0x000002238a0f94e0 nmethod 10249 0x0000022339b73f90 code [0x0000022339b74140, 0x0000022339b742f0]
Event: 299.987 Thread 0x0000022344b3b830 10250       1       org.springframework.cglib.core.ClassEmitter$1::getModifiers (5 bytes)
Event: 299.987 Thread 0x0000022344b3b830 nmethod 10250 0x0000022339a45210 code [0x0000022339a453a0, 0x0000022339a45468]
Event: 299.994 Thread 0x0000022344b3b830 10251       1       org.springframework.cglib.core.CodeEmitter::mark (15 bytes)
Event: 299.994 Thread 0x0000022344b3b830 nmethod 10251 0x0000022339ce6390 code [0x0000022339ce6540, 0x0000022339ce66b8]
Event: 299.995 Thread 0x0000022344b3b830 10252       1       java.lang.invoke.VarHandleInts$FieldInstanceReadWrite::compareAndSet (32 bytes)
Event: 299.996 Thread 0x0000022344b3b830 nmethod 10252 0x0000022339b15590 code [0x0000022339b15780, 0x0000022339b15a88]
Event: 299.999 Thread 0x000002238a0f94e0 10254       1       org.springframework.core.io.support.SpringFactoriesLoader$ArgumentResolver$1::<init> (10 bytes)
Event: 299.999 Thread 0x0000022344b3b830 10253       1       org.springframework.core.io.support.SpringFactoriesLoader$ArgumentResolver::from (9 bytes)
Event: 299.999 Thread 0x000002238a0f94e0 nmethod 10254 0x0000022339af8210 code [0x0000022339af83a0, 0x0000022339af84b8]
Event: 299.999 Thread 0x0000022344b3b830 nmethod 10253 0x0000022339b1f090 code [0x0000022339b1f220, 0x0000022339b1f378]
Event: 300.023 Thread 0x0000022344b3b830 10255   !   1       jdk.proxy2.$Proxy84::annotationType (29 bytes)
Event: 300.023 Thread 0x0000022344b3b830 nmethod 10255 0x0000022339cade90 code [0x0000022339cae060, 0x0000022339cae2d0]
Event: 300.023 Thread 0x0000022344b3b830 10256       1       org.springframework.aop.aspectj.annotation.BeanFactoryAspectInstanceFactory::getAspectMetadata (5 bytes)
Event: 300.023 Thread 0x0000022344b3b830 nmethod 10256 0x0000022339aec410 code [0x0000022339aec5a0, 0x0000022339aec670]
Event: 300.029 Thread 0x0000022344b3b830 10257       1       java.lang.Character::isJavaIdentifierStart (5 bytes)
Event: 300.029 Thread 0x0000022344b3b830 nmethod 10257 0x0000022339b29b90 code [0x0000022339b29d40, 0x0000022339b29e48]

GC Heap History (20 events):
Event: 221.251 GC heap after
{Heap after GC invocations=29 (full 1):
 garbage-first heap   total 131072K, used 52611K [0x0000000703400000, 0x0000000800000000)
  region size 2048K, 3 young (6144K), 3 survivors (6144K)
 Metaspace       used 82970K, committed 83968K, reserved 1179648K
  class space    used 11789K, committed 12288K, reserved 1048576K
}
Event: 221.636 GC heap before
{Heap before GC invocations=29 (full 1):
 garbage-first heap   total 131072K, used 109955K [0x0000000703400000, 0x0000000800000000)
  region size 2048K, 31 young (63488K), 3 survivors (6144K)
 Metaspace       used 83100K, committed 83968K, reserved 1179648K
  class space    used 11805K, committed 12288K, reserved 1048576K
}
Event: 221.640 GC heap after
{Heap after GC invocations=30 (full 1):
 garbage-first heap   total 131072K, used 55969K [0x0000000703400000, 0x0000000800000000)
  region size 2048K, 3 young (6144K), 3 survivors (6144K)
 Metaspace       used 83100K, committed 83968K, reserved 1179648K
  class space    used 11805K, committed 12288K, reserved 1048576K
}
Event: 240.774 GC heap before
{Heap before GC invocations=30 (full 1):
 garbage-first heap   total 131072K, used 111265K [0x0000000703400000, 0x0000000800000000)
  region size 2048K, 30 young (61440K), 3 survivors (6144K)
 Metaspace       used 83145K, committed 84032K, reserved 1179648K
  class space    used 11812K, committed 12288K, reserved 1048576K
}
Event: 240.777 GC heap after
{Heap after GC invocations=31 (full 1):
 garbage-first heap   total 131072K, used 54170K [0x0000000703400000, 0x0000000800000000)
  region size 2048K, 2 young (4096K), 2 survivors (4096K)
 Metaspace       used 83145K, committed 84032K, reserved 1179648K
  class space    used 11812K, committed 12288K, reserved 1048576K
}
Event: 241.181 GC heap before
{Heap before GC invocations=32 (full 1):
 garbage-first heap   total 131072K, used 111514K [0x0000000703400000, 0x0000000800000000)
  region size 2048K, 31 young (63488K), 2 survivors (4096K)
 Metaspace       used 83228K, committed 84096K, reserved 1179648K
  class space    used 11820K, committed 12288K, reserved 1048576K
}
Event: 241.184 GC heap after
{Heap after GC invocations=33 (full 1):
 garbage-first heap   total 131072K, used 55021K [0x0000000703400000, 0x0000000800000000)
  region size 2048K, 3 young (6144K), 3 survivors (6144K)
 Metaspace       used 83228K, committed 84096K, reserved 1179648K
  class space    used 11820K, committed 12288K, reserved 1048576K
}
Event: 284.764 GC heap before
{Heap before GC invocations=33 (full 1):
 garbage-first heap   total 131072K, used 110317K [0x0000000703400000, 0x0000000800000000)
  region size 2048K, 31 young (63488K), 3 survivors (6144K)
 Metaspace       used 83277K, committed 84160K, reserved 1179648K
  class space    used 11828K, committed 12288K, reserved 1048576K
}
Event: 284.767 GC heap after
{Heap after GC invocations=34 (full 1):
 garbage-first heap   total 131072K, used 53342K [0x0000000703400000, 0x0000000800000000)
  region size 2048K, 2 young (4096K), 2 survivors (4096K)
 Metaspace       used 83277K, committed 84160K, reserved 1179648K
  class space    used 11828K, committed 12288K, reserved 1048576K
}
Event: 285.159 GC heap before
{Heap before GC invocations=34 (full 1):
 garbage-first heap   total 131072K, used 114782K [0x0000000703400000, 0x0000000800000000)
  region size 2048K, 33 young (67584K), 2 survivors (4096K)
 Metaspace       used 83364K, committed 84224K, reserved 1179648K
  class space    used 11837K, committed 12288K, reserved 1048576K
}
Event: 285.163 GC heap after
{Heap after GC invocations=35 (full 1):
 garbage-first heap   total 131072K, used 55288K [0x0000000703400000, 0x0000000800000000)
  region size 2048K, 3 young (6144K), 3 survivors (6144K)
 Metaspace       used 83364K, committed 84224K, reserved 1179648K
  class space    used 11837K, committed 12288K, reserved 1048576K
}
Event: 285.605 GC heap before
{Heap before GC invocations=36 (full 1):
 garbage-first heap   total 131072K, used 114680K [0x0000000703400000, 0x0000000800000000)
  region size 2048K, 32 young (65536K), 3 survivors (6144K)
 Metaspace       used 83784K, committed 84608K, reserved 1179648K
  class space    used 11883K, committed 12288K, reserved 1048576K
}
Event: 285.610 GC heap after
{Heap after GC invocations=37 (full 1):
 garbage-first heap   total 131072K, used 59517K [0x0000000703400000, 0x0000000800000000)
  region size 2048K, 4 young (8192K), 4 survivors (8192K)
 Metaspace       used 83784K, committed 84608K, reserved 1179648K
  class space    used 11883K, committed 12288K, reserved 1048576K
}
Event: 285.955 GC heap before
{Heap before GC invocations=37 (full 1):
 garbage-first heap   total 131072K, used 112765K [0x0000000703400000, 0x0000000800000000)
  region size 2048K, 30 young (61440K), 4 survivors (8192K)
 Metaspace       used 83892K, committed 84736K, reserved 1179648K
  class space    used 11911K, committed 12288K, reserved 1048576K
}
Event: 285.961 GC heap after
{Heap after GC invocations=38 (full 1):
 garbage-first heap   total 131072K, used 57938K [0x0000000703400000, 0x0000000800000000)
  region size 2048K, 3 young (6144K), 3 survivors (6144K)
 Metaspace       used 83892K, committed 84736K, reserved 1179648K
  class space    used 11911K, committed 12288K, reserved 1048576K
}
Event: 299.325 GC heap before
{Heap before GC invocations=38 (full 1):
 garbage-first heap   total 131072K, used 113234K [0x0000000703400000, 0x0000000800000000)
  region size 2048K, 30 young (61440K), 3 survivors (6144K)
 Metaspace       used 84072K, committed 84992K, reserved 1179648K
  class space    used 11952K, committed 12416K, reserved 1048576K
}
Event: 299.330 GC heap after
{Heap after GC invocations=39 (full 1):
 garbage-first heap   total 131072K, used 60436K [0x0000000703400000, 0x0000000800000000)
  region size 2048K, 4 young (8192K), 4 survivors (8192K)
 Metaspace       used 84072K, committed 84992K, reserved 1179648K
  class space    used 11952K, committed 12416K, reserved 1048576K
}
Event: 299.342 GC heap before
{Heap before GC invocations=39 (full 1):
 garbage-first heap   total 131072K, used 60436K [0x0000000703400000, 0x0000000800000000)
  region size 2048K, 5 young (10240K), 4 survivors (8192K)
 Metaspace       used 84074K, committed 84992K, reserved 1179648K
  class space    used 11953K, committed 12416K, reserved 1048576K
}
Event: 299.400 GC heap after
{Heap after GC invocations=40 (full 2):
 garbage-first heap   total 131072K, used 41450K [0x0000000703400000, 0x0000000800000000)
  region size 2048K, 0 young (0K), 0 survivors (0K)
 Metaspace       used 83868K, committed 84992K, reserved 1179648K
  class space    used 11907K, committed 12416K, reserved 1048576K
}
Event: 300.070 GC heap before
{Heap before GC invocations=40 (full 2):
 garbage-first heap   total 131072K, used 113130K [0x0000000703400000, 0x0000000800000000)
  region size 2048K, 35 young (71680K), 0 survivors (0K)
 Metaspace       used 83995K, committed 84992K, reserved 1179648K
  class space    used 11922K, committed 12416K, reserved 1048576K
}

Dll operation events (12 events):
Event: 0.006 Loaded shared library C:\Program Files\Java\jdk-21\bin\java.dll
Event: 0.006 Loaded shared library C:\Program Files\Java\jdk-21\bin\zip.dll
Event: 0.120 Loaded shared library C:\Program Files\Java\jdk-21\bin\instrument.dll
Event: 0.137 Loaded shared library C:\Program Files\Java\jdk-21\bin\jimage.dll
Event: 0.144 Loaded shared library C:\Program Files\Java\jdk-21\bin\net.dll
Event: 0.144 Loaded shared library C:\Program Files\Java\jdk-21\bin\nio.dll
Event: 0.150 Loaded shared library C:\Program Files\Java\jdk-21\bin\zip.dll
Event: 0.225 Loaded shared library C:\Program Files\Java\jdk-21\bin\management.dll
Event: 0.236 Loaded shared library C:\Program Files\Java\jdk-21\bin\management_ext.dll
Event: 0.459 Loaded shared library C:\Program Files\Java\jdk-21\bin\extnet.dll
Event: 0.496 Loaded shared library C:\Program Files\Java\jdk-21\bin\verify.dll
Event: 1.446 Loaded shared library C:\Program Files\Java\jdk-21\bin\sunmscapi.dll

Deoptimization events (20 events):
Event: 300.069 Thread 0x000002238df35d90 DEOPT PACKING pc=0x000002233a007c2c sp=0x0000007bbaef7960
Event: 300.069 Thread 0x000002238df35d90 DEOPT UNPACKING pc=0x00000223398c4e42 sp=0x0000007bbaef6f20 mode 1
Event: 300.069 Thread 0x000002238df35d90 DEOPT PACKING pc=0x000002233a0058ec sp=0x0000007bbaef7700
Event: 300.069 Thread 0x000002238df35d90 DEOPT UNPACKING pc=0x00000223398c4e42 sp=0x0000007bbaef6c38 mode 1
Event: 300.069 Thread 0x000002238df35d90 DEOPT PACKING pc=0x000002233a0068f4 sp=0x0000007bbaef77f0
Event: 300.069 Thread 0x000002238df35d90 DEOPT UNPACKING pc=0x00000223398c4e42 sp=0x0000007bbaef6da0 mode 1
Event: 300.069 Thread 0x000002238df35d90 DEOPT PACKING pc=0x000002233a007c2c sp=0x0000007bbaef7960
Event: 300.069 Thread 0x000002238df35d90 DEOPT UNPACKING pc=0x00000223398c4e42 sp=0x0000007bbaef6f20 mode 1
Event: 300.070 Thread 0x000002238df35d90 DEOPT PACKING pc=0x000002233a0058ec sp=0x0000007bbaef7700
Event: 300.070 Thread 0x000002238df35d90 DEOPT UNPACKING pc=0x00000223398c4e42 sp=0x0000007bbaef6c38 mode 1
Event: 300.070 Thread 0x000002238df35d90 DEOPT PACKING pc=0x000002233a0068f4 sp=0x0000007bbaef77f0
Event: 300.070 Thread 0x000002238df35d90 DEOPT UNPACKING pc=0x00000223398c4e42 sp=0x0000007bbaef6da0 mode 1
Event: 300.070 Thread 0x000002238df35d90 DEOPT PACKING pc=0x000002233a007c2c sp=0x0000007bbaef7960
Event: 300.070 Thread 0x000002238df35d90 DEOPT UNPACKING pc=0x00000223398c4e42 sp=0x0000007bbaef6f20 mode 1
Event: 300.070 Thread 0x000002238df35d90 DEOPT PACKING pc=0x000002233a0058ec sp=0x0000007bbaef7700
Event: 300.070 Thread 0x000002238df35d90 DEOPT UNPACKING pc=0x00000223398c4e42 sp=0x0000007bbaef6c38 mode 1
Event: 300.070 Thread 0x000002238df35d90 DEOPT PACKING pc=0x000002233a0068f4 sp=0x0000007bbaef77f0
Event: 300.070 Thread 0x000002238df35d90 DEOPT UNPACKING pc=0x00000223398c4e42 sp=0x0000007bbaef6da0 mode 1
Event: 300.070 Thread 0x000002238df35d90 DEOPT PACKING pc=0x000002233a007c2c sp=0x0000007bbaef7960
Event: 300.070 Thread 0x000002238df35d90 DEOPT UNPACKING pc=0x00000223398c4e42 sp=0x0000007bbaef6f20 mode 1

Classes loaded (20 events):
Event: 299.897 Loading class org/springframework/hateoas/server/mvc/TypeConstrainedMappingJackson2HttpMessageConverter
Event: 299.897 Loading class org/springframework/hateoas/server/mvc/TypeConstrainedMappingJackson2HttpMessageConverter done
Event: 299.898 Loading class org/springframework/data/rest/webmvc/alps/AlpsJsonHttpMessageConverter
Event: 299.898 Loading class org/springframework/data/rest/webmvc/alps/AlpsJsonHttpMessageConverter done
Event: 299.931 Loading class org/springframework/instrument/InstrumentationSavingAgent
Event: 299.931 Loading class org/springframework/instrument/InstrumentationSavingAgent done
Event: 299.932 Loading class org/eclipse/persistence/internal/jpa/deployment/JavaSECMPInitializerAgent
Event: 299.932 Loading class org/eclipse/persistence/internal/jpa/deployment/JavaSECMPInitializerAgent done
Event: 299.949 Loading class org/springframework/web/reactive/HandlerResult
Event: 299.949 Loading class org/springframework/web/reactive/HandlerResult done
Event: 299.950 Loading class org/springframework/messaging/rsocket/annotation/support/RSocketMessageHandler
Event: 299.950 Loading class org/springframework/messaging/rsocket/annotation/support/RSocketMessageHandler done
Event: 299.956 Loading class org/springframework/security/oauth2/jwt/JwtDecoder
Event: 299.956 Loading class org/springframework/security/oauth2/jwt/JwtDecoder done
Event: 300.015 Loading class javax/inject/Inject
Event: 300.015 Loading class javax/inject/Inject done
Event: 300.016 Loading class javax/annotation/PostConstruct
Event: 300.016 Loading class javax/annotation/PostConstruct done
Event: 300.016 Loading class javax/annotation/PreDestroy
Event: 300.016 Loading class javax/annotation/PreDestroy done

Classes unloaded (20 events):
Event: 299.361 Thread 0x0000022344b002c0 Unloading class 0x00000223465b0c00 'java/lang/invoke/LambdaForm$MH+0x00000223465b0c00'
Event: 299.361 Thread 0x0000022344b002c0 Unloading class 0x00000223465b0400 'java/lang/invoke/LambdaForm$MH+0x00000223465b0400'
Event: 299.361 Thread 0x0000022344b002c0 Unloading class 0x00000223465a9400 'java/lang/invoke/LambdaForm$MH+0x00000223465a9400'
Event: 299.361 Thread 0x0000022344b002c0 Unloading class 0x00000223465a8800 'java/lang/invoke/LambdaForm$MH+0x00000223465a8800'
Event: 299.361 Thread 0x0000022344b002c0 Unloading class 0x0000022346598400 'java/lang/invoke/LambdaForm$MH+0x0000022346598400'
Event: 299.361 Thread 0x0000022344b002c0 Unloading class 0x0000022346540c00 'java/lang/invoke/LambdaForm$MH+0x0000022346540c00'
Event: 299.361 Thread 0x0000022344b002c0 Unloading class 0x0000022346522800 'java/lang/invoke/LambdaForm$MH+0x0000022346522800'
Event: 299.361 Thread 0x0000022344b002c0 Unloading class 0x0000022346521800 'java/lang/invoke/LambdaForm$MH+0x0000022346521800'
Event: 299.361 Thread 0x0000022344b002c0 Unloading class 0x0000022346521000 'java/lang/invoke/LambdaForm$MH+0x0000022346521000'
Event: 299.361 Thread 0x0000022344b002c0 Unloading class 0x0000022346500c00 'java/lang/invoke/LambdaForm$MH+0x0000022346500c00'
Event: 299.361 Thread 0x0000022344b002c0 Unloading class 0x0000022346500400 'java/lang/invoke/LambdaForm$MH+0x0000022346500400'
Event: 299.361 Thread 0x0000022344b002c0 Unloading class 0x00000223464b4800 'java/lang/invoke/LambdaForm$MH+0x00000223464b4800'
Event: 299.361 Thread 0x0000022344b002c0 Unloading class 0x00000223464a8800 'java/lang/invoke/LambdaForm$MH+0x00000223464a8800'
Event: 299.361 Thread 0x0000022344b002c0 Unloading class 0x00000223464a1000 'java/lang/invoke/LambdaForm$MH+0x00000223464a1000'
Event: 299.361 Thread 0x0000022344b002c0 Unloading class 0x000002234625c400 'java/lang/invoke/LambdaForm$MH+0x000002234625c400'
Event: 299.361 Thread 0x0000022344b002c0 Unloading class 0x0000022346149800 'java/lang/invoke/LambdaForm$MH+0x0000022346149800'
Event: 299.361 Thread 0x0000022344b002c0 Unloading class 0x0000022346138400 'java/lang/invoke/LambdaForm$MH+0x0000022346138400'
Event: 299.361 Thread 0x0000022344b002c0 Unloading class 0x0000022346111000 'java/lang/invoke/LambdaForm$MH+0x0000022346111000'
Event: 299.361 Thread 0x0000022344b002c0 Unloading class 0x00000223460c1800 'java/lang/invoke/LambdaForm$MH+0x00000223460c1800'
Event: 299.361 Thread 0x0000022344b002c0 Unloading class 0x0000022346000400 'java/lang/invoke/LambdaForm$MH+0x0000022346000400'

Classes redefined (0 events):
No events

Internal exceptions (20 events):
Event: 285.020 Thread 0x000002238e144de0 Exception <a 'java/lang/ArrayIndexOutOfBoundsException'{0x0000000709035c70}> (0x0000000709035c70) 
thrown [s\open\src\hotspot\share\runtime\sharedRuntime.cpp, line 625]
Event: 285.022 Thread 0x000002238e144de0 Exception <a 'java/lang/ArrayIndexOutOfBoundsException'{0x0000000709091010}> (0x0000000709091010) 
thrown [s\open\src\hotspot\share\runtime\sharedRuntime.cpp, line 625]
Event: 285.022 Thread 0x000002238e144de0 Exception <a 'java/lang/ArrayIndexOutOfBoundsException'{0x00000007090915e8}> (0x00000007090915e8) 
thrown [s\open\src\hotspot\share\runtime\sharedRuntime.cpp, line 625]
Event: 285.105 Thread 0x000002238e144de0 Exception <a 'java/io/FileNotFoundException'{0x0000000707e2d328}> (0x0000000707e2d328) 
thrown [s\open\src\hotspot\share\prims\jni.cpp, line 520]
Event: 285.219 Thread 0x000002238e144de0 Exception <a 'java/lang/NoSuchMethodError'{0x000000070b0ff6f8}: 'void java.lang.invoke.DelegatingMethodHandle$Holder.reinvoke_L(java.lang.Object, java.lang.Object, int)'> (0x000000070b0ff6f8) 
thrown [s\open\src\hotspot\share\interpreter\linkResolver.cpp, line 773]
Event: 285.366 Thread 0x000002238e144de0 Exception <a 'java/lang/NoSuchMethodError'{0x0000000709f08d28}: 'long java.lang.invoke.DelegatingMethodHandle$Holder.reinvoke_L(java.lang.Object, java.lang.Object)'> (0x0000000709f08d28) 
thrown [s\open\src\hotspot\share\interpreter\linkResolver.cpp, line 773]
Event: 285.366 Thread 0x000002238e144de0 Exception <a 'java/lang/NoSuchMethodError'{0x0000000709f0fb48}: 'void java.lang.invoke.DelegatingMethodHandle$Holder.reinvoke_L(java.lang.Object, java.lang.Object, long)'> (0x0000000709f0fb48) 
thrown [s\open\src\hotspot\share\interpreter\linkResolver.cpp, line 773]
Event: 285.468 Thread 0x000002238e144de0 Exception <a 'java/io/FileNotFoundException'{0x000000070918a800}> (0x000000070918a800) 
thrown [s\open\src\hotspot\share\prims\jni.cpp, line 520]
Event: 299.341 Thread 0x000002238e149ca0 Exception <a 'java/lang/InterruptedException'{0x000000071308c1e8}: sleep interrupted> (0x000000071308c1e8) 
thrown [s\open\src\hotspot\share\prims\jvm.cpp, line 3074]
Event: 299.415 Thread 0x000002238df35d90 Exception <a 'sun/nio/fs/WindowsException'{0x000000071309c950}> (0x000000071309c950) 
thrown [s\open\src\hotspot\share\prims\jni.cpp, line 520]
Event: 299.999 Thread 0x000002238df35d90 Exception <a 'java/lang/NoClassDefFoundError'{0x000000070771b118}: org/flywaydb/core/Flyway> (0x000000070771b118) 
thrown [s\open\src\hotspot\share\oops\constantPool.cpp, line 871]
Event: 299.999 Thread 0x000002238df35d90 Exception <a 'java/lang/NoClassDefFoundError'{0x000000070771b778}: liquibase/integration/spring/SpringLiquibase> (0x000000070771b778) 
thrown [s\open\src\hotspot\share\oops\constantPool.cpp, line 871]
Event: 300.007 Thread 0x000002238df35d90 Exception <a 'java/lang/NoClassDefFoundError'{0x00000007077ee2e8}: org/jooq/DSLContext> (0x00000007077ee2e8) 
thrown [s\open\src\hotspot\share\oops\constantPool.cpp, line 871]
Event: 300.007 Thread 0x000002238df35d90 Exception <a 'java/lang/NoClassDefFoundError'{0x0000000707404b58}: org/springframework/batch/core/repository/JobRepository> (0x0000000707404b58) 
thrown [s\open\src\hotspot\share\oops\constantPool.cpp, line 871]
Event: 300.007 Thread 0x000002238df35d90 Exception <a 'java/lang/NoClassDefFoundError'{0x00000007074051b0}: org/quartz/Scheduler> (0x00000007074051b0) 
thrown [s\open\src\hotspot\share\oops\constantPool.cpp, line 871]
Event: 300.007 Thread 0x000002238df35d90 Exception <a 'java/lang/NoClassDefFoundError'{0x0000000707405830}: org/springframework/session/jdbc/JdbcIndexedSessionRepository> (0x0000000707405830) 
thrown [s\open\src\hotspot\share\oops\constantPool.cpp, line 871]
Event: 300.025 Thread 0x000002238df35d90 Exception <a 'java/lang/ArrayIndexOutOfBoundsException'{0x0000000707374500}> (0x0000000707374500) 
thrown [s\open\src\hotspot\share\runtime\sharedRuntime.cpp, line 625]
Event: 300.025 Thread 0x000002238df35d90 Exception <a 'java/lang/ArrayIndexOutOfBoundsException'{0x0000000707374ad8}> (0x0000000707374ad8) 
thrown [s\open\src\hotspot\share\runtime\sharedRuntime.cpp, line 625]
Event: 300.029 Thread 0x000002238df35d90 Exception <a 'java/lang/ArrayIndexOutOfBoundsException'{0x00000007073b79f8}> (0x00000007073b79f8) 
thrown [s\open\src\hotspot\share\runtime\sharedRuntime.cpp, line 625]
Event: 300.029 Thread 0x000002238df35d90 Exception <a 'java/lang/ArrayIndexOutOfBoundsException'{0x00000007073b7fd0}> (0x00000007073b7fd0) 
thrown [s\open\src\hotspot\share\runtime\sharedRuntime.cpp, line 625]

ZGC Phase Switch (0 events):
No events

VM Operations (20 events):
Event: 285.455 Executing VM operation: ChangeBreakpoints done
Event: 285.507 Executing VM operation: ChangeBreakpoints
Event: 285.508 Executing VM operation: ChangeBreakpoints done
Event: 285.605 Executing VM operation: G1CollectForAllocation (G1 Evacuation Pause)
Event: 285.610 Executing VM operation: G1CollectForAllocation (G1 Evacuation Pause) done
Event: 285.955 Executing VM operation: G1CollectForAllocation (G1 Evacuation Pause)
Event: 285.961 Executing VM operation: G1CollectForAllocation (G1 Evacuation Pause) done
Event: 286.975 Executing VM operation: Cleanup
Event: 286.975 Executing VM operation: Cleanup done
Event: 292.731 Executing VM operation: ChangeBreakpoints
Event: 292.731 Executing VM operation: ChangeBreakpoints done
Event: 292.731 Executing VM operation: ChangeBreakpoints
Event: 292.731 Executing VM operation: ChangeBreakpoints done
Event: 297.779 Executing VM operation: Cleanup
Event: 297.779 Executing VM operation: Cleanup done
Event: 299.325 Executing VM operation: G1CollectForAllocation (G1 Evacuation Pause)
Event: 299.330 Executing VM operation: G1CollectForAllocation (G1 Evacuation Pause) done
Event: 299.341 Executing VM operation: G1CollectFull (System.gc())
Event: 299.401 Executing VM operation: G1CollectFull (System.gc()) done
Event: 300.070 Executing VM operation: G1CollectForAllocation (G1 Evacuation Pause)

Events (20 events):
Event: 299.369 Thread 0x0000022344b002c0 flushing nmethod 0x0000022339a19990
Event: 299.369 Thread 0x0000022344b002c0 flushing nmethod 0x0000022339a14f90
Event: 299.369 Thread 0x0000022344b002c0 flushing nmethod 0x0000022339a13810
Event: 299.369 Thread 0x0000022344b002c0 flushing nmethod 0x0000022339a13490
Event: 299.369 Thread 0x0000022344b002c0 flushing nmethod 0x0000022339a0aa10
Event: 299.369 Thread 0x0000022344b002c0 flushing nmethod 0x0000022339a12290
Event: 299.369 Thread 0x0000022344b002c0 flushing nmethod 0x0000022339a11d90
Event: 299.369 Thread 0x0000022344b002c0 flushing nmethod 0x0000022339a10f10
Event: 299.369 Thread 0x0000022344b002c0 flushing nmethod 0x0000022339a10c10
Event: 299.369 Thread 0x0000022344b002c0 flushing nmethod 0x0000022339a10910
Event: 299.369 Thread 0x0000022344b002c0 flushing nmethod 0x0000022339a04310
Event: 299.369 Thread 0x0000022344b002c0 flushing nmethod 0x0000022339a03f90
Event: 299.369 Thread 0x0000022344b002c0 flushing nmethod 0x00000223399bfb10
Event: 299.369 Thread 0x0000022344b002c0 flushing nmethod 0x0000022339991d90
Event: 299.401 Thread 0x000002238e149610 Thread exited: 0x000002238e149610
Event: 299.401 Thread 0x000002238df37140 Thread added: 0x000002238df37140
Event: 299.402 Thread 0x000002238df37140 Thread exited: 0x000002238df37140
Event: 299.402 Thread 0x000002238df35d90 Thread added: 0x000002238df35d90
Event: 299.469 Thread 0x000002238df384f0 Thread added: 0x000002238df384f0
Event: 299.513 Thread 0x000002238df384f0 Thread exited: 0x000002238df384f0


Dynamic libraries:
0x00007ff69f0b0000 - 0x00007ff69f0c0000 	C:\Program Files\Java\jdk-21\bin\java.exe
0x00007ffc25870000 - 0x00007ffc25a68000 	C:\Windows\SYSTEM32\ntdll.dll
0x00007ffc23980000 - 0x00007ffc23a3f000 	C:\Windows\System32\KERNEL32.DLL
0x00007ffc22f50000 - 0x00007ffc23246000 	C:\Windows\System32\KERNELBASE.dll
0x00007ffc23280000 - 0x00007ffc23380000 	C:\Windows\System32\ucrtbase.dll
0x00007ffc0d970000 - 0x00007ffc0d98b000 	C:\Program Files\Java\jdk-21\bin\VCRUNTIME140.dll
0x00007ffc18240000 - 0x00007ffc18259000 	C:\Program Files\Java\jdk-21\bin\jli.dll
0x00007ffc24dc0000 - 0x00007ffc24e6f000 	C:\Windows\System32\ADVAPI32.dll
0x00007ffc23f10000 - 0x00007ffc23fae000 	C:\Windows\System32\msvcrt.dll
0x00007ffc25790000 - 0x00007ffc2582c000 	C:\Windows\System32\sechost.dll
0x00007ffc23b60000 - 0x00007ffc23c86000 	C:\Windows\System32\RPCRT4.dll
0x00007ffc24560000 - 0x00007ffc246fd000 	C:\Windows\System32\USER32.dll
0x00007ffc0b710000 - 0x00007ffc0b9aa000 	C:\Windows\WinSxS\amd64_microsoft.windows.common-controls_6595b64144ccf1df_6.0.19041.1110_none_60b5254171f9507e\COMCTL32.dll
0x00007ffc237a0000 - 0x00007ffc237c2000 	C:\Windows\System32\win32u.dll
0x00007ffc25760000 - 0x00007ffc2578c000 	C:\Windows\System32\GDI32.dll
0x00007ffc234b0000 - 0x00007ffc235c5000 	C:\Windows\System32\gdi32full.dll
0x00007ffc23380000 - 0x00007ffc2341d000 	C:\Windows\System32\msvcp_win.dll
0x00007ffc178f0000 - 0x00007ffc178fa000 	C:\Windows\SYSTEM32\VERSION.dll
0x00007ffc23ad0000 - 0x00007ffc23b00000 	C:\Windows\System32\IMM32.DLL
0x00007ffc19a30000 - 0x00007ffc19a3c000 	C:\Program Files\Java\jdk-21\bin\vcruntime140_1.dll
0x00007ffbe8810000 - 0x00007ffbe889e000 	C:\Program Files\Java\jdk-21\bin\msvcp140.dll
0x00007ffbc9d70000 - 0x00007ffbcaa87000 	C:\Program Files\Java\jdk-21\bin\server\jvm.dll
0x00007ffc24070000 - 0x00007ffc240db000 	C:\Windows\System32\WS2_32.dll
0x00007ffc22480000 - 0x00007ffc224cb000 	C:\Windows\SYSTEM32\POWRPROF.dll
0x00007ffc0cb30000 - 0x00007ffc0cb57000 	C:\Windows\SYSTEM32\WINMM.dll
0x00007ffc22340000 - 0x00007ffc22352000 	C:\Windows\SYSTEM32\UMPDC.dll
0x00007ffc20da0000 - 0x00007ffc20db2000 	C:\Windows\SYSTEM32\kernel.appcore.dll
0x00007ffc18230000 - 0x00007ffc1823a000 	C:\Program Files\Java\jdk-21\bin\jimage.dll
0x00007ffc20630000 - 0x00007ffc20814000 	C:\Windows\SYSTEM32\DBGHELP.DLL
0x00007ffc0dd40000 - 0x00007ffc0dd74000 	C:\Windows\SYSTEM32\dbgcore.DLL
0x00007ffc23420000 - 0x00007ffc234a2000 	C:\Windows\System32\bcryptPrimitives.dll
0x00007ffc0d8e0000 - 0x00007ffc0d91c000 	C:\Program Files\Java\jdk-21\bin\jdwp.dll
0x00007ffc17f20000 - 0x00007ffc17f2f000 	C:\Program Files\Java\jdk-21\bin\instrument.dll
0x00007ffc0d8c0000 - 0x00007ffc0d8df000 	C:\Program Files\Java\jdk-21\bin\java.dll
0x00007ffc0c720000 - 0x00007ffc0c738000 	C:\Program Files\Java\jdk-21\bin\zip.dll
0x00007ffc25010000 - 0x00007ffc25754000 	C:\Windows\System32\SHELL32.dll
0x00007ffc20fc0000 - 0x00007ffc21753000 	C:\Windows\SYSTEM32\windows.storage.dll
0x00007ffc247e0000 - 0x00007ffc24b34000 	C:\Windows\System32\combase.dll
0x00007ffc228c0000 - 0x00007ffc228ee000 	C:\Windows\SYSTEM32\Wldp.dll
0x00007ffc23fb0000 - 0x00007ffc2405d000 	C:\Windows\System32\SHCORE.dll
0x00007ffc23b00000 - 0x00007ffc23b55000 	C:\Windows\System32\shlwapi.dll
0x00007ffc22e90000 - 0x00007ffc22eaf000 	C:\Windows\SYSTEM32\profapi.dll
0x00007ffc0caf0000 - 0x00007ffc0cafc000 	C:\Program Files\Java\jdk-21\bin\dt_socket.dll
0x00007ffc22360000 - 0x00007ffc2239c000 	C:\Windows\SYSTEM32\IPHLPAPI.DLL
0x00007ffc226a0000 - 0x00007ffc2270a000 	C:\Windows\system32\mswsock.dll
0x00007ffc17f10000 - 0x00007ffc17f20000 	C:\Program Files\Java\jdk-21\bin\net.dll
0x00007ffc1afc0000 - 0x00007ffc1b0ca000 	C:\Windows\SYSTEM32\WINHTTP.dll
0x00007ffc0c740000 - 0x00007ffc0c756000 	C:\Program Files\Java\jdk-21\bin\nio.dll
0x00007ffc223b0000 - 0x00007ffc2247a000 	C:\Windows\SYSTEM32\DNSAPI.dll
0x00007ffc24060000 - 0x00007ffc24068000 	C:\Windows\System32\NSI.dll
0x00007ffc19be0000 - 0x00007ffc19bea000 	C:\Windows\System32\rasadhlp.dll
0x00007ffc176d0000 - 0x00007ffc17752000 	C:\Windows\System32\fwpuclnt.dll
0x00007ffc23250000 - 0x00007ffc23277000 	C:\Windows\System32\bcrypt.dll
0x00007ffc0cae0000 - 0x00007ffc0caea000 	C:\Program Files\Java\jdk-21\bin\management.dll
0x00007ffc0cad0000 - 0x00007ffc0cadb000 	C:\Program Files\Java\jdk-21\bin\management_ext.dll
0x00007ffc240e0000 - 0x00007ffc240e8000 	C:\Windows\System32\PSAPI.DLL
0x00007ffc22900000 - 0x00007ffc22918000 	C:\Windows\SYSTEM32\CRYPTSP.dll
0x00007ffc21f70000 - 0x00007ffc21fa4000 	C:\Windows\system32\rsaenh.dll
0x00007ffc22e10000 - 0x00007ffc22e3e000 	C:\Windows\SYSTEM32\USERENV.dll
0x00007ffc22830000 - 0x00007ffc2283c000 	C:\Windows\SYSTEM32\CRYPTBASE.dll
0x00007ffbf7820000 - 0x00007ffbf7837000 	C:\Windows\system32\napinsp.dll
0x00007ffbf7800000 - 0x00007ffbf781b000 	C:\Windows\system32\pnrpnsp.dll
0x00007ffc04890000 - 0x00007ffc048a5000 	C:\Windows\system32\wshbth.dll
0x00007ffc1b640000 - 0x00007ffc1b65d000 	C:\Windows\system32\NLAapi.dll
0x00007ffbf77e0000 - 0x00007ffbf77f2000 	C:\Windows\System32\winrnr.dll
0x00007ffc0d960000 - 0x00007ffc0d969000 	C:\Program Files\Java\jdk-21\bin\extnet.dll
0x00007ffc0cb00000 - 0x00007ffc0cb10000 	C:\Program Files\Java\jdk-21\bin\verify.dll
0x00007ffc0c580000 - 0x00007ffc0c58e000 	C:\Program Files\Java\jdk-21\bin\sunmscapi.dll
0x00007ffc23640000 - 0x00007ffc2379e000 	C:\Windows\System32\CRYPT32.dll
0x00007ffc22a10000 - 0x00007ffc22a38000 	C:\Windows\SYSTEM32\ncrypt.dll
0x00007ffc229d0000 - 0x00007ffc22a0b000 	C:\Windows\SYSTEM32\NTASN1.dll
0x00007ffc07b90000 - 0x00007ffc07b97000 	C:\Windows\system32\wshunix.dll

dbghelp: loaded successfully - version: 4.0.5 - missing functions: none
symbol engine: initialized successfully - sym options: 0x614 - pdb path: .;C:\Program Files\Java\jdk-21\bin;C:\Windows\SYSTEM32;C:\Windows\WinSxS\amd64_microsoft.windows.common-controls_6595b64144ccf1df_6.0.19041.1110_none_60b5254171f9507e;C:\Program Files\Java\jdk-21\bin\server

VM Arguments:
jvm_args: -agentlib:jdwp=transport=dt_socket,address=127.0.0.1:57366,suspend=y,server=n -XX:TieredStopAtLevel=1 -Dspring.output.ansi.enabled=always -Dcom.sun.management.jmxremote -Dspring.jmx.enabled=true -Dspring.liveBeansView.mbeanDomain -Dspring.application.admin.enabled=true -Dmanagement.endpoints.jmx.exposure.include=* -javaagent:C:\Users\Admin\AppData\Local\JetBrains\IntelliJIdea2023.2\captureAgent\debugger-agent.jar -Dfile.encoding=UTF-8 -Dsun.stdout.encoding=UTF-8 -Dsun.stderr.encoding=UTF-8 
java_command: vn.job.JobBackendApplication
java_class_path (initial): D:\SpringbootTayJava\New folder\job-backend\target\classes;C:\Users\Admin\.m2\repository\org\springframework\boot\spring-boot-starter-actuator\3.3.4\spring-boot-starter-actuator-3.3.4.jar;C:\Users\Admin\.m2\repository\org\springframework\boot\spring-boot-starter\3.3.4\spring-boot-starter-3.3.4.jar;C:\Users\Admin\.m2\repository\org\springframework\boot\spring-boot-starter-logging\3.3.4\spring-boot-starter-logging-3.3.4.jar;C:\Users\Admin\.m2\repository\ch\qos\logback\logback-classic\1.5.8\logback-classic-1.5.8.jar;C:\Users\Admin\.m2\repository\ch\qos\logback\logback-core\1.5.8\logback-core-1.5.8.jar;C:\Users\Admin\.m2\repository\org\apache\logging\log4j\log4j-to-slf4j\2.23.1\log4j-to-slf4j-2.23.1.jar;C:\Users\Admin\.m2\repository\org\apache\logging\log4j\log4j-api\2.23.1\log4j-api-2.23.1.jar;C:\Users\Admin\.m2\repository\org\slf4j\jul-to-slf4j\2.0.16\jul-to-slf4j-2.0.16.jar;C:\Users\Admin\.m2\repository\jakarta\annotation\jakarta.annotation-api\2.1.1\jakarta.annotation-api-2.1.1.jar;C:\Users\Admin\.m2\repository\org\yaml\snakeyaml\2.2\snakeyaml-2.2.jar;C:\Users\Admin\.m2\repository\org\springframework\boot\spring-boot-actuator-autoconfigure\3.3.4\spring-boot-actuator-autoconfigure-3.3.4.jar;C:\Users\Admin\.m2\repository\org\springframework\boot\spring-boot-actuator\3.3.4\spring-boot-actuator-3.3.4.jar;C:\Users\Admin\.m2\repository\com\fasterxml\jackson\datatype\jackson-datatype-jsr310\2.17.2\jackson-datatype-jsr310-2.17.2.jar;C:\Users\Admin\.m2\repository\io\micrometer\micrometer-observation\1.13.4\micrometer-observation-1.13.4.jar;C:\Users\Admin\.m2\repository\io\micrometer\micrometer-commons\1.13.4\micrometer-commons-1.13.4.jar;C:\Users\Admin\.m2\repository\io\micrometer\micrometer-jakarta9\1.13.4\micrometer-jakarta9-1.13.4.jar;C:\Users\Admin\.m2\repository\io\micrometer\micrometer-core\1.13.4\micrometer-core-1.13.4.jar;C:\Users\Admin\.m2\repository\org\hdrhistogram\HdrHistogram\2.2.2\HdrHistogram-2.2.2.jar;C:\Users\Admin\.m2\repository\org\latencyutils\LatencyUtils\2.0.3\LatencyUtils-2.0.3.jar;C:\Users\Admin\.m2\repository\org\springframework\boot\spring-boot-starter-data-jpa\3.3.4\spring-boot-starter-data-jpa-3.3.4.jar;C:\Users\Admin\.m2\repository\org\springframework\boot\spring-boot-starter-aop\3.3.4\spring-boot-starter-aop-3.3.4.jar;C:\Users\Admin\.m2\repository\org\aspectj\aspectjweaver\1.9.22.1\aspectjweaver-1.9.22.1.jar;C:\Users\Admin\.m2\repository\org\springframework\boot\spring-boot-starter-jdbc\3.3.4\spring-boot-starter-jdbc-3.3.4.jar;C:\Users\Admin\.m2\repository\com\zaxxer\HikariCP\5.1.0\HikariCP-5.1.0.jar;C:\Users\Admin\.m2\repository\org\springframework\spring-jdbc\6.1.13\spring-jdbc-6.1.13.jar;C:\Users\Admin\.m2\repository\org\hibernate\orm\hibernate-core\6.5.3.Final\hibernate-core-6.5.3.Final.jar;C:\Users\Admin\.m2\repository\jakarta\persistence\jakarta.persistence-api\3.1.0\jakarta.persistence-api-3.1.0.jar;C:\Users\Admin\.m2\repository\jakarta\transaction\jakarta.transaction-api\2.0.1\jakarta.transaction-api-2.0.1.jar;C:\Users\Admin\.m2\repository\org\jboss\logging\jboss-logging\3.5.3.Final\jboss-logging-3.5.3.Final.jar;C:\Users\Admin\.m2\repository\org\hibernate\common\hibernate-commons-annotations\6.0.6.Final\hibernate-commons-annotations-6.0.6.Final.jar;C:\Users\Admin\.m2\repository\io\smallrye\jandex\3.1.2\jandex-3.1.2.jar;C:\Users\Admin\.m2\repository\com\fasterxml\classmate\1.7.0\classmate-1.7.0.jar;C:\Users\Admin\.m2\repository\net\bytebuddy\byte-buddy\1.14.19\byte-buddy-1.14.19.jar;C:\Users\Admin\.m2\repository\org\glassfish\jaxb\jaxb-runtime\4.0.5\jaxb-runtime-4.0.5.jar;C:\Users\Admin\.m2\repository\org\glassfish\jaxb\jaxb-core\4.0.5\jaxb-core-4.0.5.jar;C:\Users\Admin\.m2\repository\org\glassfish\jaxb\txw2\4.0.5\txw2-4.0.5.jar;C:\Users\Admin\.m2\repository\com\sun\istack\istack-commons-runtime\4.1.2\istack-commons-runtime-4.1.2.jar;C:\Users\Admin\.m2\repository\jakarta\inject\jakarta.inject-api\2.0.1\jakarta.inject-api-2.0.1.jar;C:\Users\Admin\.m2\repository\org\antlr\antlr4-runtime\4.13.0\antlr4-runtime-4.13.0.jar;C:\Users\Admin\.m2\repository\org\springframework\data\spring-data-jpa\3.3.4\spring-data-jpa-3.3.4.jar;C:\Users\Admin\.m2\repository\org\springframework\data\spring-data-commons\3.3.4\spring-data-commons-3.3.4.jar;C:\Users\Admin\.m2\repository\org\springframework\spring-orm\6.1.13\spring-orm-6.1.13.jar;C:\Users\Admin\.m2\repository\org\springframework\spring-context\6.1.13\spring-context-6.1.13.jar;C:\Users\Admin\.m2\repository\org\springframework\spring-tx\6.1.13\spring-tx-6.1.13.jar;C:\Users\Admin\.m2\repository\org\springframework\spring-beans\6.1.13\spring-beans-6.1.13.jar;C:\Users\Admin\.m2\repository\org\slf4j\slf4j-api\2.0.16\slf4j-api-2.0.16.jar;C:\Users\Admin\.m2\repository\org\springframework\spring-aspects\6.1.13\spring-aspects-6.1.13.jar;C:\Users\Admin\.m2\repository\org\springframework\boot\spring-boot-starter-mail\3.3.4\spring-boot-starter-mail-3.3.4.jar;C:\Users\Admin\.m2\repository\org\springframework\spring-context-support\6.1.13\spring-context-support-6.1.13.jar;C:\Users\Admin\.m2\repository\org\eclipse\angus\jakarta.mail\2.0.3\jakarta.mail-2.0.3.jar;C:\Users\Admin\.m2\repository\jakarta\activation\jakarta.activation-api\2.1.3\jakarta.activation-api-2.1.3.jar;C:\Users\Admin\.m2\repository\org\eclipse\angus\angus-activation\2.0.2\angus-activation-2.0.2.jar;C:\Users\Admin\.m2\repository\org\springframework\boot\spring-boot-starter-validation\3.3.4\spring-boot-starter-validation-3.3.4.jar;C:\Users\Admin\.m2\repository\org\apache\tomcat\embed\tomcat-embed-el\10.1.30\tomcat-embed-el-10.1.30.jar;C:\Users\Admin\.m2\repository\org\hibernate\validator\hibernate-validator\8.0.1.Final\hibernate-validator-8.0.1.Final.jar;C:\Users\Admin\.m2\repository\jakarta\validation\jakarta.validation-api\3.0.2\jakarta.validation-api-3.0.2.jar;C:\Users\Admin\.m2\repository\org\springframework\boot\spring-boot-starter-security\3.3.4\spring-boot-starter-security-3.3.4.jar;C:\Users\Admin\.m2\repository\org\springframework\spring-aop\6.1.13\spring-aop-6.1.13.jar;C:\Users\Admin\.m2\repository\org\springframework\security\spring-security-config\6.3.3\spring-security-config-6.3.3.jar;C:\Users\Admin\.m2\repository\org\springframework\security\spring-security-web\6.3.3\spring-security-web-6.3.3.jar;C:\Users\Admin\.m2\repository\org\springframework\spring-expression\6.1.13\spring-expression-6.1.13.jar;C:\Users\Admin\.m2\repository\org\springframework\boot\spring-boot-starter-web\3.3.4\spring-boot-starter-web-3.3.4.jar;C:\Users\Admin\.m2\repository\org\springframework\boot\spring-boot-starter-json\3.3.4\spring-boot-starter-json-3.3.4.jar;C:\Users\Admin\.m2\repository\com\fasterxml\jackson\datatype\jackson-datatype-jdk8\2.17.2\jackson-datatype-jdk8-2.17.2.jar;C:\Users\Admin\.m2\repository\com\fasterxml\jackson\module\jackson-module-parameter-names\2.17.2\jackson-module-parameter-names-2.17.2.jar;C:\Users\Admin\.m2\repository\org\springframework\boot\spring-boot-starter-tomcat\3.3.4\spring-boot-starter-tomcat-3.3.4.jar;C:\Users\Admin\.m2\repository\org\apache\tomcat\embed\tomcat-embed-core\10.1.30\tomcat-embed-core-10.1.30.jar;C:\Users\Admin\.m2\repository\org\apache\tomcat\embed\tomcat-embed-websocket\10.1.30\tomcat-embed-websocket-10.1.30.jar;C:\Users\Admin\.m2\repository\org\springframework\spring-web\6.1.13\spring-web-6.1.13.jar;C:\Users\Admin\.m2\repository\org\springframework\spring-webmvc\6.1.13\spring-webmvc-6.1.13.jar;C:\Users\Admin\.m2\repository\io\jsonwebtoken\jjwt-api\0.11.5\jjwt-api-0.11.5.jar;C:\Users\Admin\.m2\repository\io\jsonwebtoken\jjwt-impl\0.11.5\jjwt-impl-0.11.5.jar;C:\Users\Admin\.m2\repository\io\jsonwebtoken\jjwt-jackson\0.11.5\jjwt-jackson-0.11.5.jar;C:\Users\Admin\.m2\repository\com\fasterxml\jackson\core\jackson-databind\2.17.2\jackson-databind-2.17.2.jar;C:\Users\Admin\.m2\repository\org\springdoc\springdoc-openapi-starter-webmvc-ui\2.2.0\springdoc-openapi-starter-webmvc-ui-2.2.0.jar;C:\Users\Admin\.m2\repository\org\springdoc\springdoc-openapi-starter-webmvc-api\2.2.0\springdoc-openapi-starter-webmvc-api-2.2.0.jar;C:\Users\Admin\.m2\repository\org\springdoc\springdoc-openapi-starter-common\2.2.0\springdoc-openapi-starter-common-2.2.0.jar;C:\Users\Admin\.m2\repository\io\swagger\core\v3\swagger-core-jakarta\2.2.15\swagger-core-jakarta-2.2.15.jar;C:\Users\Admin\.m2\repository\org\apache\commons\commons-lang3\3.14.0\commons-lang3-3.14.0.jar;C:\Users\Admin\.m2\repository\io\swagger\core\v3\swagger-annotations-jakarta\2.2.15\swagger-annotations-jakarta-2.2.15.jar;C:\Users\Admin\.m2\repository\io\swagger\core\v3\swagger-models-jakarta\2.2.15\swagger-models-jakarta-2.2.15.jar;C:\Users\Admin\.m2\repository\com\fasterxml\jackson\dataformat\jackson-dataformat-yaml\2.17.2\jackson-dataformat-yaml-2.17.2.jar;C:\Users\Admin\.m2\repository\org\webjars\swagger-ui\5.2.0\swagger-ui-5.2.0.jar;C:\Users\Admin\.m2\repository\org\springframework\boot\spring-boot-devtools\3.3.4\spring-boot-devtools-3.3.4.jar;C:\Users\Admin\.m2\repository\org\springframework\boot\spring-boot\3.3.4\spring-boot-3.3.4.jar;C:\Users\Admin\.m2\repository\org\springframework\boot\spring-boot-autoconfigure\3.3.4\spring-boot-autoconfigure-3.3.4.jar;C:\Users\Admin\.m2\repository\com\mysql\mysql-connector-j\8.3.0\mysql-connector-j-8.3.0.jar;C:\Users\Admin\.m2\repository\com\sendgrid\sendgrid-java\4.10.1\sendgrid-java-4.10.1.jar;C:\Users\Admin\.m2\repository\com\sendgrid\java-http-client\4.5.0\java-http-client-4.5.0.jar;C:\Users\Admin\.m2\repository\org\apache\httpcomponents\httpcore\4.4.16\httpcore-4.4.16.jar;C:\Users\Admin\.m2\repository\org\apache\httpcomponents\httpclient\4.5.13\httpclient-4.5.13.jar;C:\Users\Admin\.m2\repository\commons-logging\commons-logging\1.2\commons-logging-1.2.jar;C:\Users\Admin\.m2\repository\commons-codec\commons-codec\1.16.1\commons-codec-1.16.1.jar;C:\Users\Admin\.m2\repository\com\fasterxml\jackson\core\jackson-core\2.17.2\jackson-core-2.17.2.jar;C:\Users\Admin\.m2\repository\com\fasterxml\jackson\core\jackson-annotations\2.17.2\jackson-annotations-2.17.2.jar;C:\Users\Admin\.m2\repository\org\bouncycastle\bcprov-jdk18on\1.76\bcprov-jdk18on-1.76.jar;C:\Users\Admin\.m2\repository\org\projectlombok\lombok\1.18.34\lombok-1.18.34.jar;C:\Users\Admin\.m2\repository\jakarta\xml\bind\jakarta.xml.bind-api\4.0.2\jakarta.xml.bind-api-4.0.2.jar;C:\Users\Admin\.m2\repository\org\springframework\spring-core\6.1.13\spring-core-6.1.13.jar;C:\Users\Admin\.m2\repository\org\springframework\spring-jcl\6.1.13\spring-jcl-6.1.13.jar;C:\Users\Admin\.m2\repository\org\springframework\security\spring-security-core\6.3.3\spring-security-core-6.3.3.jar;C:\Users\Admin\.m2\repository\org\springframework\security\spring-security-crypto\6.3.3\spring-security-crypto-6.3.3.jar;C:\Users\Admin\.m2\repository\com\turkraft\springfilter\jpa\3.1.7\jpa-3.1.7.jar;C:\Users\Admin\.m2\repository\com\turkraft\springfilter\core\3.1.7\core-3.1.7.jar;C:\Users\Admin\.m2\repository\com\turkraft\springfilter\jpa-language\3.1.7\jpa-language-3.1.7.jar;D:\JetBrains\IntelliJ IDEA 2023.2\lib\idea_rt.jar
Launcher Type: SUN_STANDARD

[Global flags]
     intx CICompilerCount                          = 4                                         {product} {ergonomic}
     uint ConcGCThreads                            = 2                                         {product} {ergonomic}
     uint G1ConcRefinementThreads                  = 8                                         {product} {ergonomic}
   size_t G1HeapRegionSize                         = 2097152                                   {product} {ergonomic}
    uintx GCDrainStackTargetSize                   = 64                                        {product} {ergonomic}
   size_t InitialHeapSize                          = 266338304                                 {product} {ergonomic}
     bool ManagementServer                         = true                                      {product} {command line}
   size_t MarkStackSize                            = 4194304                                   {product} {ergonomic}
   size_t MaxHeapSize                              = 4240441344                                {product} {ergonomic}
   size_t MaxNewSize                               = 2543845376                                {product} {ergonomic}
   size_t MinHeapDeltaBytes                        = 2097152                                   {product} {ergonomic}
   size_t MinHeapSize                              = 8388608                                   {product} {ergonomic}
    uintx NonNMethodCodeHeapSize                   = 4096                                   {pd product} {ergonomic}
    uintx NonProfiledCodeHeapSize                  = 0                                      {pd product} {ergonomic}
     bool ProfileInterpreter                       = false                                  {pd product} {command line}
    uintx ProfiledCodeHeapSize                     = 0                                      {pd product} {ergonomic}
   size_t SoftMaxHeapSize                          = 4240441344                             {manageable} {ergonomic}
     intx TieredStopAtLevel                        = 1                                         {product} {command line}
     bool UseCompressedOops                        = true                           {product lp64_product} {ergonomic}
     bool UseG1GC                                  = true                                      {product} {ergonomic}
     bool UseLargePagesIndividualAllocation        = false                                  {pd product} {ergonomic}

Logging:
Log output configuration:
 #0: stdout all=warning uptime,level,tags foldmultilines=false
 #1: stderr all=off uptime,level,tags foldmultilines=false

Environment Variables:
JAVA_HOME=C:\Program Files\Java\jdk-17
PATH=C:\Program Files\Common Files\Oracle\Java\javapath;C:\Windows\system32;C:\Windows;C:\Windows\System32\Wbem;C:\Windows\System32\WindowsPowerShell\v1.0\;C:\Windows\System32\OpenSSH\;C:\Program Files\Git\cmd;C:\Program Files\MySQL\MySQL Server 8.0\bin;C:\Program Files\dotnet\;D:\apache-maven-3.9.9\bin;C:\ProgramData\chocolatey\bin;C:\Program Files\nodejs;C:\Users\Admin\AppData\Local\Microsoft\WindowsApps;C:\Users\Admin\AppData\Local\Programs\Microsoft VS Code\bin;D:\MYSQL\bin;C:\Users\Admin\AppData\Roaming\npm;
USERNAME=Admin
OS=Windows_NT
PROCESSOR_IDENTIFIER=Intel64 Family 6 Model 165 Stepping 2, GenuineIntel
TMP=C:\Users\Admin\AppData\Local\Temp
TEMP=C:\Users\Admin\AppData\Local\Temp




Periodic native trim disabled

---------------  S Y S T E M  ---------------

OS:
 Windows 10 , 64 bit Build 19041 (10.0.19041.3031)
OS uptime: 5 days 6:04 hours
Hyper-V role detected

CPU: total 8 (initial active 8) (4 cores per cpu, 2 threads per core) family 6 model 165 stepping 2 microcode 0xc8, cx8, cmov, fxsr, ht, mmx, 3dnowpref, sse, sse2, sse3, ssse3, sse4.1, sse4.2, popcnt, lzcnt, tsc, tscinvbit, avx, avx2, aes, erms, clmul, bmi1, bmi2, adx, fma, vzeroupper, clflush, clflushopt, hv, rdtscp, f16c
Processor Information for all 8 processors :
  Max Mhz: 2496, Current Mhz: 2496, Mhz Limit: 2496

Memory: 4k page, system-wide physical 16171M (3101M free)
TotalPageFile size 21291M (AvailPageFile size 18M)
current process WorkingSet (physical memory assigned to process): 328M, peak: 329M
current process commit charge ("private bytes"): 497M, peak: 577M

vm_info: Java HotSpot(TM) 64-Bit Server VM (21.0.2+13-LTS-58) for windows-amd64 JRE (21.0.2+13-LTS-58), built on 2024-01-05T18:32:24Z by "mach5one" with MS VC++ 17.1 (VS2022)

END.
