2024-11-08T15:51:11.850+07:00  INFO 13640 --- [job-backend] [restartedMain] vn.job.JobBackendApplication             : Starting JobBackendApplication using Java 21.0.2 with PID 13640 (D:\springbootproject\project\job-backend\target\classes started by Admin in D:\springbootproject\project\job-backend)
2024-11-08T15:51:11.853+07:00  INFO 13640 --- [job-backend] [restartedMain] vn.job.JobBackendApplication             : The following 1 profile is active: "dev"
2024-11-08T15:51:13.629+07:00  INFO 13640 --- [job-backend] [restartedMain] o.apache.catalina.core.StandardService   : Starting service [Tomcat]
2024-11-08T15:51:13.640+07:00  INFO 13640 --- [job-backend] [restartedMain] o.apache.catalina.core.StandardEngine    : Starting Servlet engine: [Apache Tomcat/10.1.30]
2024-11-08T15:51:13.692+07:00  INFO 13640 --- [job-backend] [restartedMain] o.a.c.c.C.[Tomcat].[localhost].[/]       : Initializing Spring embedded WebApplicationContext
2024-11-08T15:51:13.934+07:00  INFO 13640 --- [job-backend] [restartedMain] o.hibernate.jpa.internal.util.LogHelper  : HHH000204: Processing PersistenceUnitInfo [name: default]
2024-11-08T15:51:13.972+07:00  INFO 13640 --- [job-backend] [restartedMain] org.hibernate.Version                    : HHH000412: Hibernate ORM core version 6.5.3.Final
2024-11-08T15:51:13.995+07:00  INFO 13640 --- [job-backend] [restartedMain] o.h.c.internal.RegionFactoryInitiator    : HHH000026: Second-level cache disabled
2024-11-08T15:51:14.221+07:00  INFO 13640 --- [job-backend] [restartedMain] com.zaxxer.hikari.HikariDataSource       : HikariPool-1 - Starting...
2024-11-08T15:51:14.328+07:00  INFO 13640 --- [job-backend] [restartedMain] com.zaxxer.hikari.pool.HikariPool        : HikariPool-1 - Added connection com.mysql.cj.jdbc.ConnectionImpl@5684e91d
2024-11-08T15:51:14.329+07:00  INFO 13640 --- [job-backend] [restartedMain] com.zaxxer.hikari.HikariDataSource       : HikariPool-1 - Start completed.
2024-11-08T15:51:14.359+07:00  WARN 13640 --- [job-backend] [restartedMain] org.hibernate.orm.deprecation            : HHH90000025: MySQL8Dialect does not need to be specified explicitly using 'hibernate.dialect' (remove the property setting and it will be selected by default)
2024-11-08T15:51:14.360+07:00  WARN 13640 --- [job-backend] [restartedMain] org.hibernate.orm.deprecation            : HHH90000026: MySQL8Dialect has been deprecated; use org.hibernate.dialect.MySQLDialect instead
2024-11-08T15:51:14.583+07:00  INFO 13640 --- [job-backend] [restartedMain] o.apache.catalina.core.StandardService   : Stopping service [Tomcat]
2024-11-08T15:51:14.584+07:00  WARN 13640 --- [job-backend] [restartedMain] o.a.c.loader.WebappClassLoaderBase       : The web application [ROOT] appears to have started a thread named [HikariPool-1 housekeeper] but has failed to stop it. This is very likely to create a memory leak. Stack trace of thread:
 java.base/jdk.internal.misc.Unsafe.park(Native Method)
 java.base/java.util.concurrent.locks.LockSupport.parkNanos(LockSupport.java:269)
 java.base/java.util.concurrent.locks.AbstractQueuedSynchronizer$ConditionObject.awaitNanos(AbstractQueuedSynchronizer.java:1758)
 java.base/java.util.concurrent.ScheduledThreadPoolExecutor$DelayedWorkQueue.take(ScheduledThreadPoolExecutor.java:1182)
 java.base/java.util.concurrent.ScheduledThreadPoolExecutor$DelayedWorkQueue.take(ScheduledThreadPoolExecutor.java:899)
 java.base/java.util.concurrent.ThreadPoolExecutor.getTask(ThreadPoolExecutor.java:1070)
 java.base/java.util.concurrent.ThreadPoolExecutor.runWorker(ThreadPoolExecutor.java:1130)
 java.base/java.util.concurrent.ThreadPoolExecutor$Worker.run(ThreadPoolExecutor.java:642)
 java.base/java.lang.Thread.run(Thread.java:1583)
2024-11-08T15:51:14.585+07:00  WARN 13640 --- [job-backend] [restartedMain] o.a.c.loader.WebappClassLoaderBase       : The web application [ROOT] appears to have started a thread named [HikariPool-1 connection adder] but has failed to stop it. This is very likely to create a memory leak. Stack trace of thread:
 java.base/java.lang.Thread.sleep0(Native Method)
 java.base/java.lang.Thread.sleep(Thread.java:509)
 com.zaxxer.hikari.util.UtilityElf.quietlySleep(UtilityElf.java:53)
 com.zaxxer.hikari.pool.HikariPool$PoolEntryCreator.call(HikariPool.java:729)
 com.zaxxer.hikari.pool.HikariPool$PoolEntryCreator.call(HikariPool.java:703)
 java.base/java.util.concurrent.FutureTask.run(FutureTask.java:317)
 java.base/java.util.concurrent.ThreadPoolExecutor.runWorker(ThreadPoolExecutor.java:1144)
 java.base/java.util.concurrent.ThreadPoolExecutor$Worker.run(ThreadPoolExecutor.java:642)
 java.base/java.lang.Thread.run(Thread.java:1583)
2024-11-08T15:51:14.587+07:00  INFO 13640 --- [job-backend] [restartedMain] com.zaxxer.hikari.HikariDataSource       : HikariPool-1 - Shutdown initiated...
2024-11-08T15:51:14.620+07:00  INFO 13640 --- [job-backend] [restartedMain] com.zaxxer.hikari.HikariDataSource       : HikariPool-1 - Shutdown completed.
2024-11-08T15:52:00.807+07:00  INFO 10716 --- [job-backend] [restartedMain] vn.job.JobBackendApplication             : Starting JobBackendApplication using Java 21.0.2 with PID 10716 (D:\springbootproject\project\job-backend\target\classes started by Admin in D:\springbootproject\project\job-backend)
2024-11-08T15:52:00.809+07:00  INFO 10716 --- [job-backend] [restartedMain] vn.job.JobBackendApplication             : The following 1 profile is active: "dev"
2024-11-08T15:52:02.596+07:00  INFO 10716 --- [job-backend] [restartedMain] o.apache.catalina.core.StandardService   : Starting service [Tomcat]
2024-11-08T15:52:02.597+07:00  INFO 10716 --- [job-backend] [restartedMain] o.apache.catalina.core.StandardEngine    : Starting Servlet engine: [Apache Tomcat/10.1.30]
2024-11-08T15:52:02.641+07:00  INFO 10716 --- [job-backend] [restartedMain] o.a.c.c.C.[Tomcat].[localhost].[/]       : Initializing Spring embedded WebApplicationContext
2024-11-08T15:52:02.882+07:00  INFO 10716 --- [job-backend] [restartedMain] o.hibernate.jpa.internal.util.LogHelper  : HHH000204: Processing PersistenceUnitInfo [name: default]
2024-11-08T15:52:02.923+07:00  INFO 10716 --- [job-backend] [restartedMain] org.hibernate.Version                    : HHH000412: Hibernate ORM core version 6.5.3.Final
2024-11-08T15:52:02.946+07:00  INFO 10716 --- [job-backend] [restartedMain] o.h.c.internal.RegionFactoryInitiator    : HHH000026: Second-level cache disabled
2024-11-08T15:52:03.178+07:00  INFO 10716 --- [job-backend] [restartedMain] com.zaxxer.hikari.HikariDataSource       : HikariPool-1 - Starting...
2024-11-08T15:52:03.284+07:00  INFO 10716 --- [job-backend] [restartedMain] com.zaxxer.hikari.pool.HikariPool        : HikariPool-1 - Added connection com.mysql.cj.jdbc.ConnectionImpl@7b40c0eb
2024-11-08T15:52:03.285+07:00  INFO 10716 --- [job-backend] [restartedMain] com.zaxxer.hikari.HikariDataSource       : HikariPool-1 - Start completed.
2024-11-08T15:52:03.316+07:00  WARN 10716 --- [job-backend] [restartedMain] org.hibernate.orm.deprecation            : HHH90000025: MySQL8Dialect does not need to be specified explicitly using 'hibernate.dialect' (remove the property setting and it will be selected by default)
2024-11-08T15:52:03.317+07:00  WARN 10716 --- [job-backend] [restartedMain] org.hibernate.orm.deprecation            : HHH90000026: MySQL8Dialect has been deprecated; use org.hibernate.dialect.MySQLDialect instead
2024-11-08T15:52:03.544+07:00  INFO 10716 --- [job-backend] [restartedMain] o.apache.catalina.core.StandardService   : Stopping service [Tomcat]
2024-11-08T15:52:03.546+07:00  WARN 10716 --- [job-backend] [restartedMain] o.a.c.loader.WebappClassLoaderBase       : The web application [ROOT] appears to have started a thread named [HikariPool-1 housekeeper] but has failed to stop it. This is very likely to create a memory leak. Stack trace of thread:
 java.base/jdk.internal.misc.Unsafe.park(Native Method)
 java.base/java.util.concurrent.locks.LockSupport.parkNanos(LockSupport.java:269)
 java.base/java.util.concurrent.locks.AbstractQueuedSynchronizer$ConditionObject.awaitNanos(AbstractQueuedSynchronizer.java:1758)
 java.base/java.util.concurrent.ScheduledThreadPoolExecutor$DelayedWorkQueue.take(ScheduledThreadPoolExecutor.java:1182)
 java.base/java.util.concurrent.ScheduledThreadPoolExecutor$DelayedWorkQueue.take(ScheduledThreadPoolExecutor.java:899)
 java.base/java.util.concurrent.ThreadPoolExecutor.getTask(ThreadPoolExecutor.java:1070)
 java.base/java.util.concurrent.ThreadPoolExecutor.runWorker(ThreadPoolExecutor.java:1130)
 java.base/java.util.concurrent.ThreadPoolExecutor$Worker.run(ThreadPoolExecutor.java:642)
 java.base/java.lang.Thread.run(Thread.java:1583)
2024-11-08T15:52:03.546+07:00  WARN 10716 --- [job-backend] [restartedMain] o.a.c.loader.WebappClassLoaderBase       : The web application [ROOT] appears to have started a thread named [HikariPool-1 connection adder] but has failed to stop it. This is very likely to create a memory leak. Stack trace of thread:
 java.base/java.lang.Thread.sleep0(Native Method)
 java.base/java.lang.Thread.sleep(Thread.java:509)
 com.zaxxer.hikari.util.UtilityElf.quietlySleep(UtilityElf.java:53)
 com.zaxxer.hikari.pool.HikariPool$PoolEntryCreator.call(HikariPool.java:729)
 com.zaxxer.hikari.pool.HikariPool$PoolEntryCreator.call(HikariPool.java:703)
 java.base/java.util.concurrent.FutureTask.run(FutureTask.java:317)
 java.base/java.util.concurrent.ThreadPoolExecutor.runWorker(ThreadPoolExecutor.java:1144)
 java.base/java.util.concurrent.ThreadPoolExecutor$Worker.run(ThreadPoolExecutor.java:642)
 java.base/java.lang.Thread.run(Thread.java:1583)
2024-11-08T15:52:03.549+07:00  INFO 10716 --- [job-backend] [restartedMain] com.zaxxer.hikari.HikariDataSource       : HikariPool-1 - Shutdown initiated...
2024-11-08T15:52:03.563+07:00  INFO 10716 --- [job-backend] [restartedMain] com.zaxxer.hikari.HikariDataSource       : HikariPool-1 - Shutdown completed.
2024-11-08T15:53:08.819+07:00  INFO 5576 --- [job-backend] [restartedMain] vn.job.JobBackendApplication             : Starting JobBackendApplication using Java 21.0.2 with PID 5576 (D:\springbootproject\project\job-backend\target\classes started by Admin in D:\springbootproject\project\job-backend)
2024-11-08T15:53:08.820+07:00  INFO 5576 --- [job-backend] [restartedMain] vn.job.JobBackendApplication             : The following 1 profile is active: "dev"
2024-11-08T15:53:10.638+07:00  INFO 5576 --- [job-backend] [restartedMain] o.apache.catalina.core.StandardService   : Starting service [Tomcat]
2024-11-08T15:53:10.639+07:00  INFO 5576 --- [job-backend] [restartedMain] o.apache.catalina.core.StandardEngine    : Starting Servlet engine: [Apache Tomcat/10.1.30]
2024-11-08T15:53:10.682+07:00  INFO 5576 --- [job-backend] [restartedMain] o.a.c.c.C.[Tomcat].[localhost].[/]       : Initializing Spring embedded WebApplicationContext
2024-11-08T15:53:10.924+07:00  INFO 5576 --- [job-backend] [restartedMain] o.hibernate.jpa.internal.util.LogHelper  : HHH000204: Processing PersistenceUnitInfo [name: default]
2024-11-08T15:53:10.966+07:00  INFO 5576 --- [job-backend] [restartedMain] org.hibernate.Version                    : HHH000412: Hibernate ORM core version 6.5.3.Final
2024-11-08T15:53:10.991+07:00  INFO 5576 --- [job-backend] [restartedMain] o.h.c.internal.RegionFactoryInitiator    : HHH000026: Second-level cache disabled
2024-11-08T15:53:11.245+07:00  INFO 5576 --- [job-backend] [restartedMain] com.zaxxer.hikari.HikariDataSource       : HikariPool-1 - Starting...
2024-11-08T15:53:11.357+07:00  INFO 5576 --- [job-backend] [restartedMain] com.zaxxer.hikari.pool.HikariPool        : HikariPool-1 - Added connection com.mysql.cj.jdbc.ConnectionImpl@4f59f1d9
2024-11-08T15:53:11.359+07:00  INFO 5576 --- [job-backend] [restartedMain] com.zaxxer.hikari.HikariDataSource       : HikariPool-1 - Start completed.
2024-11-08T15:53:11.392+07:00  WARN 5576 --- [job-backend] [restartedMain] org.hibernate.orm.deprecation            : HHH90000025: MySQL8Dialect does not need to be specified explicitly using 'hibernate.dialect' (remove the property setting and it will be selected by default)
2024-11-08T15:53:11.392+07:00  WARN 5576 --- [job-backend] [restartedMain] org.hibernate.orm.deprecation            : HHH90000026: MySQL8Dialect has been deprecated; use org.hibernate.dialect.MySQLDialect instead
2024-11-08T15:53:12.354+07:00  INFO 5576 --- [job-backend] [restartedMain] o.h.e.t.j.p.i.JtaPlatformInitiator       : HHH000489: No JTA platform available (set 'hibernate.transaction.jta.platform' to enable JTA platform integration)
2024-11-08T15:53:13.750+07:00  INFO 5576 --- [job-backend] [restartedMain] o.s.b.a.e.web.EndpointLinksResolver      : Exposing 15 endpoints beneath base path '/actuator'
2024-11-08T15:53:14.478+07:00  INFO 5576 --- [job-backend] [restartedMain] vn.job.JobBackendApplication             : Started JobBackendApplication in 6.022 seconds (process running for 6.609)
2024-11-08T15:53:14.793+07:00  INFO 5576 --- [job-backend] [RMI TCP Connection(5)-172.31.176.1] o.a.c.c.C.[Tomcat].[localhost].[/]       : Initializing Spring DispatcherServlet 'dispatcherServlet'
2024-11-08T15:53:14.793+07:00  INFO 5576 --- [job-backend] [RMI TCP Connection(5)-172.31.176.1] o.s.web.servlet.DispatcherServlet        : Initializing Servlet 'dispatcherServlet'
2024-11-08T15:53:14.796+07:00  INFO 5576 --- [job-backend] [RMI TCP Connection(5)-172.31.176.1] o.s.web.servlet.DispatcherServlet        : Completed initialization in 3 ms
2024-11-08T15:53:25.940+07:00  INFO 5576 --- [job-backend] [http-nio-8080-exec-1] CUSTOMIZE-FILTER                         : -------------PreFilter----------------
2024-11-08T15:53:25.940+07:00  INFO 5576 --- [job-backend] [http-nio-8080-exec-1] CUSTOMIZE-FILTER                         : token: eyJhbGciOiJIUzUxMiJ9
2024-11-08T15:53:25.967+07:00  INFO 5576 --- [job-backend] [http-nio-8080-exec-1] CUSTOMIZE-FILTER                         : email: gplgarena@gmail.com
2024-11-08T15:53:26.089+07:00 ERROR 5576 --- [job-backend] [http-nio-8080-exec-1] o.a.c.c.C.[.[.[/].[dispatcherServlet]    : Servlet.service() for servlet [dispatcherServlet] in context with path [] threw exception

org.springframework.security.core.userdetails.UsernameNotFoundException: User not found
	at vn.job.service.UserService.lambda$userDetailsService$0(UserService.java:44) ~[classes/:na]
	at java.base/java.util.Optional.orElseThrow(Optional.java:403) ~[na:na]
	at vn.job.service.UserService.lambda$userDetailsService$1(UserService.java:44) ~[classes/:na]
	at vn.job.config.CustomizeFilter.doFilterInternal(CustomizeFilter.java:69) ~[classes/:na]
	at org.springframework.web.filter.OncePerRequestFilter.doFilter(OncePerRequestFilter.java:116) ~[spring-web-6.1.13.jar:6.1.13]
	at org.springframework.security.web.ObservationFilterChainDecorator$ObservationFilter.wrapFilter(ObservationFilterChainDecorator.java:240) ~[spring-security-web-6.3.3.jar:6.3.3]
	at org.springframework.security.web.ObservationFilterChainDecorator$ObservationFilter.doFilter(ObservationFilterChainDecorator.java:227) ~[spring-security-web-6.3.3.jar:6.3.3]
	at org.springframework.security.web.ObservationFilterChainDecorator$VirtualFilterChain.doFilter(ObservationFilterChainDecorator.java:137) ~[spring-security-web-6.3.3.jar:6.3.3]
	at org.springframework.security.web.authentication.logout.LogoutFilter.doFilter(LogoutFilter.java:107) ~[spring-security-web-6.3.3.jar:6.3.3]
	at org.springframework.security.web.authentication.logout.LogoutFilter.doFilter(LogoutFilter.java:93) ~[spring-security-web-6.3.3.jar:6.3.3]
	at org.springframework.security.web.ObservationFilterChainDecorator$ObservationFilter.wrapFilter(ObservationFilterChainDecorator.java:240) ~[spring-security-web-6.3.3.jar:6.3.3]
	at org.springframework.security.web.ObservationFilterChainDecorator$ObservationFilter.doFilter(ObservationFilterChainDecorator.java:227) ~[spring-security-web-6.3.3.jar:6.3.3]
	at org.springframework.security.web.ObservationFilterChainDecorator$VirtualFilterChain.doFilter(ObservationFilterChainDecorator.java:137) ~[spring-security-web-6.3.3.jar:6.3.3]
	at org.springframework.web.filter.CorsFilter.doFilterInternal(CorsFilter.java:91) ~[spring-web-6.1.13.jar:6.1.13]
	at org.springframework.web.filter.OncePerRequestFilter.doFilter(OncePerRequestFilter.java:116) ~[spring-web-6.1.13.jar:6.1.13]
	at org.springframework.security.web.ObservationFilterChainDecorator$ObservationFilter.wrapFilter(ObservationFilterChainDecorator.java:240) ~[spring-security-web-6.3.3.jar:6.3.3]
	at org.springframework.security.web.ObservationFilterChainDecorator$ObservationFilter.doFilter(ObservationFilterChainDecorator.java:227) ~[spring-security-web-6.3.3.jar:6.3.3]
	at org.springframework.security.web.ObservationFilterChainDecorator$VirtualFilterChain.doFilter(ObservationFilterChainDecorator.java:137) ~[spring-security-web-6.3.3.jar:6.3.3]
	at org.springframework.security.web.header.HeaderWriterFilter.doHeadersAfter(HeaderWriterFilter.java:90) ~[spring-security-web-6.3.3.jar:6.3.3]
	at org.springframework.security.web.header.HeaderWriterFilter.doFilterInternal(HeaderWriterFilter.java:75) ~[spring-security-web-6.3.3.jar:6.3.3]
	at org.springframework.web.filter.OncePerRequestFilter.doFilter(OncePerRequestFilter.java:116) ~[spring-web-6.1.13.jar:6.1.13]
	at org.springframework.security.web.ObservationFilterChainDecorator$ObservationFilter.wrapFilter(ObservationFilterChainDecorator.java:240) ~[spring-security-web-6.3.3.jar:6.3.3]
	at org.springframework.security.web.ObservationFilterChainDecorator$ObservationFilter.doFilter(ObservationFilterChainDecorator.java:227) ~[spring-security-web-6.3.3.jar:6.3.3]
	at org.springframework.security.web.ObservationFilterChainDecorator$VirtualFilterChain.doFilter(ObservationFilterChainDecorator.java:137) ~[spring-security-web-6.3.3.jar:6.3.3]
	at org.springframework.security.web.context.SecurityContextHolderFilter.doFilter(SecurityContextHolderFilter.java:82) ~[spring-security-web-6.3.3.jar:6.3.3]
	at org.springframework.security.web.context.SecurityContextHolderFilter.doFilter(SecurityContextHolderFilter.java:69) ~[spring-security-web-6.3.3.jar:6.3.3]
	at org.springframework.security.web.ObservationFilterChainDecorator$ObservationFilter.wrapFilter(ObservationFilterChainDecorator.java:240) ~[spring-security-web-6.3.3.jar:6.3.3]
	at org.springframework.security.web.ObservationFilterChainDecorator$ObservationFilter.doFilter(ObservationFilterChainDecorator.java:227) ~[spring-security-web-6.3.3.jar:6.3.3]
	at org.springframework.security.web.ObservationFilterChainDecorator$VirtualFilterChain.doFilter(ObservationFilterChainDecorator.java:137) ~[spring-security-web-6.3.3.jar:6.3.3]
	at org.springframework.security.web.context.request.async.WebAsyncManagerIntegrationFilter.doFilterInternal(WebAsyncManagerIntegrationFilter.java:62) ~[spring-security-web-6.3.3.jar:6.3.3]
	at org.springframework.web.filter.OncePerRequestFilter.doFilter(OncePerRequestFilter.java:116) ~[spring-web-6.1.13.jar:6.1.13]
	at org.springframework.security.web.ObservationFilterChainDecorator$ObservationFilter.wrapFilter(ObservationFilterChainDecorator.java:240) ~[spring-security-web-6.3.3.jar:6.3.3]
	at org.springframework.security.web.ObservationFilterChainDecorator$ObservationFilter.doFilter(ObservationFilterChainDecorator.java:227) ~[spring-security-web-6.3.3.jar:6.3.3]
	at org.springframework.security.web.ObservationFilterChainDecorator$VirtualFilterChain.doFilter(ObservationFilterChainDecorator.java:137) ~[spring-security-web-6.3.3.jar:6.3.3]
	at org.springframework.security.web.session.DisableEncodeUrlFilter.doFilterInternal(DisableEncodeUrlFilter.java:42) ~[spring-security-web-6.3.3.jar:6.3.3]
	at org.springframework.web.filter.OncePerRequestFilter.doFilter(OncePerRequestFilter.java:116) ~[spring-web-6.1.13.jar:6.1.13]
	at org.springframework.security.web.ObservationFilterChainDecorator$ObservationFilter.wrapFilter(ObservationFilterChainDecorator.java:240) ~[spring-security-web-6.3.3.jar:6.3.3]
	at org.springframework.security.web.ObservationFilterChainDecorator$AroundFilterObservation$SimpleAroundFilterObservation.lambda$wrap$0(ObservationFilterChainDecorator.java:323) ~[spring-security-web-6.3.3.jar:6.3.3]
	at org.springframework.security.web.ObservationFilterChainDecorator$ObservationFilter.doFilter(ObservationFilterChainDecorator.java:224) ~[spring-security-web-6.3.3.jar:6.3.3]
	at org.springframework.security.web.ObservationFilterChainDecorator$VirtualFilterChain.doFilter(ObservationFilterChainDecorator.java:137) ~[spring-security-web-6.3.3.jar:6.3.3]
	at org.springframework.security.web.FilterChainProxy.doFilterInternal(FilterChainProxy.java:233) ~[spring-security-web-6.3.3.jar:6.3.3]
	at org.springframework.security.web.FilterChainProxy.doFilter(FilterChainProxy.java:191) ~[spring-security-web-6.3.3.jar:6.3.3]
	at org.springframework.web.filter.CompositeFilter$VirtualFilterChain.doFilter(CompositeFilter.java:113) ~[spring-web-6.1.13.jar:6.1.13]
	at org.springframework.web.servlet.handler.HandlerMappingIntrospector.lambda$createCacheFilter$3(HandlerMappingIntrospector.java:195) ~[spring-webmvc-6.1.13.jar:6.1.13]
	at org.springframework.web.filter.CompositeFilter$VirtualFilterChain.doFilter(CompositeFilter.java:113) ~[spring-web-6.1.13.jar:6.1.13]
	at org.springframework.web.filter.CompositeFilter.doFilter(CompositeFilter.java:74) ~[spring-web-6.1.13.jar:6.1.13]
	at org.springframework.security.config.annotation.web.configuration.WebMvcSecurityConfiguration$CompositeFilterChainProxy.doFilter(WebMvcSecurityConfiguration.java:230) ~[spring-security-config-6.3.3.jar:6.3.3]
	at org.springframework.web.filter.DelegatingFilterProxy.invokeDelegate(DelegatingFilterProxy.java:352) ~[spring-web-6.1.13.jar:6.1.13]
	at org.springframework.web.filter.DelegatingFilterProxy.doFilter(DelegatingFilterProxy.java:268) ~[spring-web-6.1.13.jar:6.1.13]
	at org.apache.catalina.core.ApplicationFilterChain.internalDoFilter(ApplicationFilterChain.java:164) ~[tomcat-embed-core-10.1.30.jar:10.1.30]
	at org.apache.catalina.core.ApplicationFilterChain.doFilter(ApplicationFilterChain.java:140) ~[tomcat-embed-core-10.1.30.jar:10.1.30]
	at org.springframework.web.filter.RequestContextFilter.doFilterInternal(RequestContextFilter.java:100) ~[spring-web-6.1.13.jar:6.1.13]
	at org.springframework.web.filter.OncePerRequestFilter.doFilter(OncePerRequestFilter.java:116) ~[spring-web-6.1.13.jar:6.1.13]
	at org.apache.catalina.core.ApplicationFilterChain.internalDoFilter(ApplicationFilterChain.java:164) ~[tomcat-embed-core-10.1.30.jar:10.1.30]
	at org.apache.catalina.core.ApplicationFilterChain.doFilter(ApplicationFilterChain.java:140) ~[tomcat-embed-core-10.1.30.jar:10.1.30]
	at org.springframework.web.filter.FormContentFilter.doFilterInternal(FormContentFilter.java:93) ~[spring-web-6.1.13.jar:6.1.13]
	at org.springframework.web.filter.OncePerRequestFilter.doFilter(OncePerRequestFilter.java:116) ~[spring-web-6.1.13.jar:6.1.13]
	at org.apache.catalina.core.ApplicationFilterChain.internalDoFilter(ApplicationFilterChain.java:164) ~[tomcat-embed-core-10.1.30.jar:10.1.30]
	at org.apache.catalina.core.ApplicationFilterChain.doFilter(ApplicationFilterChain.java:140) ~[tomcat-embed-core-10.1.30.jar:10.1.30]
	at org.springframework.web.filter.ServerHttpObservationFilter.doFilterInternal(ServerHttpObservationFilter.java:113) ~[spring-web-6.1.13.jar:6.1.13]
	at org.springframework.web.filter.OncePerRequestFilter.doFilter(OncePerRequestFilter.java:116) ~[spring-web-6.1.13.jar:6.1.13]
	at org.apache.catalina.core.ApplicationFilterChain.internalDoFilter(ApplicationFilterChain.java:164) ~[tomcat-embed-core-10.1.30.jar:10.1.30]
	at org.apache.catalina.core.ApplicationFilterChain.doFilter(ApplicationFilterChain.java:140) ~[tomcat-embed-core-10.1.30.jar:10.1.30]
	at org.springframework.web.filter.CharacterEncodingFilter.doFilterInternal(CharacterEncodingFilter.java:201) ~[spring-web-6.1.13.jar:6.1.13]
	at org.springframework.web.filter.OncePerRequestFilter.doFilter(OncePerRequestFilter.java:116) ~[spring-web-6.1.13.jar:6.1.13]
	at org.apache.catalina.core.ApplicationFilterChain.internalDoFilter(ApplicationFilterChain.java:164) ~[tomcat-embed-core-10.1.30.jar:10.1.30]
	at org.apache.catalina.core.ApplicationFilterChain.doFilter(ApplicationFilterChain.java:140) ~[tomcat-embed-core-10.1.30.jar:10.1.30]
	at org.apache.catalina.core.StandardWrapperValve.invoke(StandardWrapperValve.java:167) ~[tomcat-embed-core-10.1.30.jar:10.1.30]
	at org.apache.catalina.core.StandardContextValve.invoke(StandardContextValve.java:90) ~[tomcat-embed-core-10.1.30.jar:10.1.30]
	at org.apache.catalina.authenticator.AuthenticatorBase.invoke(AuthenticatorBase.java:483) ~[tomcat-embed-core-10.1.30.jar:10.1.30]
	at org.apache.catalina.core.StandardHostValve.invoke(StandardHostValve.java:115) ~[tomcat-embed-core-10.1.30.jar:10.1.30]
	at org.apache.catalina.valves.ErrorReportValve.invoke(ErrorReportValve.java:93) ~[tomcat-embed-core-10.1.30.jar:10.1.30]
	at org.apache.catalina.core.StandardEngineValve.invoke(StandardEngineValve.java:74) ~[tomcat-embed-core-10.1.30.jar:10.1.30]
	at org.apache.catalina.connector.CoyoteAdapter.service(CoyoteAdapter.java:344) ~[tomcat-embed-core-10.1.30.jar:10.1.30]
	at org.apache.coyote.http11.Http11Processor.service(Http11Processor.java:384) ~[tomcat-embed-core-10.1.30.jar:10.1.30]
	at org.apache.coyote.AbstractProcessorLight.process(AbstractProcessorLight.java:63) ~[tomcat-embed-core-10.1.30.jar:10.1.30]
	at org.apache.coyote.AbstractProtocol$ConnectionHandler.process(AbstractProtocol.java:905) ~[tomcat-embed-core-10.1.30.jar:10.1.30]
	at org.apache.tomcat.util.net.NioEndpoint$SocketProcessor.doRun(NioEndpoint.java:1741) ~[tomcat-embed-core-10.1.30.jar:10.1.30]
	at org.apache.tomcat.util.net.SocketProcessorBase.run(SocketProcessorBase.java:52) ~[tomcat-embed-core-10.1.30.jar:10.1.30]
	at org.apache.tomcat.util.threads.ThreadPoolExecutor.runWorker(ThreadPoolExecutor.java:1190) ~[tomcat-embed-core-10.1.30.jar:10.1.30]
	at org.apache.tomcat.util.threads.ThreadPoolExecutor$Worker.run(ThreadPoolExecutor.java:659) ~[tomcat-embed-core-10.1.30.jar:10.1.30]
	at org.apache.tomcat.util.threads.TaskThread$WrappingRunnable.run(TaskThread.java:63) ~[tomcat-embed-core-10.1.30.jar:10.1.30]
	at java.base/java.lang.Thread.run(Thread.java:1583) ~[na:na]

2024-11-08T15:53:32.620+07:00  INFO 5576 --- [job-backend] [http-nio-8080-exec-3] CUSTOMIZE-FILTER                         : -------------PreFilter----------------
2024-11-08T15:53:32.696+07:00  INFO 5576 --- [job-backend] [http-nio-8080-exec-3] vn.job.controller.UserController         : Request create user=Van Nhan
2024-11-08T15:53:32.769+07:00  INFO 5576 --- [job-backend] [http-nio-8080-exec-3] vn.job.service.UserService               : ---------------create user---------------
2024-11-08T15:53:32.773+07:00  INFO 5576 --- [job-backend] [http-nio-8080-exec-3] vn.job.service.CompanyService            : ---------------get company---------------
2024-11-08T15:53:32.848+07:00  INFO 5576 --- [job-backend] [task-1] vn.job.service.EmailService              : Send email confirm account
2024-11-08T15:53:32.848+07:00 ERROR 5576 --- [job-backend] [http-nio-8080-exec-3] vn.job.controller.UserController         : errorMessage= Cannot invoke "vn.job.model.Role.getId()" because the return value of "vn.job.model.User.getRole()" is null 
2024-11-08T15:53:37.094+07:00  INFO 5576 --- [job-backend] [task-1] vn.job.service.EmailService              : Confirm account successfully to gplgarena@gmail.com
2024-11-08T15:54:19.182+07:00  INFO 5576 --- [job-backend] [http-nio-8080-exec-4] CUSTOMIZE-FILTER                         : -------------PreFilter----------------
2024-11-08T15:54:19.185+07:00  INFO 5576 --- [job-backend] [http-nio-8080-exec-4] vn.job.controller.UserController         : Request create user=Van Nhan
2024-11-08T15:54:19.254+07:00  INFO 5576 --- [job-backend] [http-nio-8080-exec-4] vn.job.service.UserService               : ---------------create user---------------
2024-11-08T15:54:19.258+07:00 ERROR 5576 --- [job-backend] [http-nio-8080-exec-4] vn.job.controller.UserController         : errorMessage= Email already exists: gplgarena@gmail.com 
2024-11-08T15:54:30.741+07:00  INFO 5576 --- [job-backend] [SpringApplicationShutdownHook] com.zaxxer.hikari.HikariDataSource       : HikariPool-1 - Shutdown initiated...
2024-11-08T15:54:30.748+07:00  INFO 5576 --- [job-backend] [SpringApplicationShutdownHook] com.zaxxer.hikari.HikariDataSource       : HikariPool-1 - Shutdown completed.
2024-11-08T15:54:34.731+07:00  INFO 13408 --- [job-backend] [restartedMain] vn.job.JobBackendApplication             : Starting JobBackendApplication using Java 21.0.2 with PID 13408 (D:\springbootproject\project\job-backend\target\classes started by Admin in D:\springbootproject\project\job-backend)
2024-11-08T15:54:34.733+07:00  INFO 13408 --- [job-backend] [restartedMain] vn.job.JobBackendApplication             : The following 1 profile is active: "dev"
2024-11-08T15:54:36.651+07:00  INFO 13408 --- [job-backend] [restartedMain] o.apache.catalina.core.StandardService   : Starting service [Tomcat]
2024-11-08T15:54:36.651+07:00  INFO 13408 --- [job-backend] [restartedMain] o.apache.catalina.core.StandardEngine    : Starting Servlet engine: [Apache Tomcat/10.1.30]
2024-11-08T15:54:36.693+07:00  INFO 13408 --- [job-backend] [restartedMain] o.a.c.c.C.[Tomcat].[localhost].[/]       : Initializing Spring embedded WebApplicationContext
2024-11-08T15:54:36.935+07:00  INFO 13408 --- [job-backend] [restartedMain] o.hibernate.jpa.internal.util.LogHelper  : HHH000204: Processing PersistenceUnitInfo [name: default]
2024-11-08T15:54:36.986+07:00  INFO 13408 --- [job-backend] [restartedMain] org.hibernate.Version                    : HHH000412: Hibernate ORM core version 6.5.3.Final
2024-11-08T15:54:37.015+07:00  INFO 13408 --- [job-backend] [restartedMain] o.h.c.internal.RegionFactoryInitiator    : HHH000026: Second-level cache disabled
2024-11-08T15:54:37.306+07:00  INFO 13408 --- [job-backend] [restartedMain] com.zaxxer.hikari.HikariDataSource       : HikariPool-1 - Starting...
2024-11-08T15:54:37.446+07:00  INFO 13408 --- [job-backend] [restartedMain] com.zaxxer.hikari.pool.HikariPool        : HikariPool-1 - Added connection com.mysql.cj.jdbc.ConnectionImpl@60dc41d
2024-11-08T15:54:37.447+07:00  INFO 13408 --- [job-backend] [restartedMain] com.zaxxer.hikari.HikariDataSource       : HikariPool-1 - Start completed.
2024-11-08T15:54:37.487+07:00  WARN 13408 --- [job-backend] [restartedMain] org.hibernate.orm.deprecation            : HHH90000025: MySQL8Dialect does not need to be specified explicitly using 'hibernate.dialect' (remove the property setting and it will be selected by default)
2024-11-08T15:54:37.488+07:00  WARN 13408 --- [job-backend] [restartedMain] org.hibernate.orm.deprecation            : HHH90000026: MySQL8Dialect has been deprecated; use org.hibernate.dialect.MySQLDialect instead
2024-11-08T15:54:38.429+07:00  INFO 13408 --- [job-backend] [restartedMain] o.h.e.t.j.p.i.JtaPlatformInitiator       : HHH000489: No JTA platform available (set 'hibernate.transaction.jta.platform' to enable JTA platform integration)
2024-11-08T15:54:39.772+07:00  INFO 13408 --- [job-backend] [restartedMain] o.s.b.a.e.web.EndpointLinksResolver      : Exposing 15 endpoints beneath base path '/actuator'
2024-11-08T15:54:40.517+07:00  INFO 13408 --- [job-backend] [restartedMain] vn.job.JobBackendApplication             : Started JobBackendApplication in 6.19 seconds (process running for 6.784)
2024-11-08T15:54:41.086+07:00  INFO 13408 --- [job-backend] [RMI TCP Connection(4)-172.31.176.1] o.a.c.c.C.[Tomcat].[localhost].[/]       : Initializing Spring DispatcherServlet 'dispatcherServlet'
2024-11-08T15:54:41.086+07:00  INFO 13408 --- [job-backend] [RMI TCP Connection(4)-172.31.176.1] o.s.web.servlet.DispatcherServlet        : Initializing Servlet 'dispatcherServlet'
2024-11-08T15:54:41.088+07:00  INFO 13408 --- [job-backend] [RMI TCP Connection(4)-172.31.176.1] o.s.web.servlet.DispatcherServlet        : Completed initialization in 2 ms
2024-11-08T15:54:51.418+07:00  INFO 13408 --- [job-backend] [SpringApplicationShutdownHook] com.zaxxer.hikari.HikariDataSource       : HikariPool-1 - Shutdown initiated...
2024-11-08T15:54:51.423+07:00  INFO 13408 --- [job-backend] [SpringApplicationShutdownHook] com.zaxxer.hikari.HikariDataSource       : HikariPool-1 - Shutdown completed.
2024-11-08T15:54:55.625+07:00  INFO 6912 --- [job-backend] [restartedMain] vn.job.JobBackendApplication             : Starting JobBackendApplication using Java 21.0.2 with PID 6912 (D:\springbootproject\project\job-backend\target\classes started by Admin in D:\springbootproject\project\job-backend)
2024-11-08T15:54:55.627+07:00  INFO 6912 --- [job-backend] [restartedMain] vn.job.JobBackendApplication             : The following 1 profile is active: "dev"
2024-11-08T15:54:57.572+07:00  INFO 6912 --- [job-backend] [restartedMain] o.apache.catalina.core.StandardService   : Starting service [Tomcat]
2024-11-08T15:54:57.572+07:00  INFO 6912 --- [job-backend] [restartedMain] o.apache.catalina.core.StandardEngine    : Starting Servlet engine: [Apache Tomcat/10.1.30]
2024-11-08T15:54:57.614+07:00  INFO 6912 --- [job-backend] [restartedMain] o.a.c.c.C.[Tomcat].[localhost].[/]       : Initializing Spring embedded WebApplicationContext
2024-11-08T15:54:57.856+07:00  INFO 6912 --- [job-backend] [restartedMain] o.hibernate.jpa.internal.util.LogHelper  : HHH000204: Processing PersistenceUnitInfo [name: default]
2024-11-08T15:54:57.898+07:00  INFO 6912 --- [job-backend] [restartedMain] org.hibernate.Version                    : HHH000412: Hibernate ORM core version 6.5.3.Final
2024-11-08T15:54:57.924+07:00  INFO 6912 --- [job-backend] [restartedMain] o.h.c.internal.RegionFactoryInitiator    : HHH000026: Second-level cache disabled
2024-11-08T15:54:58.159+07:00  INFO 6912 --- [job-backend] [restartedMain] com.zaxxer.hikari.HikariDataSource       : HikariPool-1 - Starting...
2024-11-08T15:54:58.264+07:00  INFO 6912 --- [job-backend] [restartedMain] com.zaxxer.hikari.pool.HikariPool        : HikariPool-1 - Added connection com.mysql.cj.jdbc.ConnectionImpl@3f2c038b
2024-11-08T15:54:58.266+07:00  INFO 6912 --- [job-backend] [restartedMain] com.zaxxer.hikari.HikariDataSource       : HikariPool-1 - Start completed.
2024-11-08T15:54:58.297+07:00  WARN 6912 --- [job-backend] [restartedMain] org.hibernate.orm.deprecation            : HHH90000025: MySQL8Dialect does not need to be specified explicitly using 'hibernate.dialect' (remove the property setting and it will be selected by default)
2024-11-08T15:54:58.297+07:00  WARN 6912 --- [job-backend] [restartedMain] org.hibernate.orm.deprecation            : HHH90000026: MySQL8Dialect has been deprecated; use org.hibernate.dialect.MySQLDialect instead
2024-11-08T15:54:59.172+07:00  INFO 6912 --- [job-backend] [restartedMain] o.h.e.t.j.p.i.JtaPlatformInitiator       : HHH000489: No JTA platform available (set 'hibernate.transaction.jta.platform' to enable JTA platform integration)
2024-11-08T15:55:00.484+07:00  INFO 6912 --- [job-backend] [restartedMain] o.s.b.a.e.web.EndpointLinksResolver      : Exposing 15 endpoints beneath base path '/actuator'
2024-11-08T15:55:01.162+07:00  INFO 6912 --- [job-backend] [restartedMain] vn.job.JobBackendApplication             : Started JobBackendApplication in 5.939 seconds (process running for 6.577)
2024-11-08T15:55:01.393+07:00  INFO 6912 --- [job-backend] [RMI TCP Connection(1)-172.31.176.1] o.a.c.c.C.[Tomcat].[localhost].[/]       : Initializing Spring DispatcherServlet 'dispatcherServlet'
2024-11-08T15:55:01.393+07:00  INFO 6912 --- [job-backend] [RMI TCP Connection(1)-172.31.176.1] o.s.web.servlet.DispatcherServlet        : Initializing Servlet 'dispatcherServlet'
2024-11-08T15:55:01.395+07:00  INFO 6912 --- [job-backend] [RMI TCP Connection(1)-172.31.176.1] o.s.web.servlet.DispatcherServlet        : Completed initialization in 2 ms
2024-11-08T15:55:04.500+07:00  INFO 6912 --- [job-backend] [http-nio-8080-exec-1] CUSTOMIZE-FILTER                         : -------------PreFilter----------------
2024-11-08T15:55:04.591+07:00  INFO 6912 --- [job-backend] [http-nio-8080-exec-1] vn.job.controller.UserController         : Request create user=Van Nhan
2024-11-08T15:55:04.663+07:00  INFO 6912 --- [job-backend] [http-nio-8080-exec-1] vn.job.service.UserService               : ---------------create user---------------
2024-11-08T15:55:04.754+07:00 ERROR 6912 --- [job-backend] [http-nio-8080-exec-1] vn.job.controller.UserController         : errorMessage= Email already exists: gplgarena@gmail.com 
2024-11-08T15:56:10.063+07:00  INFO 6912 --- [job-backend] [http-nio-8080-exec-5] CUSTOMIZE-FILTER                         : -------------PreFilter----------------
2024-11-08T15:56:10.067+07:00  INFO 6912 --- [job-backend] [http-nio-8080-exec-5] vn.job.controller.AuthController         : Login user request=vn.job.dto.request.LoginRequest@98770e8
2024-11-08T15:56:10.272+07:00  INFO 6912 --- [job-backend] [http-nio-8080-exec-5] vn.job.service.TokenService              : ---------------update token---------------
2024-11-08T15:56:10.276+07:00  INFO 6912 --- [job-backend] [http-nio-8080-exec-5] vn.job.service.TokenService              : ---------------save token---------------
2024-11-08T15:57:59.426+07:00  INFO 6912 --- [job-backend] [http-nio-8080-exec-8] CUSTOMIZE-FILTER                         : -------------PreFilter----------------
2024-11-08T15:57:59.431+07:00  INFO 6912 --- [job-backend] [http-nio-8080-exec-8] vn.job.controller.UserController         : Request create user=Van Nhan
2024-11-08T15:57:59.506+07:00  INFO 6912 --- [job-backend] [http-nio-8080-exec-8] vn.job.service.UserService               : ---------------create user---------------
2024-11-08T15:57:59.508+07:00  INFO 6912 --- [job-backend] [http-nio-8080-exec-8] vn.job.service.CompanyService            : ---------------get company---------------
2024-11-08T15:57:59.538+07:00  INFO 6912 --- [job-backend] [http-nio-8080-exec-8] vn.job.service.UserService               : User created successfully
2024-11-08T15:57:59.538+07:00  INFO 6912 --- [job-backend] [task-1] vn.job.service.EmailService              : Send email confirm account
2024-11-08T15:58:03.244+07:00  INFO 6912 --- [job-backend] [task-1] vn.job.service.EmailService              : Confirm account successfully to gplgarena@gmail.com
2024-11-08T15:58:24.151+07:00  INFO 6912 --- [job-backend] [Thread-5] com.zaxxer.hikari.HikariDataSource       : HikariPool-1 - Shutdown initiated...
2024-11-08T15:58:24.159+07:00  INFO 6912 --- [job-backend] [Thread-5] com.zaxxer.hikari.HikariDataSource       : HikariPool-1 - Shutdown completed.
2024-11-08T15:58:24.285+07:00  INFO 6912 --- [job-backend] [restartedMain] vn.job.JobBackendApplication             : Starting JobBackendApplication using Java 21.0.2 with PID 6912 (D:\springbootproject\project\job-backend\target\classes started by Admin in D:\springbootproject\project\job-backend)
2024-11-08T15:58:24.285+07:00  INFO 6912 --- [job-backend] [restartedMain] vn.job.JobBackendApplication             : The following 1 profile is active: "dev"
2024-11-08T15:58:24.963+07:00  INFO 6912 --- [job-backend] [restartedMain] o.apache.catalina.core.StandardService   : Starting service [Tomcat]
2024-11-08T15:58:24.964+07:00  INFO 6912 --- [job-backend] [restartedMain] o.apache.catalina.core.StandardEngine    : Starting Servlet engine: [Apache Tomcat/10.1.30]
2024-11-08T15:58:24.985+07:00  INFO 6912 --- [job-backend] [restartedMain] o.a.c.c.C.[Tomcat].[localhost].[/]       : Initializing Spring embedded WebApplicationContext
2024-11-08T15:58:25.139+07:00  INFO 6912 --- [job-backend] [restartedMain] o.hibernate.jpa.internal.util.LogHelper  : HHH000204: Processing PersistenceUnitInfo [name: default]
2024-11-08T15:58:25.141+07:00  INFO 6912 --- [job-backend] [restartedMain] o.h.c.internal.RegionFactoryInitiator    : HHH000026: Second-level cache disabled
2024-11-08T15:58:25.149+07:00  INFO 6912 --- [job-backend] [restartedMain] com.zaxxer.hikari.HikariDataSource       : HikariPool-2 - Starting...
2024-11-08T15:58:25.153+07:00  INFO 6912 --- [job-backend] [restartedMain] com.zaxxer.hikari.pool.HikariPool        : HikariPool-2 - Added connection com.mysql.cj.jdbc.ConnectionImpl@4c46aea0
2024-11-08T15:58:25.153+07:00  INFO 6912 --- [job-backend] [restartedMain] com.zaxxer.hikari.HikariDataSource       : HikariPool-2 - Start completed.
2024-11-08T15:58:25.154+07:00  WARN 6912 --- [job-backend] [restartedMain] org.hibernate.orm.deprecation            : HHH90000025: MySQL8Dialect does not need to be specified explicitly using 'hibernate.dialect' (remove the property setting and it will be selected by default)
2024-11-08T15:58:25.154+07:00  WARN 6912 --- [job-backend] [restartedMain] org.hibernate.orm.deprecation            : HHH90000026: MySQL8Dialect has been deprecated; use org.hibernate.dialect.MySQLDialect instead
2024-11-08T15:58:25.324+07:00  INFO 6912 --- [job-backend] [restartedMain] o.h.e.t.j.p.i.JtaPlatformInitiator       : HHH000489: No JTA platform available (set 'hibernate.transaction.jta.platform' to enable JTA platform integration)
2024-11-08T15:58:26.032+07:00  INFO 6912 --- [job-backend] [restartedMain] o.s.b.a.e.web.EndpointLinksResolver      : Exposing 15 endpoints beneath base path '/actuator'
2024-11-08T15:58:26.459+07:00  INFO 6912 --- [job-backend] [restartedMain] vn.job.JobBackendApplication             : Started JobBackendApplication in 2.224 seconds (process running for 211.875)
2024-11-08T15:58:27.890+07:00  INFO 6912 --- [job-backend] [Thread-7] com.zaxxer.hikari.HikariDataSource       : HikariPool-2 - Shutdown initiated...
2024-11-08T15:58:27.892+07:00  INFO 6912 --- [job-backend] [Thread-7] com.zaxxer.hikari.HikariDataSource       : HikariPool-2 - Shutdown completed.
2024-11-08T15:58:27.978+07:00  INFO 6912 --- [job-backend] [restartedMain] vn.job.JobBackendApplication             : Starting JobBackendApplication using Java 21.0.2 with PID 6912 (D:\springbootproject\project\job-backend\target\classes started by Admin in D:\springbootproject\project\job-backend)
2024-11-08T15:58:27.978+07:00  INFO 6912 --- [job-backend] [restartedMain] vn.job.JobBackendApplication             : The following 1 profile is active: "dev"
2024-11-08T15:58:28.452+07:00  INFO 6912 --- [job-backend] [restartedMain] o.apache.catalina.core.StandardService   : Starting service [Tomcat]
2024-11-08T15:58:28.452+07:00  INFO 6912 --- [job-backend] [restartedMain] o.apache.catalina.core.StandardEngine    : Starting Servlet engine: [Apache Tomcat/10.1.30]
2024-11-08T15:58:28.471+07:00  INFO 6912 --- [job-backend] [restartedMain] o.a.c.c.C.[Tomcat].[localhost].[/]       : Initializing Spring embedded WebApplicationContext
2024-11-08T15:58:28.572+07:00  INFO 6912 --- [job-backend] [restartedMain] o.hibernate.jpa.internal.util.LogHelper  : HHH000204: Processing PersistenceUnitInfo [name: default]
2024-11-08T15:58:28.575+07:00  INFO 6912 --- [job-backend] [restartedMain] o.h.c.internal.RegionFactoryInitiator    : HHH000026: Second-level cache disabled
2024-11-08T15:58:28.581+07:00  INFO 6912 --- [job-backend] [restartedMain] com.zaxxer.hikari.HikariDataSource       : HikariPool-3 - Starting...
2024-11-08T15:58:28.584+07:00  INFO 6912 --- [job-backend] [restartedMain] com.zaxxer.hikari.pool.HikariPool        : HikariPool-3 - Added connection com.mysql.cj.jdbc.ConnectionImpl@4c42eb45
2024-11-08T15:58:28.585+07:00  INFO 6912 --- [job-backend] [restartedMain] com.zaxxer.hikari.HikariDataSource       : HikariPool-3 - Start completed.
2024-11-08T15:58:28.585+07:00  WARN 6912 --- [job-backend] [restartedMain] org.hibernate.orm.deprecation            : HHH90000025: MySQL8Dialect does not need to be specified explicitly using 'hibernate.dialect' (remove the property setting and it will be selected by default)
2024-11-08T15:58:28.585+07:00  WARN 6912 --- [job-backend] [restartedMain] org.hibernate.orm.deprecation            : HHH90000026: MySQL8Dialect has been deprecated; use org.hibernate.dialect.MySQLDialect instead
2024-11-08T15:58:28.724+07:00  INFO 6912 --- [job-backend] [restartedMain] o.h.e.t.j.p.i.JtaPlatformInitiator       : HHH000489: No JTA platform available (set 'hibernate.transaction.jta.platform' to enable JTA platform integration)
2024-11-08T15:58:29.387+07:00  INFO 6912 --- [job-backend] [restartedMain] o.s.b.a.e.web.EndpointLinksResolver      : Exposing 15 endpoints beneath base path '/actuator'
2024-11-08T15:58:29.778+07:00  INFO 6912 --- [job-backend] [restartedMain] vn.job.JobBackendApplication             : Started JobBackendApplication in 1.823 seconds (process running for 215.194)
2024-11-08T15:58:33.346+07:00  INFO 6912 --- [job-backend] [http-nio-8080-exec-2] o.a.c.c.C.[Tomcat].[localhost].[/]       : Initializing Spring DispatcherServlet 'dispatcherServlet'
2024-11-08T15:58:33.346+07:00  INFO 6912 --- [job-backend] [http-nio-8080-exec-2] o.s.web.servlet.DispatcherServlet        : Initializing Servlet 'dispatcherServlet'
2024-11-08T15:58:33.348+07:00  INFO 6912 --- [job-backend] [http-nio-8080-exec-2] o.s.web.servlet.DispatcherServlet        : Completed initialization in 2 ms
2024-11-08T15:58:33.349+07:00  INFO 6912 --- [job-backend] [http-nio-8080-exec-2] CUSTOMIZE-FILTER                         : -------------PreFilter----------------
2024-11-08T15:58:33.367+07:00  INFO 6912 --- [job-backend] [http-nio-8080-exec-2] vn.job.controller.UserController         : Request create user=Van Nhan
2024-11-08T15:58:33.436+07:00  INFO 6912 --- [job-backend] [http-nio-8080-exec-2] vn.job.service.UserService               : ---------------create user---------------
2024-11-08T15:58:33.439+07:00  INFO 6912 --- [job-backend] [http-nio-8080-exec-2] vn.job.service.CompanyService            : ---------------get company---------------
2024-11-08T15:58:33.467+07:00  INFO 6912 --- [job-backend] [task-1] vn.job.service.EmailService              : Send email confirm account
2024-11-08T15:58:33.467+07:00  INFO 6912 --- [job-backend] [http-nio-8080-exec-2] vn.job.service.UserService               : User created successfully
2024-11-08T15:58:38.240+07:00  INFO 6912 --- [job-backend] [task-1] vn.job.service.EmailService              : Confirm account successfully to gplgarena@gmail.com
2024-11-08T15:58:39.275+07:00  INFO 6912 --- [job-backend] [SpringApplicationShutdownHook] com.zaxxer.hikari.HikariDataSource       : HikariPool-3 - Shutdown initiated...
2024-11-08T15:58:39.277+07:00  INFO 6912 --- [job-backend] [SpringApplicationShutdownHook] com.zaxxer.hikari.HikariDataSource       : HikariPool-3 - Shutdown completed.
2024-11-08T15:58:41.835+07:00  INFO 3604 --- [job-backend] [restartedMain] vn.job.JobBackendApplication             : Starting JobBackendApplication using Java 21.0.2 with PID 3604 (D:\springbootproject\project\job-backend\target\classes started by Admin in D:\springbootproject\project\job-backend)
2024-11-08T15:58:41.836+07:00  INFO 3604 --- [job-backend] [restartedMain] vn.job.JobBackendApplication             : The following 1 profile is active: "dev"
2024-11-08T15:58:43.660+07:00  INFO 3604 --- [job-backend] [restartedMain] o.apache.catalina.core.StandardService   : Starting service [Tomcat]
2024-11-08T15:58:43.660+07:00  INFO 3604 --- [job-backend] [restartedMain] o.apache.catalina.core.StandardEngine    : Starting Servlet engine: [Apache Tomcat/10.1.30]
2024-11-08T15:58:43.705+07:00  INFO 3604 --- [job-backend] [restartedMain] o.a.c.c.C.[Tomcat].[localhost].[/]       : Initializing Spring embedded WebApplicationContext
2024-11-08T15:58:43.942+07:00  INFO 3604 --- [job-backend] [restartedMain] o.hibernate.jpa.internal.util.LogHelper  : HHH000204: Processing PersistenceUnitInfo [name: default]
2024-11-08T15:58:43.981+07:00  INFO 3604 --- [job-backend] [restartedMain] org.hibernate.Version                    : HHH000412: Hibernate ORM core version 6.5.3.Final
2024-11-08T15:58:44.007+07:00  INFO 3604 --- [job-backend] [restartedMain] o.h.c.internal.RegionFactoryInitiator    : HHH000026: Second-level cache disabled
2024-11-08T15:58:44.247+07:00  INFO 3604 --- [job-backend] [restartedMain] com.zaxxer.hikari.HikariDataSource       : HikariPool-1 - Starting...
2024-11-08T15:58:44.351+07:00  INFO 3604 --- [job-backend] [restartedMain] com.zaxxer.hikari.pool.HikariPool        : HikariPool-1 - Added connection com.mysql.cj.jdbc.ConnectionImpl@453aff15
2024-11-08T15:58:44.353+07:00  INFO 3604 --- [job-backend] [restartedMain] com.zaxxer.hikari.HikariDataSource       : HikariPool-1 - Start completed.
2024-11-08T15:58:44.383+07:00  WARN 3604 --- [job-backend] [restartedMain] org.hibernate.orm.deprecation            : HHH90000025: MySQL8Dialect does not need to be specified explicitly using 'hibernate.dialect' (remove the property setting and it will be selected by default)
2024-11-08T15:58:44.384+07:00  WARN 3604 --- [job-backend] [restartedMain] org.hibernate.orm.deprecation            : HHH90000026: MySQL8Dialect has been deprecated; use org.hibernate.dialect.MySQLDialect instead
2024-11-08T15:58:45.292+07:00  INFO 3604 --- [job-backend] [restartedMain] o.h.e.t.j.p.i.JtaPlatformInitiator       : HHH000489: No JTA platform available (set 'hibernate.transaction.jta.platform' to enable JTA platform integration)
2024-11-08T15:58:46.588+07:00  INFO 3604 --- [job-backend] [restartedMain] o.s.b.a.e.web.EndpointLinksResolver      : Exposing 15 endpoints beneath base path '/actuator'
2024-11-08T15:58:47.264+07:00  INFO 3604 --- [job-backend] [restartedMain] vn.job.JobBackendApplication             : Started JobBackendApplication in 5.841 seconds (process running for 6.903)
2024-11-08T15:58:47.627+07:00  INFO 3604 --- [job-backend] [RMI TCP Connection(3)-172.31.176.1] o.a.c.c.C.[Tomcat].[localhost].[/]       : Initializing Spring DispatcherServlet 'dispatcherServlet'
2024-11-08T15:58:47.627+07:00  INFO 3604 --- [job-backend] [RMI TCP Connection(3)-172.31.176.1] o.s.web.servlet.DispatcherServlet        : Initializing Servlet 'dispatcherServlet'
2024-11-08T15:58:47.630+07:00  INFO 3604 --- [job-backend] [RMI TCP Connection(3)-172.31.176.1] o.s.web.servlet.DispatcherServlet        : Completed initialization in 2 ms
2024-11-08T15:58:54.322+07:00  INFO 3604 --- [job-backend] [http-nio-8080-exec-1] CUSTOMIZE-FILTER                         : -------------PreFilter----------------
2024-11-08T15:58:54.411+07:00  INFO 3604 --- [job-backend] [http-nio-8080-exec-1] vn.job.controller.UserController         : Request create user=Van Nhan
2024-11-08T15:58:54.485+07:00  INFO 3604 --- [job-backend] [http-nio-8080-exec-1] vn.job.service.UserService               : ---------------create user---------------
2024-11-08T15:58:54.590+07:00  INFO 3604 --- [job-backend] [http-nio-8080-exec-1] vn.job.service.CompanyService            : ---------------get company---------------
2024-11-08T15:58:54.680+07:00  INFO 3604 --- [job-backend] [http-nio-8080-exec-1] vn.job.service.UserService               : User created successfully
2024-11-08T15:58:54.680+07:00  INFO 3604 --- [job-backend] [task-1] vn.job.service.EmailService              : Send email confirm account
2024-11-08T15:58:58.422+07:00  INFO 3604 --- [job-backend] [task-1] vn.job.service.EmailService              : Confirm account successfully to gplgarena@gmail.com
2024-11-08T15:59:22.149+07:00  INFO 3604 --- [job-backend] [http-nio-8080-exec-3] CUSTOMIZE-FILTER                         : -------------PreFilter----------------
2024-11-08T15:59:22.152+07:00  INFO 3604 --- [job-backend] [http-nio-8080-exec-3] vn.job.controller.UserController         : Request create user=Van Nhan
2024-11-08T15:59:22.235+07:00  INFO 3604 --- [job-backend] [http-nio-8080-exec-3] vn.job.service.UserService               : ---------------create user---------------
2024-11-08T15:59:22.237+07:00  INFO 3604 --- [job-backend] [http-nio-8080-exec-3] vn.job.service.CompanyService            : ---------------get company---------------
2024-11-08T15:59:22.245+07:00  INFO 3604 --- [job-backend] [http-nio-8080-exec-3] vn.job.service.UserService               : User created successfully
2024-11-08T15:59:22.245+07:00  INFO 3604 --- [job-backend] [task-2] vn.job.service.EmailService              : Send email confirm account
2024-11-08T15:59:25.774+07:00  INFO 3604 --- [job-backend] [task-2] vn.job.service.EmailService              : Confirm account successfully to gplgarena1@gmail.com
2024-11-08T16:02:40.336+07:00  INFO 3604 --- [job-backend] [SpringApplicationShutdownHook] com.zaxxer.hikari.HikariDataSource       : HikariPool-1 - Shutdown initiated...
2024-11-08T16:02:40.344+07:00  INFO 3604 --- [job-backend] [SpringApplicationShutdownHook] com.zaxxer.hikari.HikariDataSource       : HikariPool-1 - Shutdown completed.
2024-11-08T16:02:59.642+07:00  INFO 14400 --- [job-backend] [restartedMain] vn.job.JobBackendApplication             : Starting JobBackendApplication using Java 21.0.2 with PID 14400 (D:\springbootproject\project\job-backend\target\classes started by Admin in D:\springbootproject\project\job-backend)
2024-11-08T16:02:59.643+07:00  INFO 14400 --- [job-backend] [restartedMain] vn.job.JobBackendApplication             : The following 1 profile is active: "dev"
2024-11-08T16:03:01.469+07:00  INFO 14400 --- [job-backend] [restartedMain] o.apache.catalina.core.StandardService   : Starting service [Tomcat]
2024-11-08T16:03:01.470+07:00  INFO 14400 --- [job-backend] [restartedMain] o.apache.catalina.core.StandardEngine    : Starting Servlet engine: [Apache Tomcat/10.1.30]
2024-11-08T16:03:01.513+07:00  INFO 14400 --- [job-backend] [restartedMain] o.a.c.c.C.[Tomcat].[localhost].[/]       : Initializing Spring embedded WebApplicationContext
2024-11-08T16:03:01.751+07:00  INFO 14400 --- [job-backend] [restartedMain] o.hibernate.jpa.internal.util.LogHelper  : HHH000204: Processing PersistenceUnitInfo [name: default]
2024-11-08T16:03:01.790+07:00  INFO 14400 --- [job-backend] [restartedMain] org.hibernate.Version                    : HHH000412: Hibernate ORM core version 6.5.3.Final
2024-11-08T16:03:01.813+07:00  INFO 14400 --- [job-backend] [restartedMain] o.h.c.internal.RegionFactoryInitiator    : HHH000026: Second-level cache disabled
2024-11-08T16:03:02.035+07:00  INFO 14400 --- [job-backend] [restartedMain] com.zaxxer.hikari.HikariDataSource       : HikariPool-1 - Starting...
2024-11-08T16:03:02.139+07:00  INFO 14400 --- [job-backend] [restartedMain] com.zaxxer.hikari.pool.HikariPool        : HikariPool-1 - Added connection com.mysql.cj.jdbc.ConnectionImpl@453aff15
2024-11-08T16:03:02.141+07:00  INFO 14400 --- [job-backend] [restartedMain] com.zaxxer.hikari.HikariDataSource       : HikariPool-1 - Start completed.
2024-11-08T16:03:02.172+07:00  WARN 14400 --- [job-backend] [restartedMain] org.hibernate.orm.deprecation            : HHH90000025: MySQL8Dialect does not need to be specified explicitly using 'hibernate.dialect' (remove the property setting and it will be selected by default)
2024-11-08T16:03:02.172+07:00  WARN 14400 --- [job-backend] [restartedMain] org.hibernate.orm.deprecation            : HHH90000026: MySQL8Dialect has been deprecated; use org.hibernate.dialect.MySQLDialect instead
2024-11-08T16:03:03.032+07:00  INFO 14400 --- [job-backend] [restartedMain] o.h.e.t.j.p.i.JtaPlatformInitiator       : HHH000489: No JTA platform available (set 'hibernate.transaction.jta.platform' to enable JTA platform integration)
2024-11-08T16:03:04.307+07:00  INFO 14400 --- [job-backend] [restartedMain] o.s.b.a.e.web.EndpointLinksResolver      : Exposing 15 endpoints beneath base path '/actuator'
2024-11-08T16:03:05.009+07:00  INFO 14400 --- [job-backend] [restartedMain] vn.job.JobBackendApplication             : Started JobBackendApplication in 5.734 seconds (process running for 6.306)
2024-11-08T16:03:05.549+07:00  INFO 14400 --- [job-backend] [RMI TCP Connection(1)-172.31.176.1] o.a.c.c.C.[Tomcat].[localhost].[/]       : Initializing Spring DispatcherServlet 'dispatcherServlet'
2024-11-08T16:03:05.549+07:00  INFO 14400 --- [job-backend] [RMI TCP Connection(1)-172.31.176.1] o.s.web.servlet.DispatcherServlet        : Initializing Servlet 'dispatcherServlet'
2024-11-08T16:03:05.551+07:00  INFO 14400 --- [job-backend] [RMI TCP Connection(1)-172.31.176.1] o.s.web.servlet.DispatcherServlet        : Completed initialization in 2 ms
2024-11-08T16:03:57.655+07:00  INFO 14400 --- [job-backend] [Thread-5] com.zaxxer.hikari.HikariDataSource       : HikariPool-1 - Shutdown initiated...
2024-11-08T16:03:57.661+07:00  INFO 14400 --- [job-backend] [Thread-5] com.zaxxer.hikari.HikariDataSource       : HikariPool-1 - Shutdown completed.
2024-11-08T16:03:57.763+07:00  INFO 14400 --- [job-backend] [restartedMain] vn.job.JobBackendApplication             : Starting JobBackendApplication using Java 21.0.2 with PID 14400 (D:\springbootproject\project\job-backend\target\classes started by Admin in D:\springbootproject\project\job-backend)
2024-11-08T16:03:57.763+07:00  INFO 14400 --- [job-backend] [restartedMain] vn.job.JobBackendApplication             : The following 1 profile is active: "dev"
2024-11-08T16:03:58.644+07:00  INFO 14400 --- [job-backend] [restartedMain] o.apache.catalina.core.StandardService   : Starting service [Tomcat]
2024-11-08T16:03:58.644+07:00  INFO 14400 --- [job-backend] [restartedMain] o.apache.catalina.core.StandardEngine    : Starting Servlet engine: [Apache Tomcat/10.1.30]
2024-11-08T16:03:58.668+07:00  INFO 14400 --- [job-backend] [restartedMain] o.a.c.c.C.[Tomcat].[localhost].[/]       : Initializing Spring embedded WebApplicationContext
2024-11-08T16:03:58.754+07:00  INFO 14400 --- [job-backend] [restartedMain] o.apache.catalina.core.StandardService   : Stopping service [Tomcat]
2024-11-08T16:04:00.238+07:00  INFO 14400 --- [job-backend] [restartedMain] vn.job.JobBackendApplication             : Starting JobBackendApplication using Java 21.0.2 with PID 14400 (D:\springbootproject\project\job-backend\target\classes started by Admin in D:\springbootproject\project\job-backend)
2024-11-08T16:04:00.238+07:00  INFO 14400 --- [job-backend] [restartedMain] vn.job.JobBackendApplication             : The following 1 profile is active: "dev"
2024-11-08T16:04:00.768+07:00  INFO 14400 --- [job-backend] [restartedMain] o.apache.catalina.core.StandardService   : Starting service [Tomcat]
2024-11-08T16:04:00.769+07:00  INFO 14400 --- [job-backend] [restartedMain] o.apache.catalina.core.StandardEngine    : Starting Servlet engine: [Apache Tomcat/10.1.30]
2024-11-08T16:04:00.789+07:00  INFO 14400 --- [job-backend] [restartedMain] o.a.c.c.C.[Tomcat-1].[localhost].[/]     : Initializing Spring embedded WebApplicationContext
2024-11-08T16:04:00.899+07:00  INFO 14400 --- [job-backend] [restartedMain] o.hibernate.jpa.internal.util.LogHelper  : HHH000204: Processing PersistenceUnitInfo [name: default]
2024-11-08T16:04:00.901+07:00  INFO 14400 --- [job-backend] [restartedMain] o.h.c.internal.RegionFactoryInitiator    : HHH000026: Second-level cache disabled
2024-11-08T16:04:00.911+07:00  INFO 14400 --- [job-backend] [restartedMain] com.zaxxer.hikari.HikariDataSource       : HikariPool-2 - Starting...
2024-11-08T16:04:00.914+07:00  INFO 14400 --- [job-backend] [restartedMain] com.zaxxer.hikari.pool.HikariPool        : HikariPool-2 - Added connection com.mysql.cj.jdbc.ConnectionImpl@6828cfd0
2024-11-08T16:04:00.914+07:00  INFO 14400 --- [job-backend] [restartedMain] com.zaxxer.hikari.HikariDataSource       : HikariPool-2 - Start completed.
2024-11-08T16:04:00.915+07:00  WARN 14400 --- [job-backend] [restartedMain] org.hibernate.orm.deprecation            : HHH90000025: MySQL8Dialect does not need to be specified explicitly using 'hibernate.dialect' (remove the property setting and it will be selected by default)
2024-11-08T16:04:00.915+07:00  WARN 14400 --- [job-backend] [restartedMain] org.hibernate.orm.deprecation            : HHH90000026: MySQL8Dialect has been deprecated; use org.hibernate.dialect.MySQLDialect instead
2024-11-08T16:04:01.114+07:00  INFO 14400 --- [job-backend] [restartedMain] o.h.e.t.j.p.i.JtaPlatformInitiator       : HHH000489: No JTA platform available (set 'hibernate.transaction.jta.platform' to enable JTA platform integration)
2024-11-08T16:04:01.852+07:00  INFO 14400 --- [job-backend] [restartedMain] o.s.b.a.e.web.EndpointLinksResolver      : Exposing 15 endpoints beneath base path '/actuator'
2024-11-08T16:04:02.262+07:00  INFO 14400 --- [job-backend] [restartedMain] vn.job.JobBackendApplication             : Started JobBackendApplication in 2.046 seconds (process running for 63.558)
2024-11-08T16:05:04.148+07:00  INFO 14400 --- [job-backend] [Thread-7] com.zaxxer.hikari.HikariDataSource       : HikariPool-2 - Shutdown initiated...
2024-11-08T16:05:04.151+07:00  INFO 14400 --- [job-backend] [Thread-7] com.zaxxer.hikari.HikariDataSource       : HikariPool-2 - Shutdown completed.
2024-11-08T16:05:04.254+07:00  INFO 14400 --- [job-backend] [restartedMain] vn.job.JobBackendApplication             : Starting JobBackendApplication using Java 21.0.2 with PID 14400 (D:\springbootproject\project\job-backend\target\classes started by Admin in D:\springbootproject\project\job-backend)
2024-11-08T16:05:04.255+07:00  INFO 14400 --- [job-backend] [restartedMain] vn.job.JobBackendApplication             : The following 1 profile is active: "dev"
2024-11-08T16:05:04.950+07:00  INFO 14400 --- [job-backend] [restartedMain] o.apache.catalina.core.StandardService   : Starting service [Tomcat]
2024-11-08T16:05:04.950+07:00  INFO 14400 --- [job-backend] [restartedMain] o.apache.catalina.core.StandardEngine    : Starting Servlet engine: [Apache Tomcat/10.1.30]
2024-11-08T16:05:04.972+07:00  INFO 14400 --- [job-backend] [restartedMain] o.a.c.c.C.[Tomcat-1].[localhost].[/]     : Initializing Spring embedded WebApplicationContext
2024-11-08T16:05:05.055+07:00  INFO 14400 --- [job-backend] [restartedMain] o.apache.catalina.core.StandardService   : Stopping service [Tomcat]
2024-11-08T16:05:06.555+07:00  INFO 14400 --- [job-backend] [restartedMain] vn.job.JobBackendApplication             : Starting JobBackendApplication using Java 21.0.2 with PID 14400 (D:\springbootproject\project\job-backend\target\classes started by Admin in D:\springbootproject\project\job-backend)
2024-11-08T16:05:06.555+07:00  INFO 14400 --- [job-backend] [restartedMain] vn.job.JobBackendApplication             : The following 1 profile is active: "dev"
2024-11-08T16:05:07.015+07:00  INFO 14400 --- [job-backend] [restartedMain] o.apache.catalina.core.StandardService   : Starting service [Tomcat]
2024-11-08T16:05:07.015+07:00  INFO 14400 --- [job-backend] [restartedMain] o.apache.catalina.core.StandardEngine    : Starting Servlet engine: [Apache Tomcat/10.1.30]
2024-11-08T16:05:07.034+07:00  INFO 14400 --- [job-backend] [restartedMain] o.a.c.c.C.[Tomcat-2].[localhost].[/]     : Initializing Spring embedded WebApplicationContext
2024-11-08T16:05:07.135+07:00  INFO 14400 --- [job-backend] [restartedMain] o.hibernate.jpa.internal.util.LogHelper  : HHH000204: Processing PersistenceUnitInfo [name: default]
2024-11-08T16:05:07.137+07:00  INFO 14400 --- [job-backend] [restartedMain] o.h.c.internal.RegionFactoryInitiator    : HHH000026: Second-level cache disabled
2024-11-08T16:05:07.142+07:00  INFO 14400 --- [job-backend] [restartedMain] com.zaxxer.hikari.HikariDataSource       : HikariPool-3 - Starting...
2024-11-08T16:05:07.146+07:00  INFO 14400 --- [job-backend] [restartedMain] com.zaxxer.hikari.pool.HikariPool        : HikariPool-3 - Added connection com.mysql.cj.jdbc.ConnectionImpl@42323460
2024-11-08T16:05:07.146+07:00  INFO 14400 --- [job-backend] [restartedMain] com.zaxxer.hikari.HikariDataSource       : HikariPool-3 - Start completed.
2024-11-08T16:05:07.146+07:00  WARN 14400 --- [job-backend] [restartedMain] org.hibernate.orm.deprecation            : HHH90000025: MySQL8Dialect does not need to be specified explicitly using 'hibernate.dialect' (remove the property setting and it will be selected by default)
2024-11-08T16:05:07.146+07:00  WARN 14400 --- [job-backend] [restartedMain] org.hibernate.orm.deprecation            : HHH90000026: MySQL8Dialect has been deprecated; use org.hibernate.dialect.MySQLDialect instead
2024-11-08T16:05:07.274+07:00  INFO 14400 --- [job-backend] [restartedMain] o.h.e.t.j.p.i.JtaPlatformInitiator       : HHH000489: No JTA platform available (set 'hibernate.transaction.jta.platform' to enable JTA platform integration)
2024-11-08T16:05:07.916+07:00  INFO 14400 --- [job-backend] [restartedMain] o.s.b.a.e.web.EndpointLinksResolver      : Exposing 15 endpoints beneath base path '/actuator'
2024-11-08T16:05:08.298+07:00  INFO 14400 --- [job-backend] [restartedMain] vn.job.JobBackendApplication             : Started JobBackendApplication in 1.777 seconds (process running for 129.594)
2024-11-08T16:06:09.486+07:00  INFO 14400 --- [job-backend] [http-nio-8080-exec-1] o.a.c.c.C.[Tomcat-2].[localhost].[/]     : Initializing Spring DispatcherServlet 'dispatcherServlet'
2024-11-08T16:06:09.487+07:00  INFO 14400 --- [job-backend] [http-nio-8080-exec-1] o.s.web.servlet.DispatcherServlet        : Initializing Servlet 'dispatcherServlet'
2024-11-08T16:06:09.488+07:00  INFO 14400 --- [job-backend] [http-nio-8080-exec-1] o.s.web.servlet.DispatcherServlet        : Completed initialization in 1 ms
2024-11-08T16:06:09.515+07:00  INFO 14400 --- [job-backend] [http-nio-8080-exec-1] CUSTOMIZE-FILTER                         : -------------PreFilter----------------
2024-11-08T16:06:09.515+07:00  INFO 14400 --- [job-backend] [http-nio-8080-exec-1] CUSTOMIZE-FILTER                         : token: eyJhbGciOiJIUzUxMiJ9
2024-11-08T16:06:09.543+07:00  INFO 14400 --- [job-backend] [http-nio-8080-exec-1] CUSTOMIZE-FILTER                         : email: gplgarena@gmail.com
2024-11-08T16:06:09.787+07:00  WARN 14400 --- [job-backend] [http-nio-8080-exec-1] .m.m.a.ExceptionHandlerExceptionResolver : Resolved [org.springframework.web.bind.MethodArgumentNotValidException: Validation failed for argument [0] in public vn.job.dto.response.error.ResponseData<vn.job.dto.response.ResponseUpdateUser> vn.job.controller.UserController.updateUser(vn.job.model.User): [Field error in object 'user' on field 'password': rejected value [null]; codes [NotBlank.user.password,NotBlank.password,NotBlank.java.lang.String,NotBlank]; arguments [org.springframework.context.support.DefaultMessageSourceResolvable: codes [user.password,password]; arguments []; default message [password]]; default message [password must be not null]] ]
2024-11-08T16:09:06.573+07:00  INFO 14400 --- [job-backend] [http-nio-8080-exec-5] CUSTOMIZE-FILTER                         : -------------PreFilter----------------
2024-11-08T16:09:06.574+07:00  INFO 14400 --- [job-backend] [http-nio-8080-exec-5] CUSTOMIZE-FILTER                         : token: eyJhbGciOiJIUzUxMiJ9
2024-11-08T16:09:06.575+07:00  INFO 14400 --- [job-backend] [http-nio-8080-exec-5] CUSTOMIZE-FILTER                         : email: gplgarena@gmail.com
2024-11-08T16:09:06.584+07:00  WARN 14400 --- [job-backend] [http-nio-8080-exec-5] .m.m.a.ExceptionHandlerExceptionResolver : Resolved [org.springframework.web.bind.MethodArgumentNotValidException: Validation failed for argument [0] in public vn.job.dto.response.error.ResponseData<vn.job.dto.response.ResponseUpdateUser> vn.job.controller.UserController.updateUser(vn.job.model.User): [Field error in object 'user' on field 'password': rejected value [null]; codes [NotBlank.user.password,NotBlank.password,NotBlank.java.lang.String,NotBlank]; arguments [org.springframework.context.support.DefaultMessageSourceResolvable: codes [user.password,password]; arguments []; default message [password]]; default message [password must be not null]] ]
2024-11-08T16:09:23.359+07:00  INFO 14400 --- [job-backend] [SpringApplicationShutdownHook] com.zaxxer.hikari.HikariDataSource       : HikariPool-3 - Shutdown initiated...
2024-11-08T16:09:23.361+07:00  INFO 14400 --- [job-backend] [SpringApplicationShutdownHook] com.zaxxer.hikari.HikariDataSource       : HikariPool-3 - Shutdown completed.
2024-11-08T16:09:25.435+07:00  INFO 11120 --- [job-backend] [restartedMain] vn.job.JobBackendApplication             : Starting JobBackendApplication using Java 21.0.2 with PID 11120 (D:\springbootproject\project\job-backend\target\classes started by Admin in D:\springbootproject\project\job-backend)
2024-11-08T16:09:25.436+07:00  INFO 11120 --- [job-backend] [restartedMain] vn.job.JobBackendApplication             : The following 1 profile is active: "dev"
2024-11-08T16:09:27.384+07:00  INFO 11120 --- [job-backend] [restartedMain] o.apache.catalina.core.StandardService   : Starting service [Tomcat]
2024-11-08T16:09:27.384+07:00  INFO 11120 --- [job-backend] [restartedMain] o.apache.catalina.core.StandardEngine    : Starting Servlet engine: [Apache Tomcat/10.1.30]
2024-11-08T16:09:27.427+07:00  INFO 11120 --- [job-backend] [restartedMain] o.a.c.c.C.[Tomcat].[localhost].[/]       : Initializing Spring embedded WebApplicationContext
2024-11-08T16:09:27.676+07:00  INFO 11120 --- [job-backend] [restartedMain] o.hibernate.jpa.internal.util.LogHelper  : HHH000204: Processing PersistenceUnitInfo [name: default]
2024-11-08T16:09:27.715+07:00  INFO 11120 --- [job-backend] [restartedMain] org.hibernate.Version                    : HHH000412: Hibernate ORM core version 6.5.3.Final
2024-11-08T16:09:27.739+07:00  INFO 11120 --- [job-backend] [restartedMain] o.h.c.internal.RegionFactoryInitiator    : HHH000026: Second-level cache disabled
2024-11-08T16:09:27.977+07:00  INFO 11120 --- [job-backend] [restartedMain] com.zaxxer.hikari.HikariDataSource       : HikariPool-1 - Starting...
2024-11-08T16:09:28.084+07:00  INFO 11120 --- [job-backend] [restartedMain] com.zaxxer.hikari.pool.HikariPool        : HikariPool-1 - Added connection com.mysql.cj.jdbc.ConnectionImpl@5ee4fc70
2024-11-08T16:09:28.085+07:00  INFO 11120 --- [job-backend] [restartedMain] com.zaxxer.hikari.HikariDataSource       : HikariPool-1 - Start completed.
2024-11-08T16:09:28.117+07:00  WARN 11120 --- [job-backend] [restartedMain] org.hibernate.orm.deprecation            : HHH90000025: MySQL8Dialect does not need to be specified explicitly using 'hibernate.dialect' (remove the property setting and it will be selected by default)
2024-11-08T16:09:28.117+07:00  WARN 11120 --- [job-backend] [restartedMain] org.hibernate.orm.deprecation            : HHH90000026: MySQL8Dialect has been deprecated; use org.hibernate.dialect.MySQLDialect instead
2024-11-08T16:09:29.061+07:00  INFO 11120 --- [job-backend] [restartedMain] o.h.e.t.j.p.i.JtaPlatformInitiator       : HHH000489: No JTA platform available (set 'hibernate.transaction.jta.platform' to enable JTA platform integration)
2024-11-08T16:09:30.348+07:00  INFO 11120 --- [job-backend] [restartedMain] o.s.b.a.e.web.EndpointLinksResolver      : Exposing 15 endpoints beneath base path '/actuator'
2024-11-08T16:09:31.197+07:00  INFO 11120 --- [job-backend] [restartedMain] vn.job.JobBackendApplication             : Started JobBackendApplication in 6.261 seconds (process running for 7.187)
2024-11-08T16:09:31.411+07:00  INFO 11120 --- [job-backend] [RMI TCP Connection(2)-172.31.176.1] o.a.c.c.C.[Tomcat].[localhost].[/]       : Initializing Spring DispatcherServlet 'dispatcherServlet'
2024-11-08T16:09:31.411+07:00  INFO 11120 --- [job-backend] [RMI TCP Connection(2)-172.31.176.1] o.s.web.servlet.DispatcherServlet        : Initializing Servlet 'dispatcherServlet'
2024-11-08T16:09:31.415+07:00  INFO 11120 --- [job-backend] [RMI TCP Connection(2)-172.31.176.1] o.s.web.servlet.DispatcherServlet        : Completed initialization in 3 ms
2024-11-08T16:09:34.959+07:00  INFO 11120 --- [job-backend] [http-nio-8080-exec-1] CUSTOMIZE-FILTER                         : -------------PreFilter----------------
2024-11-08T16:09:34.959+07:00  INFO 11120 --- [job-backend] [http-nio-8080-exec-1] CUSTOMIZE-FILTER                         : token: eyJhbGciOiJIUzUxMiJ9
2024-11-08T16:09:34.985+07:00  INFO 11120 --- [job-backend] [http-nio-8080-exec-1] CUSTOMIZE-FILTER                         : email: gplgarena@gmail.com
2024-11-08T16:09:35.224+07:00  INFO 11120 --- [job-backend] [http-nio-8080-exec-1] vn.job.controller.UserController         : Request update user=2
2024-11-08T16:09:35.224+07:00  INFO 11120 --- [job-backend] [http-nio-8080-exec-1] vn.job.service.UserService               : ---------------update user---------------
2024-11-08T16:09:35.238+07:00 ERROR 11120 --- [job-backend] [http-nio-8080-exec-1] vn.job.controller.UserController         : errorMessage= Id  not found 
2024-11-08T16:09:49.846+07:00  INFO 11120 --- [job-backend] [http-nio-8080-exec-3] CUSTOMIZE-FILTER                         : -------------PreFilter----------------
2024-11-08T16:09:49.846+07:00  INFO 11120 --- [job-backend] [http-nio-8080-exec-3] CUSTOMIZE-FILTER                         : token: eyJhbGciOiJIUzUxMiJ9
2024-11-08T16:09:49.848+07:00  INFO 11120 --- [job-backend] [http-nio-8080-exec-3] CUSTOMIZE-FILTER                         : email: gplgarena@gmail.com
2024-11-08T16:09:49.856+07:00  INFO 11120 --- [job-backend] [http-nio-8080-exec-3] vn.job.controller.UserController         : Request update user=5
2024-11-08T16:09:49.856+07:00  INFO 11120 --- [job-backend] [http-nio-8080-exec-3] vn.job.service.UserService               : ---------------update user---------------
2024-11-08T16:09:49.859+07:00  INFO 11120 --- [job-backend] [http-nio-8080-exec-3] vn.job.service.CompanyService            : ---------------get company---------------
2024-11-08T16:09:49.896+07:00  INFO 11120 --- [job-backend] [http-nio-8080-exec-3] vn.job.service.UserService               : User updated successfully
2024-11-08T16:11:13.451+07:00  INFO 11120 --- [job-backend] [http-nio-8080-exec-6] CUSTOMIZE-FILTER                         : -------------PreFilter----------------
2024-11-08T16:11:13.451+07:00  INFO 11120 --- [job-backend] [http-nio-8080-exec-6] CUSTOMIZE-FILTER                         : token: eyJhbGciOiJIUzUxMiJ9
2024-11-08T16:11:13.452+07:00  INFO 11120 --- [job-backend] [http-nio-8080-exec-6] CUSTOMIZE-FILTER                         : email: gplgarena@gmail.com
2024-11-08T16:11:13.461+07:00  INFO 11120 --- [job-backend] [http-nio-8080-exec-6] vn.job.controller.UserController         : Request update user=5
2024-11-08T16:11:13.461+07:00  INFO 11120 --- [job-backend] [http-nio-8080-exec-6] vn.job.service.UserService               : ---------------update user---------------
2024-11-08T16:11:13.464+07:00  INFO 11120 --- [job-backend] [http-nio-8080-exec-6] vn.job.service.CompanyService            : ---------------get company---------------
2024-11-08T16:11:13.481+07:00  INFO 11120 --- [job-backend] [http-nio-8080-exec-6] vn.job.service.UserService               : User updated successfully
2024-11-08T16:12:50.157+07:00  INFO 11120 --- [job-backend] [SpringApplicationShutdownHook] com.zaxxer.hikari.HikariDataSource       : HikariPool-1 - Shutdown initiated...
2024-11-08T16:12:50.164+07:00  INFO 11120 --- [job-backend] [SpringApplicationShutdownHook] com.zaxxer.hikari.HikariDataSource       : HikariPool-1 - Shutdown completed.
2024-11-08T16:12:54.011+07:00  INFO 2248 --- [job-backend] [restartedMain] vn.job.JobBackendApplication             : Starting JobBackendApplication using Java 21.0.2 with PID 2248 (D:\springbootproject\project\job-backend\target\classes started by Admin in D:\springbootproject\project\job-backend)
2024-11-08T16:12:54.014+07:00  INFO 2248 --- [job-backend] [restartedMain] vn.job.JobBackendApplication             : The following 1 profile is active: "dev"
2024-11-08T16:12:55.866+07:00  INFO 2248 --- [job-backend] [restartedMain] o.apache.catalina.core.StandardService   : Starting service [Tomcat]
2024-11-08T16:12:55.866+07:00  INFO 2248 --- [job-backend] [restartedMain] o.apache.catalina.core.StandardEngine    : Starting Servlet engine: [Apache Tomcat/10.1.30]
2024-11-08T16:12:55.910+07:00  INFO 2248 --- [job-backend] [restartedMain] o.a.c.c.C.[Tomcat].[localhost].[/]       : Initializing Spring embedded WebApplicationContext
2024-11-08T16:12:56.152+07:00  INFO 2248 --- [job-backend] [restartedMain] o.hibernate.jpa.internal.util.LogHelper  : HHH000204: Processing PersistenceUnitInfo [name: default]
2024-11-08T16:12:56.190+07:00  INFO 2248 --- [job-backend] [restartedMain] org.hibernate.Version                    : HHH000412: Hibernate ORM core version 6.5.3.Final
2024-11-08T16:12:56.214+07:00  INFO 2248 --- [job-backend] [restartedMain] o.h.c.internal.RegionFactoryInitiator    : HHH000026: Second-level cache disabled
2024-11-08T16:12:56.440+07:00  INFO 2248 --- [job-backend] [restartedMain] com.zaxxer.hikari.HikariDataSource       : HikariPool-1 - Starting...
2024-11-08T16:12:56.544+07:00  INFO 2248 --- [job-backend] [restartedMain] com.zaxxer.hikari.pool.HikariPool        : HikariPool-1 - Added connection com.mysql.cj.jdbc.ConnectionImpl@5333a4df
2024-11-08T16:12:56.545+07:00  INFO 2248 --- [job-backend] [restartedMain] com.zaxxer.hikari.HikariDataSource       : HikariPool-1 - Start completed.
2024-11-08T16:12:56.576+07:00  WARN 2248 --- [job-backend] [restartedMain] org.hibernate.orm.deprecation            : HHH90000025: MySQL8Dialect does not need to be specified explicitly using 'hibernate.dialect' (remove the property setting and it will be selected by default)
2024-11-08T16:12:56.577+07:00  WARN 2248 --- [job-backend] [restartedMain] org.hibernate.orm.deprecation            : HHH90000026: MySQL8Dialect has been deprecated; use org.hibernate.dialect.MySQLDialect instead
2024-11-08T16:12:57.484+07:00  INFO 2248 --- [job-backend] [restartedMain] o.h.e.t.j.p.i.JtaPlatformInitiator       : HHH000489: No JTA platform available (set 'hibernate.transaction.jta.platform' to enable JTA platform integration)
2024-11-08T16:12:59.141+07:00  INFO 2248 --- [job-backend] [restartedMain] o.s.b.a.e.web.EndpointLinksResolver      : Exposing 15 endpoints beneath base path '/actuator'
2024-11-08T16:12:59.955+07:00  INFO 2248 --- [job-backend] [restartedMain] vn.job.JobBackendApplication             : Started JobBackendApplication in 6.334 seconds (process running for 6.913)
2024-11-08T16:13:00.395+07:00  INFO 2248 --- [job-backend] [RMI TCP Connection(1)-172.31.176.1] o.a.c.c.C.[Tomcat].[localhost].[/]       : Initializing Spring DispatcherServlet 'dispatcherServlet'
2024-11-08T16:13:00.395+07:00  INFO 2248 --- [job-backend] [RMI TCP Connection(1)-172.31.176.1] o.s.web.servlet.DispatcherServlet        : Initializing Servlet 'dispatcherServlet'
2024-11-08T16:13:00.397+07:00  INFO 2248 --- [job-backend] [RMI TCP Connection(1)-172.31.176.1] o.s.web.servlet.DispatcherServlet        : Completed initialization in 2 ms
2024-11-08T16:13:01.001+07:00  INFO 2248 --- [job-backend] [http-nio-8080-exec-4] CUSTOMIZE-FILTER                         : -------------PreFilter----------------
2024-11-08T16:13:01.001+07:00  INFO 2248 --- [job-backend] [http-nio-8080-exec-4] CUSTOMIZE-FILTER                         : token: eyJhbGciOiJIUzUxMiJ9
2024-11-08T16:13:01.030+07:00  INFO 2248 --- [job-backend] [http-nio-8080-exec-4] CUSTOMIZE-FILTER                         : email: gplgarena@gmail.com
2024-11-08T16:13:01.288+07:00  INFO 2248 --- [job-backend] [http-nio-8080-exec-4] vn.job.controller.UserController         : Request update user=5
2024-11-08T16:13:01.288+07:00  INFO 2248 --- [job-backend] [http-nio-8080-exec-4] vn.job.service.UserService               : ---------------update user---------------
2024-11-08T16:13:01.301+07:00  INFO 2248 --- [job-backend] [http-nio-8080-exec-4] vn.job.service.CompanyService            : ---------------get company---------------
2024-11-08T16:13:01.346+07:00  INFO 2248 --- [job-backend] [http-nio-8080-exec-4] vn.job.service.UserService               : User updated successfully
2024-11-08T16:13:08.619+07:00  INFO 2248 --- [job-backend] [http-nio-8080-exec-7] CUSTOMIZE-FILTER                         : -------------PreFilter----------------
2024-11-08T16:13:08.619+07:00  INFO 2248 --- [job-backend] [http-nio-8080-exec-7] CUSTOMIZE-FILTER                         : token: eyJhbGciOiJIUzUxMiJ9
2024-11-08T16:13:08.620+07:00  INFO 2248 --- [job-backend] [http-nio-8080-exec-7] CUSTOMIZE-FILTER                         : email: gplgarena@gmail.com
2024-11-08T16:13:08.628+07:00  INFO 2248 --- [job-backend] [http-nio-8080-exec-7] vn.job.controller.UserController         : Request update user=5
2024-11-08T16:13:08.628+07:00  INFO 2248 --- [job-backend] [http-nio-8080-exec-7] vn.job.service.UserService               : ---------------update user---------------
2024-11-08T16:13:08.631+07:00  INFO 2248 --- [job-backend] [http-nio-8080-exec-7] vn.job.service.CompanyService            : ---------------get company---------------
2024-11-08T16:13:08.650+07:00  INFO 2248 --- [job-backend] [http-nio-8080-exec-7] vn.job.service.UserService               : User updated successfully
2024-11-08T16:14:31.139+07:00  INFO 2248 --- [job-backend] [http-nio-8080-exec-6] CUSTOMIZE-FILTER                         : -------------PreFilter----------------
2024-11-08T16:14:31.139+07:00  INFO 2248 --- [job-backend] [http-nio-8080-exec-6] CUSTOMIZE-FILTER                         : token: eyJhbGciOiJIUzUxMiJ9
2024-11-08T16:14:31.141+07:00  INFO 2248 --- [job-backend] [http-nio-8080-exec-6] CUSTOMIZE-FILTER                         : email: gplgarena@gmail.com
2024-11-08T16:14:31.152+07:00  INFO 2248 --- [job-backend] [http-nio-8080-exec-6] vn.job.controller.UserController         : Request detail user=14
2024-11-08T16:14:31.152+07:00  INFO 2248 --- [job-backend] [http-nio-8080-exec-6] vn.job.service.UserService               : ---------------get detail user---------------
2024-11-08T16:14:31.155+07:00 ERROR 2248 --- [job-backend] [http-nio-8080-exec-6] vn.job.controller.UserController         : errorMessage= Id  not found 
2024-11-08T16:14:35.625+07:00  INFO 2248 --- [job-backend] [http-nio-8080-exec-3] CUSTOMIZE-FILTER                         : -------------PreFilter----------------
2024-11-08T16:14:35.625+07:00  INFO 2248 --- [job-backend] [http-nio-8080-exec-3] CUSTOMIZE-FILTER                         : token: eyJhbGciOiJIUzUxMiJ9
2024-11-08T16:14:35.626+07:00  INFO 2248 --- [job-backend] [http-nio-8080-exec-3] CUSTOMIZE-FILTER                         : email: gplgarena@gmail.com
2024-11-08T16:14:35.636+07:00  INFO 2248 --- [job-backend] [http-nio-8080-exec-3] vn.job.controller.UserController         : Request detail user=2
2024-11-08T16:14:35.636+07:00  INFO 2248 --- [job-backend] [http-nio-8080-exec-3] vn.job.service.UserService               : ---------------get detail user---------------
2024-11-08T16:14:35.639+07:00 ERROR 2248 --- [job-backend] [http-nio-8080-exec-3] vn.job.controller.UserController         : errorMessage= Id  not found 
2024-11-08T16:14:39.624+07:00  INFO 2248 --- [job-backend] [http-nio-8080-exec-8] CUSTOMIZE-FILTER                         : -------------PreFilter----------------
2024-11-08T16:14:39.624+07:00  INFO 2248 --- [job-backend] [http-nio-8080-exec-8] CUSTOMIZE-FILTER                         : token: eyJhbGciOiJIUzUxMiJ9
2024-11-08T16:14:39.626+07:00  INFO 2248 --- [job-backend] [http-nio-8080-exec-8] CUSTOMIZE-FILTER                         : email: gplgarena@gmail.com
2024-11-08T16:14:39.633+07:00  INFO 2248 --- [job-backend] [http-nio-8080-exec-8] vn.job.controller.UserController         : Request detail user=5
2024-11-08T16:14:39.634+07:00  INFO 2248 --- [job-backend] [http-nio-8080-exec-8] vn.job.service.UserService               : ---------------get detail user---------------
2024-11-08T16:14:39.637+07:00  INFO 2248 --- [job-backend] [http-nio-8080-exec-8] vn.job.service.UserService               : Get User successfully
2024-11-08T16:15:13.333+07:00  INFO 2248 --- [job-backend] [Thread-5] com.zaxxer.hikari.HikariDataSource       : HikariPool-1 - Shutdown initiated...
2024-11-08T16:15:13.339+07:00  INFO 2248 --- [job-backend] [Thread-5] com.zaxxer.hikari.HikariDataSource       : HikariPool-1 - Shutdown completed.
2024-11-08T16:15:13.444+07:00  INFO 2248 --- [job-backend] [restartedMain] vn.job.JobBackendApplication             : Starting JobBackendApplication using Java 21.0.2 with PID 2248 (D:\springbootproject\project\job-backend\target\classes started by Admin in D:\springbootproject\project\job-backend)
2024-11-08T16:15:13.444+07:00  INFO 2248 --- [job-backend] [restartedMain] vn.job.JobBackendApplication             : The following 1 profile is active: "dev"
2024-11-08T16:15:14.686+07:00  INFO 2248 --- [job-backend] [restartedMain] o.apache.catalina.core.StandardService   : Starting service [Tomcat]
2024-11-08T16:15:14.686+07:00  INFO 2248 --- [job-backend] [restartedMain] o.apache.catalina.core.StandardEngine    : Starting Servlet engine: [Apache Tomcat/10.1.30]
2024-11-08T16:15:14.707+07:00  INFO 2248 --- [job-backend] [restartedMain] o.a.c.c.C.[Tomcat].[localhost].[/]       : Initializing Spring embedded WebApplicationContext
2024-11-08T16:15:14.854+07:00  INFO 2248 --- [job-backend] [restartedMain] o.hibernate.jpa.internal.util.LogHelper  : HHH000204: Processing PersistenceUnitInfo [name: default]
2024-11-08T16:15:14.857+07:00  INFO 2248 --- [job-backend] [restartedMain] o.h.c.internal.RegionFactoryInitiator    : HHH000026: Second-level cache disabled
2024-11-08T16:15:14.875+07:00  INFO 2248 --- [job-backend] [restartedMain] com.zaxxer.hikari.HikariDataSource       : HikariPool-2 - Starting...
2024-11-08T16:15:14.879+07:00  INFO 2248 --- [job-backend] [restartedMain] com.zaxxer.hikari.pool.HikariPool        : HikariPool-2 - Added connection com.mysql.cj.jdbc.ConnectionImpl@7e789a52
2024-11-08T16:15:14.880+07:00  INFO 2248 --- [job-backend] [restartedMain] com.zaxxer.hikari.HikariDataSource       : HikariPool-2 - Start completed.
2024-11-08T16:15:14.880+07:00  WARN 2248 --- [job-backend] [restartedMain] org.hibernate.orm.deprecation            : HHH90000025: MySQL8Dialect does not need to be specified explicitly using 'hibernate.dialect' (remove the property setting and it will be selected by default)
2024-11-08T16:15:14.880+07:00  WARN 2248 --- [job-backend] [restartedMain] org.hibernate.orm.deprecation            : HHH90000026: MySQL8Dialect has been deprecated; use org.hibernate.dialect.MySQLDialect instead
2024-11-08T16:15:15.129+07:00  INFO 2248 --- [job-backend] [restartedMain] o.h.e.t.j.p.i.JtaPlatformInitiator       : HHH000489: No JTA platform available (set 'hibernate.transaction.jta.platform' to enable JTA platform integration)
2024-11-08T16:15:16.056+07:00  INFO 2248 --- [job-backend] [restartedMain] o.s.b.a.e.web.EndpointLinksResolver      : Exposing 15 endpoints beneath base path '/actuator'
2024-11-08T16:15:16.606+07:00  INFO 2248 --- [job-backend] [restartedMain] vn.job.JobBackendApplication             : Started JobBackendApplication in 3.2 seconds (process running for 143.564)
2024-11-08T16:15:18.020+07:00  INFO 2248 --- [job-backend] [Thread-7] com.zaxxer.hikari.HikariDataSource       : HikariPool-2 - Shutdown initiated...
2024-11-08T16:15:18.022+07:00  INFO 2248 --- [job-backend] [Thread-7] com.zaxxer.hikari.HikariDataSource       : HikariPool-2 - Shutdown completed.
2024-11-08T16:15:18.132+07:00  INFO 2248 --- [job-backend] [restartedMain] vn.job.JobBackendApplication             : Starting JobBackendApplication using Java 21.0.2 with PID 2248 (D:\springbootproject\project\job-backend\target\classes started by Admin in D:\springbootproject\project\job-backend)
2024-11-08T16:15:18.132+07:00  INFO 2248 --- [job-backend] [restartedMain] vn.job.JobBackendApplication             : The following 1 profile is active: "dev"
2024-11-08T16:15:18.983+07:00  INFO 2248 --- [job-backend] [restartedMain] o.apache.catalina.core.StandardService   : Starting service [Tomcat]
2024-11-08T16:15:18.983+07:00  INFO 2248 --- [job-backend] [restartedMain] o.apache.catalina.core.StandardEngine    : Starting Servlet engine: [Apache Tomcat/10.1.30]
2024-11-08T16:15:19.027+07:00  INFO 2248 --- [job-backend] [restartedMain] o.a.c.c.C.[Tomcat].[localhost].[/]       : Initializing Spring embedded WebApplicationContext
2024-11-08T16:15:19.171+07:00  INFO 2248 --- [job-backend] [restartedMain] o.hibernate.jpa.internal.util.LogHelper  : HHH000204: Processing PersistenceUnitInfo [name: default]
2024-11-08T16:15:19.173+07:00  INFO 2248 --- [job-backend] [restartedMain] o.h.c.internal.RegionFactoryInitiator    : HHH000026: Second-level cache disabled
2024-11-08T16:15:19.179+07:00  INFO 2248 --- [job-backend] [restartedMain] com.zaxxer.hikari.HikariDataSource       : HikariPool-3 - Starting...
2024-11-08T16:15:19.182+07:00  INFO 2248 --- [job-backend] [restartedMain] com.zaxxer.hikari.pool.HikariPool        : HikariPool-3 - Added connection com.mysql.cj.jdbc.ConnectionImpl@17f587d1
2024-11-08T16:15:19.182+07:00  INFO 2248 --- [job-backend] [restartedMain] com.zaxxer.hikari.HikariDataSource       : HikariPool-3 - Start completed.
2024-11-08T16:15:19.182+07:00  WARN 2248 --- [job-backend] [restartedMain] org.hibernate.orm.deprecation            : HHH90000025: MySQL8Dialect does not need to be specified explicitly using 'hibernate.dialect' (remove the property setting and it will be selected by default)
2024-11-08T16:15:19.182+07:00  WARN 2248 --- [job-backend] [restartedMain] org.hibernate.orm.deprecation            : HHH90000026: MySQL8Dialect has been deprecated; use org.hibernate.dialect.MySQLDialect instead
2024-11-08T16:15:19.372+07:00  INFO 2248 --- [job-backend] [restartedMain] o.h.e.t.j.p.i.JtaPlatformInitiator       : HHH000489: No JTA platform available (set 'hibernate.transaction.jta.platform' to enable JTA platform integration)
2024-11-08T16:15:20.048+07:00  INFO 2248 --- [job-backend] [restartedMain] o.s.b.a.e.web.EndpointLinksResolver      : Exposing 15 endpoints beneath base path '/actuator'
2024-11-08T16:15:20.422+07:00  INFO 2248 --- [job-backend] [restartedMain] vn.job.JobBackendApplication             : Started JobBackendApplication in 2.324 seconds (process running for 147.38)
2024-11-08T16:16:08.215+07:00  INFO 2248 --- [job-backend] [SpringApplicationShutdownHook] com.zaxxer.hikari.HikariDataSource       : HikariPool-3 - Shutdown initiated...
2024-11-08T16:16:08.217+07:00  INFO 2248 --- [job-backend] [SpringApplicationShutdownHook] com.zaxxer.hikari.HikariDataSource       : HikariPool-3 - Shutdown completed.
2024-11-08T16:16:12.505+07:00  INFO 3204 --- [job-backend] [restartedMain] vn.job.JobBackendApplication             : Starting JobBackendApplication using Java 21.0.2 with PID 3204 (D:\springbootproject\project\job-backend\target\classes started by Admin in D:\springbootproject\project\job-backend)
2024-11-08T16:16:12.507+07:00  INFO 3204 --- [job-backend] [restartedMain] vn.job.JobBackendApplication             : The following 1 profile is active: "dev"
2024-11-08T16:16:14.263+07:00  INFO 3204 --- [job-backend] [restartedMain] o.apache.catalina.core.StandardService   : Starting service [Tomcat]
2024-11-08T16:16:14.263+07:00  INFO 3204 --- [job-backend] [restartedMain] o.apache.catalina.core.StandardEngine    : Starting Servlet engine: [Apache Tomcat/10.1.30]
2024-11-08T16:16:14.312+07:00  INFO 3204 --- [job-backend] [restartedMain] o.a.c.c.C.[Tomcat].[localhost].[/]       : Initializing Spring embedded WebApplicationContext
2024-11-08T16:16:14.550+07:00  INFO 3204 --- [job-backend] [restartedMain] o.hibernate.jpa.internal.util.LogHelper  : HHH000204: Processing PersistenceUnitInfo [name: default]
2024-11-08T16:16:14.588+07:00  INFO 3204 --- [job-backend] [restartedMain] org.hibernate.Version                    : HHH000412: Hibernate ORM core version 6.5.3.Final
2024-11-08T16:16:14.610+07:00  INFO 3204 --- [job-backend] [restartedMain] o.h.c.internal.RegionFactoryInitiator    : HHH000026: Second-level cache disabled
2024-11-08T16:16:14.859+07:00  INFO 3204 --- [job-backend] [restartedMain] com.zaxxer.hikari.HikariDataSource       : HikariPool-1 - Starting...
2024-11-08T16:16:14.971+07:00  INFO 3204 --- [job-backend] [restartedMain] com.zaxxer.hikari.pool.HikariPool        : HikariPool-1 - Added connection com.mysql.cj.jdbc.ConnectionImpl@6a13aabe
2024-11-08T16:16:14.973+07:00  INFO 3204 --- [job-backend] [restartedMain] com.zaxxer.hikari.HikariDataSource       : HikariPool-1 - Start completed.
2024-11-08T16:16:15.003+07:00  WARN 3204 --- [job-backend] [restartedMain] org.hibernate.orm.deprecation            : HHH90000025: MySQL8Dialect does not need to be specified explicitly using 'hibernate.dialect' (remove the property setting and it will be selected by default)
2024-11-08T16:16:15.004+07:00  WARN 3204 --- [job-backend] [restartedMain] org.hibernate.orm.deprecation            : HHH90000026: MySQL8Dialect has been deprecated; use org.hibernate.dialect.MySQLDialect instead
2024-11-08T16:16:15.875+07:00  INFO 3204 --- [job-backend] [restartedMain] o.h.e.t.j.p.i.JtaPlatformInitiator       : HHH000489: No JTA platform available (set 'hibernate.transaction.jta.platform' to enable JTA platform integration)
2024-11-08T16:16:17.098+07:00  INFO 3204 --- [job-backend] [restartedMain] o.s.b.a.e.web.EndpointLinksResolver      : Exposing 15 endpoints beneath base path '/actuator'
2024-11-08T16:16:17.780+07:00  INFO 3204 --- [job-backend] [restartedMain] vn.job.JobBackendApplication             : Started JobBackendApplication in 5.655 seconds (process running for 6.301)
2024-11-08T16:16:18.299+07:00  INFO 3204 --- [job-backend] [RMI TCP Connection(3)-172.31.176.1] o.a.c.c.C.[Tomcat].[localhost].[/]       : Initializing Spring DispatcherServlet 'dispatcherServlet'
2024-11-08T16:16:18.299+07:00  INFO 3204 --- [job-backend] [RMI TCP Connection(3)-172.31.176.1] o.s.web.servlet.DispatcherServlet        : Initializing Servlet 'dispatcherServlet'
2024-11-08T16:16:18.301+07:00  INFO 3204 --- [job-backend] [RMI TCP Connection(3)-172.31.176.1] o.s.web.servlet.DispatcherServlet        : Completed initialization in 2 ms
2024-11-08T16:16:25.311+07:00  INFO 3204 --- [job-backend] [http-nio-8080-exec-1] CUSTOMIZE-FILTER                         : -------------PreFilter----------------
2024-11-08T16:16:25.311+07:00  INFO 3204 --- [job-backend] [http-nio-8080-exec-1] CUSTOMIZE-FILTER                         : token: eyJhbGciOiJIUzUxMiJ9
2024-11-08T16:16:25.338+07:00  INFO 3204 --- [job-backend] [http-nio-8080-exec-1] CUSTOMIZE-FILTER                         : email: gplgarena@gmail.com
2024-11-08T16:16:25.515+07:00  INFO 3204 --- [job-backend] [http-nio-8080-exec-1] vn.job.controller.UserController         : Request detail user=5
2024-11-08T16:16:25.515+07:00  INFO 3204 --- [job-backend] [http-nio-8080-exec-1] vn.job.service.UserService               : ---------------get detail user---------------
2024-11-08T16:16:25.533+07:00  INFO 3204 --- [job-backend] [http-nio-8080-exec-1] vn.job.service.UserService               : Get User successfully
2024-11-08T16:16:32.881+07:00  INFO 3204 --- [job-backend] [http-nio-8080-exec-3] CUSTOMIZE-FILTER                         : -------------PreFilter----------------
2024-11-08T16:16:32.881+07:00  INFO 3204 --- [job-backend] [http-nio-8080-exec-3] CUSTOMIZE-FILTER                         : token: eyJhbGciOiJIUzUxMiJ9
2024-11-08T16:16:32.883+07:00  INFO 3204 --- [job-backend] [http-nio-8080-exec-3] CUSTOMIZE-FILTER                         : email: gplgarena@gmail.com
2024-11-08T16:16:32.897+07:00  INFO 3204 --- [job-backend] [http-nio-8080-exec-3] vn.job.controller.UserController         : Request list user
2024-11-08T16:16:32.897+07:00  INFO 3204 --- [job-backend] [http-nio-8080-exec-3] vn.job.service.UserService               : ---------------get all user---------------
2024-11-08T16:16:32.910+07:00  INFO 3204 --- [job-backend] [http-nio-8080-exec-3] vn.job.service.UserService               : ---------------get detail user---------------
2024-11-08T16:16:32.913+07:00  INFO 3204 --- [job-backend] [http-nio-8080-exec-3] vn.job.service.UserService               : Get User successfully
2024-11-08T16:16:32.913+07:00  INFO 3204 --- [job-backend] [http-nio-8080-exec-3] vn.job.service.UserService               : ---------------get detail user---------------
2024-11-08T16:16:32.914+07:00  INFO 3204 --- [job-backend] [http-nio-8080-exec-3] vn.job.service.UserService               : Get User successfully
2024-11-08T16:16:32.914+07:00  INFO 3204 --- [job-backend] [http-nio-8080-exec-3] vn.job.service.UserService               : Get All Users successfully
