2024-11-01T16:45:16.228+07:00  INFO 17520 --- [job-backend] [restartedMain] vn.job.JobBackendApplication             : Starting JobBackendApplication using Java 21.0.2 with PID 17520 (D:\SpringbootTayJava\project\job-backend\target\classes started by Admin in D:\SpringbootTayJava\project\job-backend)
2024-11-01T16:45:16.230+07:00  INFO 17520 --- [job-backend] [restartedMain] vn.job.JobBackendApplication             : The following 1 profile is active: "dev"
2024-11-01T16:45:18.030+07:00  INFO 17520 --- [job-backend] [restartedMain] o.apache.catalina.core.StandardService   : Starting service [Tomcat]
2024-11-01T16:45:18.040+07:00  INFO 17520 --- [job-backend] [restartedMain] o.apache.catalina.core.StandardEngine    : Starting Servlet engine: [Apache Tomcat/10.1.30]
2024-11-01T16:45:18.092+07:00  INFO 17520 --- [job-backend] [restartedMain] o.a.c.c.C.[Tomcat].[localhost].[/]       : Initializing Spring embedded WebApplicationContext
2024-11-01T16:45:18.367+07:00  INFO 17520 --- [job-backend] [restartedMain] o.hibernate.jpa.internal.util.LogHelper  : HHH000204: Processing PersistenceUnitInfo [name: default]
2024-11-01T16:45:18.413+07:00  INFO 17520 --- [job-backend] [restartedMain] org.hibernate.Version                    : HHH000412: Hibernate ORM core version 6.5.3.Final
2024-11-01T16:45:18.438+07:00  INFO 17520 --- [job-backend] [restartedMain] o.h.c.internal.RegionFactoryInitiator    : HHH000026: Second-level cache disabled
2024-11-01T16:45:18.683+07:00  INFO 17520 --- [job-backend] [restartedMain] com.zaxxer.hikari.HikariDataSource       : HikariPool-1 - Starting...
2024-11-01T16:45:18.811+07:00  INFO 17520 --- [job-backend] [restartedMain] com.zaxxer.hikari.pool.HikariPool        : HikariPool-1 - Added connection com.mysql.cj.jdbc.ConnectionImpl@6398ddbf
2024-11-01T16:45:18.813+07:00  INFO 17520 --- [job-backend] [restartedMain] com.zaxxer.hikari.HikariDataSource       : HikariPool-1 - Start completed.
2024-11-01T16:45:18.847+07:00  WARN 17520 --- [job-backend] [restartedMain] org.hibernate.orm.deprecation            : HHH90000025: MySQL8Dialect does not need to be specified explicitly using 'hibernate.dialect' (remove the property setting and it will be selected by default)
2024-11-01T16:45:18.848+07:00  WARN 17520 --- [job-backend] [restartedMain] org.hibernate.orm.deprecation            : HHH90000026: MySQL8Dialect has been deprecated; use org.hibernate.dialect.MySQLDialect instead
2024-11-01T16:45:19.643+07:00  INFO 17520 --- [job-backend] [restartedMain] o.h.e.t.j.p.i.JtaPlatformInitiator       : HHH000489: No JTA platform available (set 'hibernate.transaction.jta.platform' to enable JTA platform integration)
2024-11-01T16:45:20.708+07:00  INFO 17520 --- [job-backend] [restartedMain] o.s.b.a.e.web.EndpointLinksResolver      : Exposing 15 endpoints beneath base path '/actuator'
2024-11-01T16:45:21.394+07:00  INFO 17520 --- [job-backend] [restartedMain] vn.job.JobBackendApplication             : Started JobBackendApplication in 5.667 seconds (process running for 6.441)
2024-11-01T16:45:21.896+07:00  INFO 17520 --- [job-backend] [RMI TCP Connection(2)-172.21.16.1] o.a.c.c.C.[Tomcat].[localhost].[/]       : Initializing Spring DispatcherServlet 'dispatcherServlet'
2024-11-01T16:45:21.897+07:00  INFO 17520 --- [job-backend] [RMI TCP Connection(2)-172.21.16.1] o.s.web.servlet.DispatcherServlet        : Initializing Servlet 'dispatcherServlet'
2024-11-01T16:45:21.899+07:00  INFO 17520 --- [job-backend] [RMI TCP Connection(2)-172.21.16.1] o.s.web.servlet.DispatcherServlet        : Completed initialization in 2 ms
2024-11-01T16:45:25.545+07:00  INFO 17520 --- [job-backend] [http-nio-8080-exec-1] CUSTOMIZE-FILTER                         : -------------PreFilter----------------
2024-11-01T16:45:25.545+07:00  INFO 17520 --- [job-backend] [http-nio-8080-exec-1] CUSTOMIZE-FILTER                         : Authorization: null
2024-11-01T16:45:25.578+07:00  INFO 17520 --- [job-backend] [http-nio-8080-exec-1] vn.job.service.AuthService               : ---------------forgot password---------------
2024-11-01T16:45:25.714+07:00  INFO 17520 --- [job-backend] [task-1] vn.job.service.EmailService              : Sending reset password email to gplgarena@gmail.com
2024-11-01T16:45:42.074+07:00  INFO 17520 --- [job-backend] [task-1] vn.job.service.EmailService              : Reset password email sent successfully to gplgarena@gmail.com
2024-11-01T16:46:25.852+07:00  INFO 17520 --- [job-backend] [http-nio-8080-exec-2] CUSTOMIZE-FILTER                         : -------------PreFilter----------------
2024-11-01T16:46:25.852+07:00  INFO 17520 --- [job-backend] [http-nio-8080-exec-2] CUSTOMIZE-FILTER                         : Authorization: null
2024-11-01T16:46:25.858+07:00  INFO 17520 --- [job-backend] [http-nio-8080-exec-2] vn.job.service.AuthService               : ---------------reset password---------------
2024-11-01T16:46:25.973+07:00  INFO 17520 --- [job-backend] [http-nio-8080-exec-4] CUSTOMIZE-FILTER                         : -------------PreFilter----------------
2024-11-01T16:46:25.973+07:00  INFO 17520 --- [job-backend] [http-nio-8080-exec-4] CUSTOMIZE-FILTER                         : Authorization: null
2024-11-01T16:47:02.035+07:00  INFO 17520 --- [job-backend] [http-nio-8080-exec-7] CUSTOMIZE-FILTER                         : -------------PreFilter----------------
2024-11-01T16:47:02.035+07:00  INFO 17520 --- [job-backend] [http-nio-8080-exec-7] CUSTOMIZE-FILTER                         : Authorization: null
2024-11-01T16:47:02.036+07:00  INFO 17520 --- [job-backend] [http-nio-8080-exec-7] vn.job.service.AuthService               : ---------------reset password---------------
2024-11-01T16:48:38.916+07:00  INFO 17520 --- [job-backend] [SpringApplicationShutdownHook] com.zaxxer.hikari.HikariDataSource       : HikariPool-1 - Shutdown initiated...
2024-11-01T16:48:38.921+07:00  INFO 17520 --- [job-backend] [SpringApplicationShutdownHook] com.zaxxer.hikari.HikariDataSource       : HikariPool-1 - Shutdown completed.
